{"8d3176807bdc18a6047c2aa4248fca56":{"statistic":{"failed":11,"broken":1,"skipped":0,"passed":0,"unknown":0,"total":12},"items":[{"uid":"f6c4cd5237166b59","reportUrl":"https://GermanMalykh.github.io/pizzafabrika-test-improved/15/#testresult/f6c4cd5237166b59","status":"failed","statusDetails":"Element not found {[class*='list-item_content'].findBy(text \"Вологда\")}\nExpected: visible\nScreenshot: file:/home/runner/work/pizzafabrika-test-improved/pizzafabrika-test-improved/build/reports/tests/1771191820520.1.png\nPage source: file:/home/runner/work/pizzafabrika-test-improved/pizzafabrika-test-improved/build/reports/tests/1771191820520.1.html\nTimeout: 4 s.\nCaused by: NoSuchElementException: Cannot locate an element [class*='list-item_content'].findBy(text \"Вологда\")","time":{"start":1771191815225,"stop":1771191821621,"duration":6396}},{"uid":"2a61b85e530ac431","reportUrl":"https://GermanMalykh.github.io/pizzafabrika-test-improved/14/#testresult/2a61b85e530ac431","status":"failed","statusDetails":"Element not found {[class*='list-item_content'].findBy(text \"Вологда\")}\nExpected: visible\nScreenshot: file:/home/runner/work/pizzafabrika-test-improved/pizzafabrika-test-improved/build/reports/tests/1771191117323.1.png\nPage source: file:/home/runner/work/pizzafabrika-test-improved/pizzafabrika-test-improved/build/reports/tests/1771191117323.1.html\nTimeout: 4 s.\nCaused by: NoSuchElementException: Cannot locate an element [class*='list-item_content'].findBy(text \"Вологда\")","time":{"start":1771191112274,"stop":1771191118233,"duration":5959}},{"uid":"41892c5902c3db7e","reportUrl":"https://GermanMalykh.github.io/pizzafabrika-test-improved/13/#testresult/41892c5902c3db7e","status":"failed","statusDetails":"Element not found {[class*='list-item_content'].findBy(text \"Вологда\")}\nExpected: visible\nScreenshot: file:/home/runner/work/pizzafabrika-test-improved/pizzafabrika-test-improved/build/reports/tests/1771190823909.1.png\nPage source: file:/home/runner/work/pizzafabrika-test-improved/pizzafabrika-test-improved/build/reports/tests/1771190823909.1.html\nTimeout: 4 s.\nCaused by: NoSuchElementException: Cannot locate an element [class*='list-item_content'].findBy(text \"Вологда\")","time":{"start":1771190818943,"stop":1771190825088,"duration":6145}},{"uid":"2e9fb74aa6b97045","reportUrl":"https://GermanMalykh.github.io/pizzafabrika-test-improved/12/#testresult/2e9fb74aa6b97045","status":"failed","statusDetails":"Element not found {[class*='list-item_content'].findBy(text \"Вологда\")}\nExpected: visible\nScreenshot: file:/home/runner/work/pizzafabrika-test-improved/pizzafabrika-test-improved/build/reports/tests/1771190486569.1.png\nPage source: file:/home/runner/work/pizzafabrika-test-improved/pizzafabrika-test-improved/build/reports/tests/1771190486569.1.html\nTimeout: 4 s.\nCaused by: NoSuchElementException: Cannot locate an element [class*='list-item_content'].findBy(text \"Вологда\")","time":{"start":1771190481528,"stop":1771190487732,"duration":6204}},{"uid":"aa3c4a4d676b4d44","reportUrl":"https://GermanMalykh.github.io/pizzafabrika-test-improved/11/#testresult/aa3c4a4d676b4d44","status":"failed","statusDetails":"Element not found {[class*='list-item_content'].findBy(text \"Вологда\")}\nExpected: visible\nScreenshot: file:/home/runner/work/pizzafabrika-test-improved/pizzafabrika-test-improved/build/reports/tests/1771180253674.1.png\nPage source: file:/home/runner/work/pizzafabrika-test-improved/pizzafabrika-test-improved/build/reports/tests/1771180253674.1.html\nTimeout: 4 s.\nCaused by: NoSuchElementException: Cannot locate an element [class*='list-item_content'].findBy(text \"Вологда\")","time":{"start":1771180248474,"stop":1771180254828,"duration":6354}},{"uid":"bb227f3caca00782","reportUrl":"https://GermanMalykh.github.io/pizzafabrika-test-improved/9/#testresult/bb227f3caca00782","status":"failed","statusDetails":"Element not found {[class*='list-item_content'].findBy(text \"Вологда\")}\nExpected: visible\nScreenshot: file:/home/runner/work/pizzafabrika-test-improved/pizzafabrika-test-improved/build/reports/tests/1771173586735.1.png\nPage source: file:/home/runner/work/pizzafabrika-test-improved/pizzafabrika-test-improved/build/reports/tests/1771173586735.1.html\nTimeout: 4 s.\nCaused by: NoSuchElementException: Cannot locate an element [class*='list-item_content'].findBy(text \"Вологда\")","time":{"start":1771173581396,"stop":1771173587866,"duration":6470}},{"uid":"4bf74a8b4477d423","reportUrl":"https://GermanMalykh.github.io/pizzafabrika-test-improved/8/#testresult/4bf74a8b4477d423","status":"failed","statusDetails":"Element not found {[class*='list-item_content'].findBy(text \"Вологда\")}\nExpected: visible\nScreenshot: file:/home/runner/work/pizzafabrika-test-improved/pizzafabrika-test-improved/build/reports/tests/1771173002565.1.png\nPage source: file:/home/runner/work/pizzafabrika-test-improved/pizzafabrika-test-improved/build/reports/tests/1771173002565.1.html\nTimeout: 4 s.\nCaused by: NoSuchElementException: Cannot locate an element [class*='list-item_content'].findBy(text \"Вологда\")","time":{"start":1771172996089,"stop":1771173003786,"duration":7697}},{"uid":"b44d19413b3d0a30","reportUrl":"https://GermanMalykh.github.io/pizzafabrika-test-improved/7/#testresult/b44d19413b3d0a30","status":"failed","statusDetails":"Element not found {[class*='list-item_content'].findBy(text \"Вологда\")}\nExpected: visible\nScreenshot: file:/home/runner/work/pizzafabrika-test-improved/pizzafabrika-test-improved/build/reports/tests/1771172779337.1.png\nPage source: file:/home/runner/work/pizzafabrika-test-improved/pizzafabrika-test-improved/build/reports/tests/1771172779337.1.html\nTimeout: 4 s.\nCaused by: NoSuchElementException: Cannot locate an element [class*='list-item_content'].findBy(text \"Вологда\")","time":{"start":1771172771331,"stop":1771172780408,"duration":9077}},{"uid":"229ba10c6b9325a4","reportUrl":"https://GermanMalykh.github.io/pizzafabrika-test-improved/6/#testresult/229ba10c6b9325a4","status":"failed","statusDetails":"Element not found {[class*='list-item_content'].findBy(text \"Вологда\")}\nExpected: visible\nScreenshot: file:/home/runner/work/pizzafabrika-test-improved/pizzafabrika-test-improved/build/reports/tests/1771172773256.1.png\nPage source: file:/home/runner/work/pizzafabrika-test-improved/pizzafabrika-test-improved/build/reports/tests/1771172773256.1.html\nTimeout: 4 s.\nCaused by: NoSuchElementException: Cannot locate an element [class*='list-item_content'].findBy(text \"Вологда\")","time":{"start":1771172767826,"stop":1771172774324,"duration":6498}},{"uid":"ccb275cdf5ef6036","reportUrl":"https://GermanMalykh.github.io/pizzafabrika-test-improved/5/#testresult/ccb275cdf5ef6036","status":"failed","statusDetails":"Element not found {[class*='list-item_content'].findBy(text \"Вологда\")}\nExpected: visible\nScreenshot: file:/home/runner/work/pizzafabrika-test-improved/pizzafabrika-test-improved/build/reports/tests/1771171387064.1.png\nPage source: file:/home/runner/work/pizzafabrika-test-improved/pizzafabrika-test-improved/build/reports/tests/1771171387064.1.html\nTimeout: 4 s.\nCaused by: NoSuchElementException: Cannot locate an element [class*='list-item_content'].findBy(text \"Вологда\")","time":{"start":1771171381537,"stop":1771171388170,"duration":6633}},{"uid":"f48e3bb3dd9fc125","reportUrl":"https://GermanMalykh.github.io/pizzafabrika-test-improved/4/#testresult/f48e3bb3dd9fc125","status":"failed","statusDetails":"Element not found {[class*='list-item_content'].findBy(text \"Вологда\")}\nExpected: visible\nScreenshot: file:/home/runner/work/pizzafabrika-test-improved/pizzafabrika-test-improved/build/reports/tests/1771171084529.1.png\nPage source: file:/home/runner/work/pizzafabrika-test-improved/pizzafabrika-test-improved/build/reports/tests/1771171084529.1.html\nTimeout: 4 s.\nCaused by: NoSuchElementException: Cannot locate an element [class*='list-item_content'].findBy(text \"Вологда\")","time":{"start":1771171079467,"stop":1771171085421,"duration":5954}},{"uid":"4f041ed1aad172a3","reportUrl":"https://GermanMalykh.github.io/pizzafabrika-test-improved/3/#testresult/4f041ed1aad172a3","status":"broken","statusDetails":"Could not start a new session. Response code 500. Message: session not created: DevToolsActivePort file doesn't exist \nHost info: host: 'runnervmjduv7', ip: '10.1.0.114'\nBuild info: version: '4.39.0', revision: '126f156aee'\nSystem info: os.name: 'Linux', os.arch: 'amd64', os.version: '6.14.0-1017-azure', java.version: '17.0.18'\nDriver info: org.openqa.selenium.chrome.ChromeDriver\nCommand: [null, newSession {capabilities=[Capabilities {acceptInsecureCerts: true, browserName: chrome, goog:chromeOptions: {args: [--headless=new, --proxy-bypass-list=<-loopb..., --disable-dev-shm-usage, --disable-search-engine-cho..., --unsafely-disable-devtools..., --disable-smooth-scrolling, --no-sandbox, --disable-gpu, --disable-background-networ..., --enable-features=NetworkSe..., --disable-background-timer-..., --disable-backgrounding-occ..., --disable-breakpad, --disable-client-side-phish..., --disable-component-extensi..., --disable-default-apps, --disable-features=TranslateUI, --disable-hang-monitor, --disable-ipc-flooding-prot..., --disable-popup-blocking, --disable-prompt-on-repost, --disable-renderer-backgrou..., --disable-sync, --force-color-profile=srgb, --metrics-recording-only, --no-first-run, --password-store=basic, --use-mock-keychain, --hide-scrollbars, --mute-audio, --window-size=1920,1080], binary: /usr/bin/google-chrome, excludeSwitches: [enable-automation, load-extension], extensions: [], prefs: {autofill.credit_card_enabled: false, autofill.profile_enabled: false, credentials_enable_service: false, download.default_directory: /home/runner/work/pizzafabr..., plugins.always_open_pdf_externally: true, profile.default_content_setting_values.automatic_downloads: 1, profile.password_manager_enabled: false, profile.password_manager_leak_detection: false, safebrowsing.enabled: true}}, pageLoadStrategy: eager, unhandledPromptBehavior: accept}]}]\nselenide.url: https://pizzafabrika.ru\nselenide.baseUrl: https://pizzafabrika.ru","time":{"start":1771168802627,"stop":1771168863037,"duration":60410}}]},"7d52826284f837cc0d42c13169262224":{"statistic":{"failed":0,"broken":2,"skipped":0,"passed":0,"unknown":0,"total":2},"items":[{"uid":"c9a80261d20f74b8","reportUrl":"https://GermanMalykh.github.io/pizzafabrika-test-improved/15/#testresult/c9a80261d20f74b8","status":"broken","statusDetails":"Could not start a new session. Response code 500. Message: Cannot verify the signature of '/home/runner/work/pizzafabrika-test-improved/pizzafabrika-test-improved/src/test/resources/example.apk'. Original error: Could not find 'apksigner.jar' in [\"/home/runner/android-sdk/platform-tools/apksigner.jar\",\"/home/runner/android-sdk/emulator/apksigner.jar\",\"/home/runner/android-sdk/cmdline-tools/latest/bin/apksigner.jar\",\"/home/runner/android-sdk/tools/apksigner.jar\",\"/home/runner/android-sdk/tools/bin/apksigner.jar\",\"/home/runner/android-sdk/apksigner.jar\"]. Do you have Android Build Tools installed at '/home/runner/android-sdk'? \nHost info: host: 'runnervmjduv7', ip: '10.1.0.214'\nBuild info: version: '4.39.0', revision: '126f156aee'\nSystem info: os.name: 'Linux', os.arch: 'amd64', os.version: '6.14.0-1017-azure', java.version: '17.0.18'\nDriver info: io.appium.java_client.android.AndroidDriver\nCommand: [null, newSession {capabilities=[Capabilities {appium:app: /home/runner/work/pizzafabr..., appium:appActivity: com.example.kaspresso.MainA..., appium:appPackage: com.example.kaspresso, appium:automationName: UIAutomator2, appium:deviceName: Pixel 4 API 31, appium:platformVersion: 12.0, platformName: ANDROID}]}]\nCapabilities {appium:app: /home/runner/work/pizzafabr..., appium:appActivity: com.example.kaspresso.MainA..., appium:appPackage: com.example.kaspresso, appium:automationName: UIAutomator2, appium:deviceName: Pixel 4 API 31, appium:platformVersion: 12.0, platformName: ANDROID}","time":{"start":1771191913167,"stop":1771191917765,"duration":4598}},{"uid":"719ae65cf402fd2","reportUrl":"https://GermanMalykh.github.io/pizzafabrika-test-improved/14/#testresult/719ae65cf402fd2","status":"broken","statusDetails":"Could not start a new session. Response code 404. Message: The requested resource could not be found, or a request was received using an HTTP method that is not supported by the mapped resource. \nHost info: host: 'runnervmjduv7', ip: '10.1.0.178'\nBuild info: version: '4.39.0', revision: '126f156aee'\nSystem info: os.name: 'Linux', os.arch: 'amd64', os.version: '6.14.0-1017-azure', java.version: '17.0.18'\nDriver info: io.appium.java_client.android.AndroidDriver\nCommand: [null, newSession {capabilities=[Capabilities {appium:app: /home/runner/work/pizzafabr..., appium:appActivity: com.example.kaspresso.MainA..., appium:appPackage: com.example.kaspresso, appium:automationName: UIAutomator2, appium:deviceName: Pixel 4 API 31, appium:platformVersion: 12.0, platformName: ANDROID}]}]\nCapabilities {appium:app: /home/runner/work/pizzafabr..., appium:appActivity: com.example.kaspresso.MainA..., appium:appPackage: com.example.kaspresso, appium:automationName: UIAutomator2, appium:deviceName: Pixel 4 API 31, appium:platformVersion: 12.0, platformName: ANDROID}","time":{"start":1771191339972,"stop":1771191341214,"duration":1242}}]},"c3c41951f0e9eb904ffa8f5a15681fb1":{"statistic":{"failed":11,"broken":1,"skipped":0,"passed":0,"unknown":0,"total":12},"items":[{"uid":"65d8f7add1a7ab1a","reportUrl":"https://GermanMalykh.github.io/pizzafabrika-test-improved/15/#testresult/65d8f7add1a7ab1a","status":"failed","statusDetails":"Invalid element state [[class*='switcher_tab-label'].findBy(text \"Средняя\")]: element click intercepted: Element <span class=\"switcher_tab-label__Ubdnl\">...</span> is not clickable at point (11, 321). Other element would receive the click: <div class=\"product-slider-content_desktop_embla__slide__PKRv9 product-slider-content_desktop_clickable__mKkka\" role=\"button\" tabindex=\"0\">...</div>\nScreenshot: file:/home/runner/work/pizzafabrika-test-improved/pizzafabrika-test-improved/build/reports/tests/1771191813333.0.png\nPage source: file:/home/runner/work/pizzafabrika-test-improved/pizzafabrika-test-improved/build/reports/tests/1771191813333.0.html\nTimeout: 4 s.\nCaused by: ElementClickInterceptedException: element click intercepted: Element <span class=\"switcher_tab-label__Ubdnl\">...</span> is not clickable at point (11, 321). Other element would receive the click: <div class=\"product-slider-content_desktop_embla__slide__PKRv9 product-slider-content_desktop_clickable__mKkka\" role=\"button\" tabindex=\"0\">...</div>","time":{"start":1771191783524,"stop":1771191815083,"duration":31559}},{"uid":"eb6ca04630bdbd9f","reportUrl":"https://GermanMalykh.github.io/pizzafabrika-test-improved/14/#testresult/eb6ca04630bdbd9f","status":"failed","statusDetails":"Element not found {[class*='switcher_tab-label'].findBy(text \"Большая\")}\nExpected: visible\nScreenshot: file:/home/runner/work/pizzafabrika-test-improved/pizzafabrika-test-improved/build/reports/tests/1771191110623.0.png\nPage source: file:/home/runner/work/pizzafabrika-test-improved/pizzafabrika-test-improved/build/reports/tests/1771191110623.0.html\nTimeout: 4 s.\nCaused by: NoSuchElementException: Cannot locate an element [class*='switcher_tab-label'].findBy(text \"Большая\")","time":{"start":1771191091274,"stop":1771191112152,"duration":20878}},{"uid":"2a3901965925c7e3","reportUrl":"https://GermanMalykh.github.io/pizzafabrika-test-improved/13/#testresult/2a3901965925c7e3","status":"failed","statusDetails":"Element not found {[class*='switcher_tab-label'].findBy(text \"Большая\")}\nExpected: visible\nScreenshot: file:/home/runner/work/pizzafabrika-test-improved/pizzafabrika-test-improved/build/reports/tests/1771190817255.0.png\nPage source: file:/home/runner/work/pizzafabrika-test-improved/pizzafabrika-test-improved/build/reports/tests/1771190817255.0.html\nTimeout: 4 s.\nCaused by: NoSuchElementException: Cannot locate an element [class*='switcher_tab-label'].findBy(text \"Большая\")","time":{"start":1771190801309,"stop":1771190818827,"duration":17518}},{"uid":"7a0c2ed86740f867","reportUrl":"https://GermanMalykh.github.io/pizzafabrika-test-improved/12/#testresult/7a0c2ed86740f867","status":"failed","statusDetails":"Element not found {[class*='switcher_tab-label'].findBy(text \"Большая\")}\nExpected: visible\nScreenshot: file:/home/runner/work/pizzafabrika-test-improved/pizzafabrika-test-improved/build/reports/tests/1771190479839.0.png\nPage source: file:/home/runner/work/pizzafabrika-test-improved/pizzafabrika-test-improved/build/reports/tests/1771190479839.0.html\nTimeout: 4 s.\nCaused by: NoSuchElementException: Cannot locate an element [class*='switcher_tab-label'].findBy(text \"Большая\")","time":{"start":1771190458779,"stop":1771190481411,"duration":22632}},{"uid":"8f6434dc26a7eac","reportUrl":"https://GermanMalykh.github.io/pizzafabrika-test-improved/11/#testresult/8f6434dc26a7eac","status":"failed","statusDetails":"Element not found {[class*='switcher_tab-label'].findBy(text \"Большая\")}\nExpected: visible\nScreenshot: file:/home/runner/work/pizzafabrika-test-improved/pizzafabrika-test-improved/build/reports/tests/1771180246516.0.png\nPage source: file:/home/runner/work/pizzafabrika-test-improved/pizzafabrika-test-improved/build/reports/tests/1771180246516.0.html\nTimeout: 4 s.\nCaused by: NoSuchElementException: Cannot locate an element [class*='switcher_tab-label'].findBy(text \"Большая\")","time":{"start":1771180231155,"stop":1771180248332,"duration":17177}},{"uid":"452397c862674d9","reportUrl":"https://GermanMalykh.github.io/pizzafabrika-test-improved/9/#testresult/452397c862674d9","status":"failed","statusDetails":"Invalid element state [[class*='switcher_tab-label'].findBy(text \"Средняя\")]: element click intercepted: Element <span class=\"switcher_tab-label__Ubdnl\">...</span> is not clickable at point (11, 321). Other element would receive the click: <div class=\"product-slider-content_desktop_embla__slide__PKRv9 product-slider-content_desktop_clickable__mKkka\" role=\"button\" tabindex=\"0\">...</div>\nScreenshot: file:/home/runner/work/pizzafabrika-test-improved/pizzafabrika-test-improved/build/reports/tests/1771173579571.0.png\nPage source: file:/home/runner/work/pizzafabrika-test-improved/pizzafabrika-test-improved/build/reports/tests/1771173579571.0.html\nTimeout: 4 s.\nCaused by: ElementClickInterceptedException: element click intercepted: Element <span class=\"switcher_tab-label__Ubdnl\">...</span> is not clickable at point (11, 321). Other element would receive the click: <div class=\"product-slider-content_desktop_embla__slide__PKRv9 product-slider-content_desktop_clickable__mKkka\" role=\"button\" tabindex=\"0\">...</div>","time":{"start":1771173549141,"stop":1771173581244,"duration":32103}},{"uid":"a5c2616293ae4926","reportUrl":"https://GermanMalykh.github.io/pizzafabrika-test-improved/8/#testresult/a5c2616293ae4926","status":"failed","statusDetails":"Element not found {[class*='switcher_tab-label'].findBy(text \"Большая\")}\nExpected: visible\nScreenshot: file:/home/runner/work/pizzafabrika-test-improved/pizzafabrika-test-improved/build/reports/tests/1771172994081.0.png\nPage source: file:/home/runner/work/pizzafabrika-test-improved/pizzafabrika-test-improved/build/reports/tests/1771172994081.0.html\nTimeout: 4 s.\nCaused by: NoSuchElementException: Cannot locate an element [class*='switcher_tab-label'].findBy(text \"Большая\")","time":{"start":1771172979668,"stop":1771172995963,"duration":16295}},{"uid":"97bf1546e8b6a405","reportUrl":"https://GermanMalykh.github.io/pizzafabrika-test-improved/7/#testresult/97bf1546e8b6a405","status":"failed","statusDetails":"Invalid element state [[class*='switcher_tab-label'].findBy(text \"Средняя\")]: element click intercepted: Element <span class=\"switcher_tab-label__Ubdnl\">...</span> is not clickable at point (11, 321). Other element would receive the click: <div class=\"product-slider-content_desktop_embla__slide__PKRv9 product-slider-content_desktop_clickable__mKkka\" role=\"button\" tabindex=\"0\">...</div>\nScreenshot: file:/home/runner/work/pizzafabrika-test-improved/pizzafabrika-test-improved/build/reports/tests/1771172769742.0.png\nPage source: file:/home/runner/work/pizzafabrika-test-improved/pizzafabrika-test-improved/build/reports/tests/1771172769742.0.html\nTimeout: 4 s.\nCaused by: ElementClickInterceptedException: element click intercepted: Element <span class=\"switcher_tab-label__Ubdnl\">...</span> is not clickable at point (11, 321). Other element would receive the click: <div class=\"product-slider-content_desktop_embla__slide__PKRv9 product-slider-content_desktop_clickable__mKkka\" role=\"button\" tabindex=\"0\">...</div>","time":{"start":1771172747296,"stop":1771172771203,"duration":23907}},{"uid":"765423378aa12f84","reportUrl":"https://GermanMalykh.github.io/pizzafabrika-test-improved/6/#testresult/765423378aa12f84","status":"failed","statusDetails":"Invalid element state [[class*='switcher_tab-label'].findBy(text \"Средняя\")]: element click intercepted: Element <span class=\"switcher_tab-label__Ubdnl\">...</span> is not clickable at point (11, 321). Other element would receive the click: <div class=\"product-slider-content_desktop_embla__slide__PKRv9 product-slider-content_desktop_clickable__mKkka\" role=\"button\" tabindex=\"0\">...</div>\nScreenshot: file:/home/runner/work/pizzafabrika-test-improved/pizzafabrika-test-improved/build/reports/tests/1771172766300.0.png\nPage source: file:/home/runner/work/pizzafabrika-test-improved/pizzafabrika-test-improved/build/reports/tests/1771172766300.0.html\nTimeout: 4 s.\nCaused by: ElementClickInterceptedException: element click intercepted: Element <span class=\"switcher_tab-label__Ubdnl\">...</span> is not clickable at point (11, 321). Other element would receive the click: <div class=\"product-slider-content_desktop_embla__slide__PKRv9 product-slider-content_desktop_clickable__mKkka\" role=\"button\" tabindex=\"0\">...</div>","time":{"start":1771172746303,"stop":1771172767701,"duration":21398}},{"uid":"947fd9bf0456c8f5","reportUrl":"https://GermanMalykh.github.io/pizzafabrika-test-improved/5/#testresult/947fd9bf0456c8f5","status":"failed","statusDetails":"Invalid element state [[class*='switcher_tab-label'].findBy(text \"Средняя\")]: element click intercepted: Element <span class=\"switcher_tab-label__Ubdnl\">...</span> is not clickable at point (11, 321). Other element would receive the click: <div class=\"product-slider-content_desktop_embla__slide__PKRv9 product-slider-content_desktop_clickable__mKkka\" role=\"button\" tabindex=\"0\">...</div>\nScreenshot: file:/home/runner/work/pizzafabrika-test-improved/pizzafabrika-test-improved/build/reports/tests/1771171379800.0.png\nPage source: file:/home/runner/work/pizzafabrika-test-improved/pizzafabrika-test-improved/build/reports/tests/1771171379800.0.html\nTimeout: 4 s.\nCaused by: ElementClickInterceptedException: element click intercepted: Element <span class=\"switcher_tab-label__Ubdnl\">...</span> is not clickable at point (11, 321). Other element would receive the click: <div class=\"product-slider-content_desktop_embla__slide__PKRv9 product-slider-content_desktop_clickable__mKkka\" role=\"button\" tabindex=\"0\">...</div>","time":{"start":1771171358293,"stop":1771171381409,"duration":23116}},{"uid":"1daecbeb2a36e99b","reportUrl":"https://GermanMalykh.github.io/pizzafabrika-test-improved/4/#testresult/1daecbeb2a36e99b","status":"failed","statusDetails":"Element not found {[class*='switcher_tab-label'].findBy(text \"Большая\")}\nExpected: visible\nScreenshot: file:/home/runner/work/pizzafabrika-test-improved/pizzafabrika-test-improved/build/reports/tests/1771171077750.0.png\nPage source: file:/home/runner/work/pizzafabrika-test-improved/pizzafabrika-test-improved/build/reports/tests/1771171077750.0.html\nTimeout: 4 s.\nCaused by: NoSuchElementException: Cannot locate an element [class*='switcher_tab-label'].findBy(text \"Большая\")","time":{"start":1771171057993,"stop":1771171079353,"duration":21360}},{"uid":"17df64c965c7ad5b","reportUrl":"https://GermanMalykh.github.io/pizzafabrika-test-improved/3/#testresult/17df64c965c7ad5b","status":"broken","statusDetails":"Could not start a new session. Response code 500. Message: session not created: DevToolsActivePort file doesn't exist \nHost info: host: 'runnervmjduv7', ip: '10.1.0.114'\nBuild info: version: '4.39.0', revision: '126f156aee'\nSystem info: os.name: 'Linux', os.arch: 'amd64', os.version: '6.14.0-1017-azure', java.version: '17.0.18'\nDriver info: org.openqa.selenium.chrome.ChromeDriver\nCommand: [null, newSession {capabilities=[Capabilities {acceptInsecureCerts: true, browserName: chrome, goog:chromeOptions: {args: [--headless=new, --proxy-bypass-list=<-loopb..., --disable-dev-shm-usage, --disable-search-engine-cho..., --unsafely-disable-devtools..., --disable-smooth-scrolling, --no-sandbox, --disable-gpu, --disable-background-networ..., --enable-features=NetworkSe..., --disable-background-timer-..., --disable-backgrounding-occ..., --disable-breakpad, --disable-client-side-phish..., --disable-component-extensi..., --disable-default-apps, --disable-features=TranslateUI, --disable-hang-monitor, --disable-ipc-flooding-prot..., --disable-popup-blocking, --disable-prompt-on-repost, --disable-renderer-backgrou..., --disable-sync, --force-color-profile=srgb, --metrics-recording-only, --no-first-run, --password-store=basic, --use-mock-keychain, --hide-scrollbars, --mute-audio, --window-size=1920,1080], binary: /usr/bin/google-chrome, excludeSwitches: [enable-automation, load-extension], extensions: [], prefs: {autofill.credit_card_enabled: false, autofill.profile_enabled: false, credentials_enable_service: false, download.default_directory: /home/runner/work/pizzafabr..., plugins.always_open_pdf_externally: true, profile.default_content_setting_values.automatic_downloads: 1, profile.password_manager_enabled: false, profile.password_manager_leak_detection: false, safebrowsing.enabled: true}}, pageLoadStrategy: eager, unhandledPromptBehavior: accept}]}]\nselenide.url: https://pizzafabrika.ru/vologda\nselenide.baseUrl: https://pizzafabrika.ru","time":{"start":1771168740981,"stop":1771168802510,"duration":61529}}]}}