{"uid":"452397c862674d9","name":"Добавление товара в корзину","fullName":"tests_ui.AddToCartTest.addPizzaToCartTest","historyId":"c3c41951f0e9eb904ffa8f5a15681fb1","time":{"start":1771173549141,"stop":1771173581244,"duration":32103},"description":"","status":"failed","statusMessage":"Invalid element state [[class*='switcher_tab-label'].findBy(text \"Средняя\")]: element click intercepted: Element <span class=\"switcher_tab-label__Ubdnl\">...</span> is not clickable at point (11, 321). Other element would receive the click: <div class=\"product-slider-content_desktop_embla__slide__PKRv9 product-slider-content_desktop_clickable__mKkka\" role=\"button\" tabindex=\"0\">...</div>\nScreenshot: file:/home/runner/work/pizzafabrika-test-improved/pizzafabrika-test-improved/build/reports/tests/1771173579571.0.png\nPage source: file:/home/runner/work/pizzafabrika-test-improved/pizzafabrika-test-improved/build/reports/tests/1771173579571.0.html\nTimeout: 4 s.\nCaused by: ElementClickInterceptedException: element click intercepted: Element <span class=\"switcher_tab-label__Ubdnl\">...</span> is not clickable at point (11, 321). Other element would receive the click: <div class=\"product-slider-content_desktop_embla__slide__PKRv9 product-slider-content_desktop_clickable__mKkka\" role=\"button\" tabindex=\"0\">...</div>","statusTrace":"Invalid element state [[class*='switcher_tab-label'].findBy(text \"Средняя\")]: element click intercepted: Element <span class=\"switcher_tab-label__Ubdnl\">...</span> is not clickable at point (11, 321). Other element would receive the click: <div class=\"product-slider-content_desktop_embla__slide__PKRv9 product-slider-content_desktop_clickable__mKkka\" role=\"button\" tabindex=\"0\">...</div>\nScreenshot: file:/home/runner/work/pizzafabrika-test-improved/pizzafabrika-test-improved/build/reports/tests/1771173579571.0.png\nPage source: file:/home/runner/work/pizzafabrika-test-improved/pizzafabrika-test-improved/build/reports/tests/1771173579571.0.html\nTimeout: 4 s.\nCaused by: ElementClickInterceptedException: element click intercepted: Element <span class=\"switcher_tab-label__Ubdnl\">...</span> is not clickable at point (11, 321). Other element would receive the click: <div class=\"product-slider-content_desktop_embla__slide__PKRv9 product-slider-content_desktop_clickable__mKkka\" role=\"button\" tabindex=\"0\">...</div>\n\tat com.codeborne.selenide.impl.ExceptionWrapper.wrap(ExceptionWrapper.java:19)\n\tat com.codeborne.selenide.impl.SelenideElementProxy.dispatchAndRetry(SelenideElementProxy.java:171)\n\tat com.codeborne.selenide.impl.SelenideElementProxy.invoke(SelenideElementProxy.java:89)\n\tat jdk.proxy3/jdk.proxy3.$Proxy13.click(Unknown Source)\n\tat ui_pages.CatalogPage.selectMediumPizza(CatalogPage.java:62)\n\tat tests_ui.AddToCartTest.addPizzaToCartTest(AddToCartTest.java:24)\n\tat java.base/java.lang.reflect.Method.invoke(Method.java:569)\n\tat java.base/java.util.ArrayList.forEach(ArrayList.java:1511)\n\tat java.base/java.util.ArrayList.forEach(ArrayList.java:1511)\nCaused by: org.openqa.selenium.ElementClickInterceptedException: element click intercepted: Element <span class=\"switcher_tab-label__Ubdnl\">...</span> is not clickable at point (11, 321). Other element would receive the click: <div class=\"product-slider-content_desktop_embla__slide__PKRv9 product-slider-content_desktop_clickable__mKkka\" role=\"button\" tabindex=\"0\">...</div>\n  (Session info: chrome=144.0.7559.132)\nBuild info: version: '4.39.0', revision: '126f156aee'\nSystem info: os.name: 'Linux', os.arch: 'amd64', os.version: '6.14.0-1017-azure', java.version: '17.0.18'\nDriver info: org.openqa.selenium.chrome.ChromeDriver\nCommand: [b5abe0ff8863c4c7b46c9b56edaa85ad, clickElement {id=f.24DB0733E3104FA36E673325019C8080.d.3E66386492290ACA877AC126891AAB24.e.154}]\nCapabilities {acceptInsecureCerts: true, browserName: chrome, browserVersion: 144.0.7559.132, chrome: {chromedriverVersion: 144.0.7559.133 (7da823b1d59..., userDataDir: /tmp/org.chromium.Chromium....}, fedcm:accounts: true, goog:chromeOptions: {debuggerAddress: localhost:32839}, goog:processID: 2572, networkConnectionEnabled: false, pageLoadStrategy: eager, platformName: linux, proxy: Proxy(), se:cdp: ws://localhost:32839/devtoo..., se:cdpVersion: 144.0.7559.132, setWindowRect: true, strictFileInteractability: false, timeouts: {implicit: 0, pageLoad: 300000, script: 30000}, unhandledPromptBehavior: accept, webauthn:extension:credBlob: true, webauthn:extension:largeBlob: true, webauthn:extension:minPinLength: true, webauthn:extension:prf: true, webauthn:virtualAuthenticators: true}\nElement: [[ChromeDriver: chrome on linux (b5abe0ff8863c4c7b46c9b56edaa85ad)] -> css selector: [class*='switcher_tab-label']]\nSession ID: b5abe0ff8863c4c7b46c9b56edaa85ad\n\tat java.base/jdk.internal.reflect.NativeConstructorAccessorImpl.newInstance0(Native Method)\n\tat java.base/jdk.internal.reflect.NativeConstructorAccessorImpl.newInstance(NativeConstructorAccessorImpl.java:77)\n\tat java.base/jdk.internal.reflect.DelegatingConstructorAccessorImpl.newInstance(DelegatingConstructorAccessorImpl.java:45)\n\tat java.base/java.lang.reflect.Constructor.newInstanceWithCaller(Constructor.java:500)\n\tat java.base/java.lang.reflect.Constructor.newInstance(Constructor.java:481)\n\tat org.openqa.selenium.remote.ErrorCodec.decode(ErrorCodec.java:167)\n\tat org.openqa.selenium.remote.codec.w3c.W3CHttpResponseCodec.decode(W3CHttpResponseCodec.java:142)\n\tat org.openqa.selenium.remote.codec.w3c.W3CHttpResponseCodec.decode(W3CHttpResponseCodec.java:49)\n\tat org.openqa.selenium.remote.HttpCommandExecutor.execute(HttpCommandExecutor.java:215)\n\tat org.openqa.selenium.remote.service.DriverCommandExecutor.invokeExecute(DriverCommandExecutor.java:216)\n\tat org.openqa.selenium.remote.service.DriverCommandExecutor.execute(DriverCommandExecutor.java:174)\n\tat org.openqa.selenium.remote.RemoteWebDriver.execute(RemoteWebDriver.java:561)\n\tat org.openqa.selenium.remote.RemoteWebElement.execute(RemoteWebElement.java:223)\n\tat org.openqa.selenium.remote.RemoteWebElement.click(RemoteWebElement.java:76)\n\tat com.codeborne.selenide.commands.Click.defaultClick(Click.java:105)\n\tat com.codeborne.selenide.commands.Click.doClick(Click.java:83)\n\tat com.codeborne.selenide.commands.Click.click(Click.java:59)\n\tat com.codeborne.selenide.commands.Click.execute(Click.java:39)\n\tat com.codeborne.selenide.FluentCommand.execute(FluentCommand.java:27)\n\tat com.codeborne.selenide.FluentCommand.execute(FluentCommand.java:19)\n\tat com.codeborne.selenide.commands.Commands.execute(Commands.java:161)\n\tat com.codeborne.selenide.impl.SelenideElementProxy.dispatchAndRetry(SelenideElementProxy.java:137)\n\t... 7 more\n","flaky":false,"newFailed":false,"newBroken":false,"newPassed":false,"retriesCount":0,"retriesStatusChange":false,"beforeStages":[{"name":"setup","time":{"start":1771173548887,"stop":1771173548909,"duration":22},"status":"passed","steps":[],"attachments":[],"parameters":[],"stepsCount":0,"shouldDisplayMessage":false,"attachmentsCount":0,"hasContent":false,"attachmentStep":false}],"testStage":{"description":"","status":"failed","statusMessage":"Invalid element state [[class*='switcher_tab-label'].findBy(text \"Средняя\")]: element click intercepted: Element <span class=\"switcher_tab-label__Ubdnl\">...</span> is not clickable at point (11, 321). Other element would receive the click: <div class=\"product-slider-content_desktop_embla__slide__PKRv9 product-slider-content_desktop_clickable__mKkka\" role=\"button\" tabindex=\"0\">...</div>\nScreenshot: file:/home/runner/work/pizzafabrika-test-improved/pizzafabrika-test-improved/build/reports/tests/1771173579571.0.png\nPage source: file:/home/runner/work/pizzafabrika-test-improved/pizzafabrika-test-improved/build/reports/tests/1771173579571.0.html\nTimeout: 4 s.\nCaused by: ElementClickInterceptedException: element click intercepted: Element <span class=\"switcher_tab-label__Ubdnl\">...</span> is not clickable at point (11, 321). Other element would receive the click: <div class=\"product-slider-content_desktop_embla__slide__PKRv9 product-slider-content_desktop_clickable__mKkka\" role=\"button\" tabindex=\"0\">...</div>","statusTrace":"Invalid element state [[class*='switcher_tab-label'].findBy(text \"Средняя\")]: element click intercepted: Element <span class=\"switcher_tab-label__Ubdnl\">...</span> is not clickable at point (11, 321). Other element would receive the click: <div class=\"product-slider-content_desktop_embla__slide__PKRv9 product-slider-content_desktop_clickable__mKkka\" role=\"button\" tabindex=\"0\">...</div>\nScreenshot: file:/home/runner/work/pizzafabrika-test-improved/pizzafabrika-test-improved/build/reports/tests/1771173579571.0.png\nPage source: file:/home/runner/work/pizzafabrika-test-improved/pizzafabrika-test-improved/build/reports/tests/1771173579571.0.html\nTimeout: 4 s.\nCaused by: ElementClickInterceptedException: element click intercepted: Element <span class=\"switcher_tab-label__Ubdnl\">...</span> is not clickable at point (11, 321). Other element would receive the click: <div class=\"product-slider-content_desktop_embla__slide__PKRv9 product-slider-content_desktop_clickable__mKkka\" role=\"button\" tabindex=\"0\">...</div>\n\tat com.codeborne.selenide.impl.ExceptionWrapper.wrap(ExceptionWrapper.java:19)\n\tat com.codeborne.selenide.impl.SelenideElementProxy.dispatchAndRetry(SelenideElementProxy.java:171)\n\tat com.codeborne.selenide.impl.SelenideElementProxy.invoke(SelenideElementProxy.java:89)\n\tat jdk.proxy3/jdk.proxy3.$Proxy13.click(Unknown Source)\n\tat ui_pages.CatalogPage.selectMediumPizza(CatalogPage.java:62)\n\tat tests_ui.AddToCartTest.addPizzaToCartTest(AddToCartTest.java:24)\n\tat java.base/java.lang.reflect.Method.invoke(Method.java:569)\n\tat java.base/java.util.ArrayList.forEach(ArrayList.java:1511)\n\tat java.base/java.util.ArrayList.forEach(ArrayList.java:1511)\nCaused by: org.openqa.selenium.ElementClickInterceptedException: element click intercepted: Element <span class=\"switcher_tab-label__Ubdnl\">...</span> is not clickable at point (11, 321). Other element would receive the click: <div class=\"product-slider-content_desktop_embla__slide__PKRv9 product-slider-content_desktop_clickable__mKkka\" role=\"button\" tabindex=\"0\">...</div>\n  (Session info: chrome=144.0.7559.132)\nBuild info: version: '4.39.0', revision: '126f156aee'\nSystem info: os.name: 'Linux', os.arch: 'amd64', os.version: '6.14.0-1017-azure', java.version: '17.0.18'\nDriver info: org.openqa.selenium.chrome.ChromeDriver\nCommand: [b5abe0ff8863c4c7b46c9b56edaa85ad, clickElement {id=f.24DB0733E3104FA36E673325019C8080.d.3E66386492290ACA877AC126891AAB24.e.154}]\nCapabilities {acceptInsecureCerts: true, browserName: chrome, browserVersion: 144.0.7559.132, chrome: {chromedriverVersion: 144.0.7559.133 (7da823b1d59..., userDataDir: /tmp/org.chromium.Chromium....}, fedcm:accounts: true, goog:chromeOptions: {debuggerAddress: localhost:32839}, goog:processID: 2572, networkConnectionEnabled: false, pageLoadStrategy: eager, platformName: linux, proxy: Proxy(), se:cdp: ws://localhost:32839/devtoo..., se:cdpVersion: 144.0.7559.132, setWindowRect: true, strictFileInteractability: false, timeouts: {implicit: 0, pageLoad: 300000, script: 30000}, unhandledPromptBehavior: accept, webauthn:extension:credBlob: true, webauthn:extension:largeBlob: true, webauthn:extension:minPinLength: true, webauthn:extension:prf: true, webauthn:virtualAuthenticators: true}\nElement: [[ChromeDriver: chrome on linux (b5abe0ff8863c4c7b46c9b56edaa85ad)] -> css selector: [class*='switcher_tab-label']]\nSession ID: b5abe0ff8863c4c7b46c9b56edaa85ad\n\tat java.base/jdk.internal.reflect.NativeConstructorAccessorImpl.newInstance0(Native Method)\n\tat java.base/jdk.internal.reflect.NativeConstructorAccessorImpl.newInstance(NativeConstructorAccessorImpl.java:77)\n\tat java.base/jdk.internal.reflect.DelegatingConstructorAccessorImpl.newInstance(DelegatingConstructorAccessorImpl.java:45)\n\tat java.base/java.lang.reflect.Constructor.newInstanceWithCaller(Constructor.java:500)\n\tat java.base/java.lang.reflect.Constructor.newInstance(Constructor.java:481)\n\tat org.openqa.selenium.remote.ErrorCodec.decode(ErrorCodec.java:167)\n\tat org.openqa.selenium.remote.codec.w3c.W3CHttpResponseCodec.decode(W3CHttpResponseCodec.java:142)\n\tat org.openqa.selenium.remote.codec.w3c.W3CHttpResponseCodec.decode(W3CHttpResponseCodec.java:49)\n\tat org.openqa.selenium.remote.HttpCommandExecutor.execute(HttpCommandExecutor.java:215)\n\tat org.openqa.selenium.remote.service.DriverCommandExecutor.invokeExecute(DriverCommandExecutor.java:216)\n\tat org.openqa.selenium.remote.service.DriverCommandExecutor.execute(DriverCommandExecutor.java:174)\n\tat org.openqa.selenium.remote.RemoteWebDriver.execute(RemoteWebDriver.java:561)\n\tat org.openqa.selenium.remote.RemoteWebElement.execute(RemoteWebElement.java:223)\n\tat org.openqa.selenium.remote.RemoteWebElement.click(RemoteWebElement.java:76)\n\tat com.codeborne.selenide.commands.Click.defaultClick(Click.java:105)\n\tat com.codeborne.selenide.commands.Click.doClick(Click.java:83)\n\tat com.codeborne.selenide.commands.Click.click(Click.java:59)\n\tat com.codeborne.selenide.commands.Click.execute(Click.java:39)\n\tat com.codeborne.selenide.FluentCommand.execute(FluentCommand.java:27)\n\tat com.codeborne.selenide.FluentCommand.execute(FluentCommand.java:19)\n\tat com.codeborne.selenide.commands.Commands.execute(Commands.java:161)\n\tat com.codeborne.selenide.impl.SelenideElementProxy.dispatchAndRetry(SelenideElementProxy.java:137)\n\t... 7 more\n","steps":[{"name":"$(\"open\") https://pizzafabrika.ru/vologda","time":{"start":1771173549152,"stop":1771173568605,"duration":19453},"status":"passed","steps":[{"name":"$(\"webdriver\") create()","time":{"start":1771173549161,"stop":1771173563753,"duration":14592},"status":"passed","steps":[],"attachments":[],"parameters":[],"stepsCount":0,"shouldDisplayMessage":false,"attachmentsCount":0,"hasContent":false,"attachmentStep":false}],"attachments":[],"parameters":[],"stepsCount":1,"shouldDisplayMessage":false,"attachmentsCount":0,"hasContent":true,"attachmentStep":false},{"name":"Ищем раздел меню \"Пицца\"","time":{"start":1771173568625,"stop":1771173569005,"duration":380},"status":"passed","steps":[{"name":"$(\"[data-testid='pizza']\") click()","time":{"start":1771173568627,"stop":1771173569003,"duration":376},"status":"passed","steps":[],"attachments":[],"parameters":[],"stepsCount":0,"shouldDisplayMessage":false,"attachmentsCount":0,"hasContent":false,"attachmentStep":false}],"attachments":[],"parameters":[],"stepsCount":1,"shouldDisplayMessage":false,"attachmentsCount":0,"hasContent":true,"attachmentStep":false},{"name":"Прокручиваем список и выбираем нужный товар \"Мясное плато\"","time":{"start":1771173569010,"stop":1771173572205,"duration":3195},"status":"passed","steps":[{"name":"$(\"#pizza article[role='button'].findBy(text \"Мясное плато\")\") scroll into view(ScrollIntoViewOptions[behavior=instant, block=center, inline=nearest])","time":{"start":1771173569029,"stop":1771173570018,"duration":989},"status":"passed","steps":[],"attachments":[],"parameters":[],"stepsCount":0,"shouldDisplayMessage":false,"attachmentsCount":0,"hasContent":false,"attachmentStep":false},{"name":"$(\"#pizza article[role='button'].findBy(text \"Мясное плато\")\") should be(visible)","time":{"start":1771173570020,"stop":1771173570314,"duration":294},"status":"passed","steps":[],"attachments":[],"parameters":[],"stepsCount":0,"shouldDisplayMessage":false,"attachmentsCount":0,"hasContent":false,"attachmentStep":false},{"name":"$(\"#pizza article[role='button'].findBy(text \"Мясное плато\")\") click()","time":{"start":1771173570314,"stop":1771173572205,"duration":1891},"status":"passed","steps":[],"attachments":[],"parameters":[],"stepsCount":0,"shouldDisplayMessage":false,"attachmentsCount":0,"hasContent":false,"attachmentStep":false}],"attachments":[],"parameters":[{"name":"pizzaName","value":"Мясное плато"}],"stepsCount":3,"shouldDisplayMessage":false,"attachmentsCount":0,"hasContent":true,"attachmentStep":false},{"name":"Кликаем на кнопку размера пиццы \"Большая\"","time":{"start":1771173572205,"stop":1771173572769,"duration":564},"status":"passed","steps":[{"name":"$(\"[class*='switcher_tab-label'].findBy(text \"Большая\")\") should be(visible)","time":{"start":1771173572206,"stop":1771173572318,"duration":112},"status":"passed","steps":[],"attachments":[],"parameters":[],"stepsCount":0,"shouldDisplayMessage":false,"attachmentsCount":0,"hasContent":false,"attachmentStep":false},{"name":"$(\"[class*='switcher_tab-label'].findBy(text \"Большая\")\") click()","time":{"start":1771173572318,"stop":1771173572769,"duration":451},"status":"passed","steps":[],"attachments":[],"parameters":[],"stepsCount":0,"shouldDisplayMessage":false,"attachmentsCount":0,"hasContent":false,"attachmentStep":false}],"attachments":[],"parameters":[{"name":"largeSizeText","value":"Большая"}],"stepsCount":2,"shouldDisplayMessage":false,"attachmentsCount":0,"hasContent":true,"attachmentStep":false},{"name":"Получаем цену пиццы","time":{"start":1771173572769,"stop":1771173574569,"duration":1800},"status":"passed","steps":[{"name":"$(\"button.findBy(text \"В корзину\")/[class*='currency_nowrap'] span\") should not be(animated)","time":{"start":1771173572770,"stop":1771173573880,"duration":1110},"status":"passed","steps":[],"attachments":[],"parameters":[],"stepsCount":0,"shouldDisplayMessage":false,"attachmentsCount":0,"hasContent":false,"attachmentStep":false},{"name":"$(\"button.findBy(text \"В корзину\")/[class*='currency_nowrap'] span\") get text()","time":{"start":1771173573881,"stop":1771173574569,"duration":688},"status":"passed","steps":[],"attachments":[],"parameters":[],"stepsCount":0,"shouldDisplayMessage":false,"attachmentsCount":0,"hasContent":false,"attachmentStep":false}],"attachments":[],"parameters":[],"stepsCount":2,"shouldDisplayMessage":false,"attachmentsCount":0,"hasContent":true,"attachmentStep":false},{"name":"Кликаем на кнопку размера пиццы \"Средняя\"","time":{"start":1771173574570,"stop":1771173581228,"duration":6658},"status":"failed","statusMessage":"Invalid element state [[class*='switcher_tab-label'].findBy(text \"Средняя\")]: element click intercepted: Element <span class=\"switcher_tab-label__Ubdnl\">...</span> is not clickable at point (11, 321). Other element would receive the click: <div class=\"product-slider-content_desktop_embla__slide__PKRv9 product-slider-content_desktop_clickable__mKkka\" role=\"button\" tabindex=\"0\">...</div>\nScreenshot: file:/home/runner/work/pizzafabrika-test-improved/pizzafabrika-test-improved/build/reports/tests/1771173579571.0.png\nPage source: file:/home/runner/work/pizzafabrika-test-improved/pizzafabrika-test-improved/build/reports/tests/1771173579571.0.html\nTimeout: 4 s.\nCaused by: ElementClickInterceptedException: element click intercepted: Element <span class=\"switcher_tab-label__Ubdnl\">...</span> is not clickable at point (11, 321). Other element would receive the click: <div class=\"product-slider-content_desktop_embla__slide__PKRv9 product-slider-content_desktop_clickable__mKkka\" role=\"button\" tabindex=\"0\">...</div>","statusTrace":"Invalid element state [[class*='switcher_tab-label'].findBy(text \"Средняя\")]: element click intercepted: Element <span class=\"switcher_tab-label__Ubdnl\">...</span> is not clickable at point (11, 321). Other element would receive the click: <div class=\"product-slider-content_desktop_embla__slide__PKRv9 product-slider-content_desktop_clickable__mKkka\" role=\"button\" tabindex=\"0\">...</div>\nScreenshot: file:/home/runner/work/pizzafabrika-test-improved/pizzafabrika-test-improved/build/reports/tests/1771173579571.0.png\nPage source: file:/home/runner/work/pizzafabrika-test-improved/pizzafabrika-test-improved/build/reports/tests/1771173579571.0.html\nTimeout: 4 s.\nCaused by: ElementClickInterceptedException: element click intercepted: Element <span class=\"switcher_tab-label__Ubdnl\">...</span> is not clickable at point (11, 321). Other element would receive the click: <div class=\"product-slider-content_desktop_embla__slide__PKRv9 product-slider-content_desktop_clickable__mKkka\" role=\"button\" tabindex=\"0\">...</div>\n\tat com.codeborne.selenide.impl.ExceptionWrapper.wrap(ExceptionWrapper.java:19)\n\tat com.codeborne.selenide.impl.SelenideElementProxy.dispatchAndRetry(SelenideElementProxy.java:171)\n\tat com.codeborne.selenide.impl.SelenideElementProxy.invoke(SelenideElementProxy.java:89)\n\tat jdk.proxy3/jdk.proxy3.$Proxy13.click(Unknown Source)\n\tat ui_pages.CatalogPage.selectMediumPizza(CatalogPage.java:62)\n\tat tests_ui.AddToCartTest.addPizzaToCartTest(AddToCartTest.java:24)\n\tat java.base/jdk.internal.reflect.NativeMethodAccessorImpl.invoke0(Native Method)\n\tat java.base/jdk.internal.reflect.NativeMethodAccessorImpl.invoke(NativeMethodAccessorImpl.java:77)\n\tat java.base/jdk.internal.reflect.DelegatingMethodAccessorImpl.invoke(DelegatingMethodAccessorImpl.java:43)\n\tat java.base/java.lang.reflect.Method.invoke(Method.java:569)\n\tat org.junit.platform.commons.util.ReflectionUtils.invokeMethod(ReflectionUtils.java:728)\n\tat org.junit.jupiter.engine.execution.MethodInvocation.proceed(MethodInvocation.java:60)\n\tat org.junit.jupiter.engine.execution.InvocationInterceptorChain$ValidatingInvocation.proceed(InvocationInterceptorChain.java:131)\n\tat org.junit.jupiter.api.extension.InvocationInterceptor.interceptTestMethod(InvocationInterceptor.java:119)\n\tat org.junit.jupiter.engine.execution.InterceptingExecutableInvoker$ReflectiveInterceptorCall.lambda$ofVoidMethod$0(InterceptingExecutableInvoker.java:103)\n\tat org.junit.jupiter.engine.execution.InterceptingExecutableInvoker.lambda$invoke$0(InterceptingExecutableInvoker.java:93)\n\tat org.junit.jupiter.engine.execution.InvocationInterceptorChain$InterceptedInvocation.proceed(InvocationInterceptorChain.java:106)\n\tat org.junit.jupiter.engine.extension.TimeoutExtension.intercept(TimeoutExtension.java:156)\n\tat org.junit.jupiter.engine.extension.TimeoutExtension.interceptTestableMethod(TimeoutExtension.java:147)\n\tat org.junit.jupiter.engine.extension.TimeoutExtension.interceptTestMethod(TimeoutExtension.java:86)\n\tat org.junit.jupiter.engine.execution.InterceptingExecutableInvoker$ReflectiveInterceptorCall.lambda$ofVoidMethod$0(InterceptingExecutableInvoker.java:103)\n\tat org.junit.jupiter.engine.execution.InterceptingExecutableInvoker.lambda$invoke$0(InterceptingExecutableInvoker.java:93)\n\tat org.junit.jupiter.engine.execution.InvocationInterceptorChain$InterceptedInvocation.proceed(InvocationInterceptorChain.java:106)\n\tat org.junit.jupiter.engine.execution.InvocationInterceptorChain.proceed(InvocationInterceptorChain.java:64)\n\tat org.junit.jupiter.engine.execution.InvocationInterceptorChain.chainAndInvoke(InvocationInterceptorChain.java:45)\n\tat org.junit.jupiter.engine.execution.InvocationInterceptorChain.invoke(InvocationInterceptorChain.java:37)\n\tat org.junit.jupiter.engine.execution.InterceptingExecutableInvoker.invoke(InterceptingExecutableInvoker.java:92)\n\tat org.junit.jupiter.engine.execution.InterceptingExecutableInvoker.invoke(InterceptingExecutableInvoker.java:86)\n\tat org.junit.jupiter.engine.descriptor.TestMethodTestDescriptor.lambda$invokeTestMethod$7(TestMethodTestDescriptor.java:218)\n\tat org.junit.platform.engine.support.hierarchical.ThrowableCollector.execute(ThrowableCollector.java:73)\n\tat org.junit.jupiter.engine.descriptor.TestMethodTestDescriptor.invokeTestMethod(TestMethodTestDescriptor.java:214)\n\tat org.junit.jupiter.engine.descriptor.TestMethodTestDescriptor.execute(TestMethodTestDescriptor.java:139)\n\tat org.junit.jupiter.engine.descriptor.TestMethodTestDescriptor.execute(TestMethodTestDescriptor.java:69)\n\tat org.junit.platform.engine.support.hierarchical.NodeTestTask.lambda$executeRecursively$6(NodeTestTask.java:151)\n\tat org.junit.platform.engine.support.hierarchical.ThrowableCollector.execute(ThrowableCollector.java:73)\n\tat org.junit.platform.engine.support.hierarchical.NodeTestTask.lambda$executeRecursively$8(NodeTestTask.java:141)\n\tat org.junit.platform.engine.support.hierarchical.Node.around(Node.java:137)\n\tat org.junit.platform.engine.support.hierarchical.NodeTestTask.lambda$executeRecursively$9(NodeTestTask.java:139)\n\tat org.junit.platform.engine.support.hierarchical.ThrowableCollector.execute(ThrowableCollector.java:73)\n\tat org.junit.platform.engine.support.hierarchical.NodeTestTask.executeRecursively(NodeTestTask.java:138)\n\tat org.junit.platform.engine.support.hierarchical.NodeTestTask.execute(NodeTestTask.java:95)\n\tat java.base/java.util.ArrayList.forEach(ArrayList.java:1511)\n\tat org.junit.platform.engine.support.hierarchical.SameThreadHierarchicalTestExecutorService.invokeAll(SameThreadHierarchicalTestExecutorService.java:41)\n\tat org.junit.platform.engine.support.hierarchical.NodeTestTask.lambda$executeRecursively$6(NodeTestTask.java:155)\n\tat org.junit.platform.engine.support.hierarchical.ThrowableCollector.execute(ThrowableCollector.java:73)\n\tat org.junit.platform.engine.support.hierarchical.NodeTestTask.lambda$executeRecursively$8(NodeTestTask.java:141)\n\tat org.junit.platform.engine.support.hierarchical.Node.around(Node.java:137)\n\tat org.junit.platform.engine.support.hierarchical.NodeTestTask.lambda$executeRecursively$9(NodeTestTask.java:139)\n\tat org.junit.platform.engine.support.hierarchical.ThrowableCollector.execute(ThrowableCollector.java:73)\n\tat org.junit.platform.engine.support.hierarchical.NodeTestTask.executeRecursively(NodeTestTask.java:138)\n\tat org.junit.platform.engine.support.hierarchical.NodeTestTask.execute(NodeTestTask.java:95)\n\tat java.base/java.util.ArrayList.forEach(ArrayList.java:1511)\n\tat org.junit.platform.engine.support.hierarchical.SameThreadHierarchicalTestExecutorService.invokeAll(SameThreadHierarchicalTestExecutorService.java:41)\n\tat org.junit.platform.engine.support.hierarchical.NodeTestTask.lambda$executeRecursively$6(NodeTestTask.java:155)\n\tat org.junit.platform.engine.support.hierarchical.ThrowableCollector.execute(ThrowableCollector.java:73)\n\tat org.junit.platform.engine.support.hierarchical.NodeTestTask.lambda$executeRecursively$8(NodeTestTask.java:141)\n\tat org.junit.platform.engine.support.hierarchical.Node.around(Node.java:137)\n\tat org.junit.platform.engine.support.hierarchical.NodeTestTask.lambda$executeRecursively$9(NodeTestTask.java:139)\n\tat org.junit.platform.engine.support.hierarchical.ThrowableCollector.execute(ThrowableCollector.java:73)\n\tat org.junit.platform.engine.support.hierarchical.NodeTestTask.executeRecursively(NodeTestTask.java:138)\n\tat org.junit.platform.engine.support.hierarchical.NodeTestTask.execute(NodeTestTask.java:95)\n\tat org.junit.platform.engine.support.hierarchical.SameThreadHierarchicalTestExecutorService.submit(SameThreadHierarchicalTestExecutorService.java:35)\n\tat org.junit.platform.engine.support.hierarchical.HierarchicalTestExecutor.execute(HierarchicalTestExecutor.java:57)\n\tat org.junit.platform.engine.support.hierarchical.HierarchicalTestEngine.execute(HierarchicalTestEngine.java:54)\n\tat org.junit.platform.launcher.core.EngineExecutionOrchestrator.execute(EngineExecutionOrchestrator.java:198)\n\tat org.junit.platform.launcher.core.EngineExecutionOrchestrator.execute(EngineExecutionOrchestrator.java:169)\n\tat org.junit.platform.launcher.core.EngineExecutionOrchestrator.execute(EngineExecutionOrchestrator.java:93)\n\tat org.junit.platform.launcher.core.EngineExecutionOrchestrator.lambda$execute$0(EngineExecutionOrchestrator.java:58)\n\tat org.junit.platform.launcher.core.EngineExecutionOrchestrator.withInterceptedStreams(EngineExecutionOrchestrator.java:141)\n\tat org.junit.platform.launcher.core.EngineExecutionOrchestrator.execute(EngineExecutionOrchestrator.java:57)\n\tat org.junit.platform.launcher.core.DefaultLauncher.execute(DefaultLauncher.java:103)\n\tat org.junit.platform.launcher.core.DefaultLauncher.execute(DefaultLauncher.java:85)\n\tat org.junit.platform.launcher.core.DelegatingLauncher.execute(DelegatingLauncher.java:47)\n\tat org.gradle.api.internal.tasks.testing.junitplatform.JUnitPlatformTestClassProcessor$CollectAllTestClassesExecutor.processAllTestClasses(JUnitPlatformTestClassProcessor.java:119)\n\tat org.gradle.api.internal.tasks.testing.junitplatform.JUnitPlatformTestClassProcessor$CollectAllTestClassesExecutor.access$000(JUnitPlatformTestClassProcessor.java:94)\n\tat org.gradle.api.internal.tasks.testing.junitplatform.JUnitPlatformTestClassProcessor.stop(JUnitPlatformTestClassProcessor.java:89)\n\tat org.gradle.api.internal.tasks.testing.SuiteTestClassProcessor.stop(SuiteTestClassProcessor.java:62)\n\tat java.base/jdk.internal.reflect.NativeMethodAccessorImpl.invoke0(Native Method)\n\tat java.base/jdk.internal.reflect.NativeMethodAccessorImpl.invoke(NativeMethodAccessorImpl.java:77)\n\tat java.base/jdk.internal.reflect.DelegatingMethodAccessorImpl.invoke(DelegatingMethodAccessorImpl.java:43)\n\tat java.base/java.lang.reflect.Method.invoke(Method.java:569)\n\tat org.gradle.internal.dispatch.ReflectionDispatch.dispatch(ReflectionDispatch.java:36)\n\tat org.gradle.internal.dispatch.ReflectionDispatch.dispatch(ReflectionDispatch.java:24)\n\tat org.gradle.internal.dispatch.ContextClassLoaderDispatch.dispatch(ContextClassLoaderDispatch.java:33)\n\tat org.gradle.internal.dispatch.ProxyDispatchAdapter$DispatchingInvocationHandler.invoke(ProxyDispatchAdapter.java:94)\n\tat jdk.proxy1/jdk.proxy1.$Proxy2.stop(Unknown Source)\n\tat org.gradle.api.internal.tasks.testing.worker.TestWorker$3.run(TestWorker.java:193)\n\tat org.gradle.api.internal.tasks.testing.worker.TestWorker.executeAndMaintainThreadName(TestWorker.java:129)\n\tat org.gradle.api.internal.tasks.testing.worker.TestWorker.execute(TestWorker.java:100)\n\tat org.gradle.api.internal.tasks.testing.worker.TestWorker.execute(TestWorker.java:60)\n\tat org.gradle.process.internal.worker.child.ActionExecutionWorker.execute(ActionExecutionWorker.java:56)\n\tat org.gradle.process.internal.worker.child.SystemApplicationClassLoaderWorker.call(SystemApplicationClassLoaderWorker.java:113)\n\tat org.gradle.process.internal.worker.child.SystemApplicationClassLoaderWorker.call(SystemApplicationClassLoaderWorker.java:65)\n\tat worker.org.gradle.process.internal.worker.GradleWorkerMain.run(GradleWorkerMain.java:69)\n\tat worker.org.gradle.process.internal.worker.GradleWorkerMain.main(GradleWorkerMain.java:74)\nCaused by: org.openqa.selenium.ElementClickInterceptedException: element click intercepted: Element <span class=\"switcher_tab-label__Ubdnl\">...</span> is not clickable at point (11, 321). Other element would receive the click: <div class=\"product-slider-content_desktop_embla__slide__PKRv9 product-slider-content_desktop_clickable__mKkka\" role=\"button\" tabindex=\"0\">...</div>\n  (Session info: chrome=144.0.7559.132)\nBuild info: version: '4.39.0', revision: '126f156aee'\nSystem info: os.name: 'Linux', os.arch: 'amd64', os.version: '6.14.0-1017-azure', java.version: '17.0.18'\nDriver info: org.openqa.selenium.chrome.ChromeDriver\nCommand: [b5abe0ff8863c4c7b46c9b56edaa85ad, clickElement {id=f.24DB0733E3104FA36E673325019C8080.d.3E66386492290ACA877AC126891AAB24.e.154}]\nCapabilities {acceptInsecureCerts: true, browserName: chrome, browserVersion: 144.0.7559.132, chrome: {chromedriverVersion: 144.0.7559.133 (7da823b1d59..., userDataDir: /tmp/org.chromium.Chromium....}, fedcm:accounts: true, goog:chromeOptions: {debuggerAddress: localhost:32839}, goog:processID: 2572, networkConnectionEnabled: false, pageLoadStrategy: eager, platformName: linux, proxy: Proxy(), se:cdp: ws://localhost:32839/devtoo..., se:cdpVersion: 144.0.7559.132, setWindowRect: true, strictFileInteractability: false, timeouts: {implicit: 0, pageLoad: 300000, script: 30000}, unhandledPromptBehavior: accept, webauthn:extension:credBlob: true, webauthn:extension:largeBlob: true, webauthn:extension:minPinLength: true, webauthn:extension:prf: true, webauthn:virtualAuthenticators: true}\nElement: [[ChromeDriver: chrome on linux (b5abe0ff8863c4c7b46c9b56edaa85ad)] -> css selector: [class*='switcher_tab-label']]\nSession ID: b5abe0ff8863c4c7b46c9b56edaa85ad\n\tat java.base/jdk.internal.reflect.NativeConstructorAccessorImpl.newInstance0(Native Method)\n\tat java.base/jdk.internal.reflect.NativeConstructorAccessorImpl.newInstance(NativeConstructorAccessorImpl.java:77)\n\tat java.base/jdk.internal.reflect.DelegatingConstructorAccessorImpl.newInstance(DelegatingConstructorAccessorImpl.java:45)\n\tat java.base/java.lang.reflect.Constructor.newInstanceWithCaller(Constructor.java:500)\n\tat java.base/java.lang.reflect.Constructor.newInstance(Constructor.java:481)\n\tat org.openqa.selenium.remote.ErrorCodec.decode(ErrorCodec.java:167)\n\tat org.openqa.selenium.remote.codec.w3c.W3CHttpResponseCodec.decode(W3CHttpResponseCodec.java:142)\n\tat org.openqa.selenium.remote.codec.w3c.W3CHttpResponseCodec.decode(W3CHttpResponseCodec.java:49)\n\tat org.openqa.selenium.remote.HttpCommandExecutor.execute(HttpCommandExecutor.java:215)\n\tat org.openqa.selenium.remote.service.DriverCommandExecutor.invokeExecute(DriverCommandExecutor.java:216)\n\tat org.openqa.selenium.remote.service.DriverCommandExecutor.execute(DriverCommandExecutor.java:174)\n\tat org.openqa.selenium.remote.RemoteWebDriver.execute(RemoteWebDriver.java:561)\n\tat org.openqa.selenium.remote.RemoteWebElement.execute(RemoteWebElement.java:223)\n\tat org.openqa.selenium.remote.RemoteWebElement.click(RemoteWebElement.java:76)\n\tat com.codeborne.selenide.commands.Click.defaultClick(Click.java:105)\n\tat com.codeborne.selenide.commands.Click.doClick(Click.java:83)\n\tat com.codeborne.selenide.commands.Click.click(Click.java:59)\n\tat com.codeborne.selenide.commands.Click.execute(Click.java:39)\n\tat com.codeborne.selenide.FluentCommand.execute(FluentCommand.java:27)\n\tat com.codeborne.selenide.FluentCommand.execute(FluentCommand.java:19)\n\tat com.codeborne.selenide.commands.Commands.execute(Commands.java:161)\n\tat com.codeborne.selenide.impl.SelenideElementProxy.dispatchAndRetry(SelenideElementProxy.java:137)\n\t... 93 more\n","steps":[{"name":"$(\"[class*='switcher_tab-label'].findBy(text \"Средняя\")\") should be(visible)","time":{"start":1771173574570,"stop":1771173574602,"duration":32},"status":"passed","steps":[],"attachments":[],"parameters":[],"stepsCount":0,"shouldDisplayMessage":false,"attachmentsCount":0,"hasContent":false,"attachmentStep":false},{"name":"$(\"[class*='switcher_tab-label'].findBy(text \"Средняя\")\") click()","time":{"start":1771173574602,"stop":1771173581227,"duration":6625},"status":"failed","statusMessage":"Invalid element state [[class*='switcher_tab-label'].findBy(text \"Средняя\")]: element click intercepted: Element <span class=\"switcher_tab-label__Ubdnl\">...</span> is not clickable at point (11, 321). Other element would receive the click: <div class=\"product-slider-content_desktop_embla__slide__PKRv9 product-slider-content_desktop_clickable__mKkka\" role=\"button\" tabindex=\"0\">...</div>\nScreenshot: file:/home/runner/work/pizzafabrika-test-improved/pizzafabrika-test-improved/build/reports/tests/1771173579571.0.png\nPage source: file:/home/runner/work/pizzafabrika-test-improved/pizzafabrika-test-improved/build/reports/tests/1771173579571.0.html\nTimeout: 4 s.\nCaused by: ElementClickInterceptedException: element click intercepted: Element <span class=\"switcher_tab-label__Ubdnl\">...</span> is not clickable at point (11, 321). Other element would receive the click: <div class=\"product-slider-content_desktop_embla__slide__PKRv9 product-slider-content_desktop_clickable__mKkka\" role=\"button\" tabindex=\"0\">...</div>","statusTrace":"Invalid element state [[class*='switcher_tab-label'].findBy(text \"Средняя\")]: element click intercepted: Element <span class=\"switcher_tab-label__Ubdnl\">...</span> is not clickable at point (11, 321). Other element would receive the click: <div class=\"product-slider-content_desktop_embla__slide__PKRv9 product-slider-content_desktop_clickable__mKkka\" role=\"button\" tabindex=\"0\">...</div>\nScreenshot: file:/home/runner/work/pizzafabrika-test-improved/pizzafabrika-test-improved/build/reports/tests/1771173579571.0.png\nPage source: file:/home/runner/work/pizzafabrika-test-improved/pizzafabrika-test-improved/build/reports/tests/1771173579571.0.html\nTimeout: 4 s.\nCaused by: ElementClickInterceptedException: element click intercepted: Element <span class=\"switcher_tab-label__Ubdnl\">...</span> is not clickable at point (11, 321). Other element would receive the click: <div class=\"product-slider-content_desktop_embla__slide__PKRv9 product-slider-content_desktop_clickable__mKkka\" role=\"button\" tabindex=\"0\">...</div>\n\tat com.codeborne.selenide.impl.ExceptionWrapper.wrap(ExceptionWrapper.java:19)\n\tat com.codeborne.selenide.impl.SelenideElementProxy.dispatchAndRetry(SelenideElementProxy.java:171)\n\tat com.codeborne.selenide.impl.SelenideElementProxy.invoke(SelenideElementProxy.java:89)\n\tat jdk.proxy3/jdk.proxy3.$Proxy13.click(Unknown Source)\n\tat ui_pages.CatalogPage.selectMediumPizza(CatalogPage.java:62)\n\tat tests_ui.AddToCartTest.addPizzaToCartTest(AddToCartTest.java:24)\n\tat java.base/jdk.internal.reflect.NativeMethodAccessorImpl.invoke0(Native Method)\n\tat java.base/jdk.internal.reflect.NativeMethodAccessorImpl.invoke(NativeMethodAccessorImpl.java:77)\n\tat java.base/jdk.internal.reflect.DelegatingMethodAccessorImpl.invoke(DelegatingMethodAccessorImpl.java:43)\n\tat java.base/java.lang.reflect.Method.invoke(Method.java:569)\n\tat org.junit.platform.commons.util.ReflectionUtils.invokeMethod(ReflectionUtils.java:728)\n\tat org.junit.jupiter.engine.execution.MethodInvocation.proceed(MethodInvocation.java:60)\n\tat org.junit.jupiter.engine.execution.InvocationInterceptorChain$ValidatingInvocation.proceed(InvocationInterceptorChain.java:131)\n\tat org.junit.jupiter.api.extension.InvocationInterceptor.interceptTestMethod(InvocationInterceptor.java:119)\n\tat org.junit.jupiter.engine.execution.InterceptingExecutableInvoker$ReflectiveInterceptorCall.lambda$ofVoidMethod$0(InterceptingExecutableInvoker.java:103)\n\tat org.junit.jupiter.engine.execution.InterceptingExecutableInvoker.lambda$invoke$0(InterceptingExecutableInvoker.java:93)\n\tat org.junit.jupiter.engine.execution.InvocationInterceptorChain$InterceptedInvocation.proceed(InvocationInterceptorChain.java:106)\n\tat org.junit.jupiter.engine.extension.TimeoutExtension.intercept(TimeoutExtension.java:156)\n\tat org.junit.jupiter.engine.extension.TimeoutExtension.interceptTestableMethod(TimeoutExtension.java:147)\n\tat org.junit.jupiter.engine.extension.TimeoutExtension.interceptTestMethod(TimeoutExtension.java:86)\n\tat org.junit.jupiter.engine.execution.InterceptingExecutableInvoker$ReflectiveInterceptorCall.lambda$ofVoidMethod$0(InterceptingExecutableInvoker.java:103)\n\tat org.junit.jupiter.engine.execution.InterceptingExecutableInvoker.lambda$invoke$0(InterceptingExecutableInvoker.java:93)\n\tat org.junit.jupiter.engine.execution.InvocationInterceptorChain$InterceptedInvocation.proceed(InvocationInterceptorChain.java:106)\n\tat org.junit.jupiter.engine.execution.InvocationInterceptorChain.proceed(InvocationInterceptorChain.java:64)\n\tat org.junit.jupiter.engine.execution.InvocationInterceptorChain.chainAndInvoke(InvocationInterceptorChain.java:45)\n\tat org.junit.jupiter.engine.execution.InvocationInterceptorChain.invoke(InvocationInterceptorChain.java:37)\n\tat org.junit.jupiter.engine.execution.InterceptingExecutableInvoker.invoke(InterceptingExecutableInvoker.java:92)\n\tat org.junit.jupiter.engine.execution.InterceptingExecutableInvoker.invoke(InterceptingExecutableInvoker.java:86)\n\tat org.junit.jupiter.engine.descriptor.TestMethodTestDescriptor.lambda$invokeTestMethod$7(TestMethodTestDescriptor.java:218)\n\tat org.junit.platform.engine.support.hierarchical.ThrowableCollector.execute(ThrowableCollector.java:73)\n\tat org.junit.jupiter.engine.descriptor.TestMethodTestDescriptor.invokeTestMethod(TestMethodTestDescriptor.java:214)\n\tat org.junit.jupiter.engine.descriptor.TestMethodTestDescriptor.execute(TestMethodTestDescriptor.java:139)\n\tat org.junit.jupiter.engine.descriptor.TestMethodTestDescriptor.execute(TestMethodTestDescriptor.java:69)\n\tat org.junit.platform.engine.support.hierarchical.NodeTestTask.lambda$executeRecursively$6(NodeTestTask.java:151)\n\tat org.junit.platform.engine.support.hierarchical.ThrowableCollector.execute(ThrowableCollector.java:73)\n\tat org.junit.platform.engine.support.hierarchical.NodeTestTask.lambda$executeRecursively$8(NodeTestTask.java:141)\n\tat org.junit.platform.engine.support.hierarchical.Node.around(Node.java:137)\n\tat org.junit.platform.engine.support.hierarchical.NodeTestTask.lambda$executeRecursively$9(NodeTestTask.java:139)\n\tat org.junit.platform.engine.support.hierarchical.ThrowableCollector.execute(ThrowableCollector.java:73)\n\tat org.junit.platform.engine.support.hierarchical.NodeTestTask.executeRecursively(NodeTestTask.java:138)\n\tat org.junit.platform.engine.support.hierarchical.NodeTestTask.execute(NodeTestTask.java:95)\n\tat java.base/java.util.ArrayList.forEach(ArrayList.java:1511)\n\tat org.junit.platform.engine.support.hierarchical.SameThreadHierarchicalTestExecutorService.invokeAll(SameThreadHierarchicalTestExecutorService.java:41)\n\tat org.junit.platform.engine.support.hierarchical.NodeTestTask.lambda$executeRecursively$6(NodeTestTask.java:155)\n\tat org.junit.platform.engine.support.hierarchical.ThrowableCollector.execute(ThrowableCollector.java:73)\n\tat org.junit.platform.engine.support.hierarchical.NodeTestTask.lambda$executeRecursively$8(NodeTestTask.java:141)\n\tat org.junit.platform.engine.support.hierarchical.Node.around(Node.java:137)\n\tat org.junit.platform.engine.support.hierarchical.NodeTestTask.lambda$executeRecursively$9(NodeTestTask.java:139)\n\tat org.junit.platform.engine.support.hierarchical.ThrowableCollector.execute(ThrowableCollector.java:73)\n\tat org.junit.platform.engine.support.hierarchical.NodeTestTask.executeRecursively(NodeTestTask.java:138)\n\tat org.junit.platform.engine.support.hierarchical.NodeTestTask.execute(NodeTestTask.java:95)\n\tat java.base/java.util.ArrayList.forEach(ArrayList.java:1511)\n\tat org.junit.platform.engine.support.hierarchical.SameThreadHierarchicalTestExecutorService.invokeAll(SameThreadHierarchicalTestExecutorService.java:41)\n\tat org.junit.platform.engine.support.hierarchical.NodeTestTask.lambda$executeRecursively$6(NodeTestTask.java:155)\n\tat org.junit.platform.engine.support.hierarchical.ThrowableCollector.execute(ThrowableCollector.java:73)\n\tat org.junit.platform.engine.support.hierarchical.NodeTestTask.lambda$executeRecursively$8(NodeTestTask.java:141)\n\tat org.junit.platform.engine.support.hierarchical.Node.around(Node.java:137)\n\tat org.junit.platform.engine.support.hierarchical.NodeTestTask.lambda$executeRecursively$9(NodeTestTask.java:139)\n\tat org.junit.platform.engine.support.hierarchical.ThrowableCollector.execute(ThrowableCollector.java:73)\n\tat org.junit.platform.engine.support.hierarchical.NodeTestTask.executeRecursively(NodeTestTask.java:138)\n\tat org.junit.platform.engine.support.hierarchical.NodeTestTask.execute(NodeTestTask.java:95)\n\tat org.junit.platform.engine.support.hierarchical.SameThreadHierarchicalTestExecutorService.submit(SameThreadHierarchicalTestExecutorService.java:35)\n\tat org.junit.platform.engine.support.hierarchical.HierarchicalTestExecutor.execute(HierarchicalTestExecutor.java:57)\n\tat org.junit.platform.engine.support.hierarchical.HierarchicalTestEngine.execute(HierarchicalTestEngine.java:54)\n\tat org.junit.platform.launcher.core.EngineExecutionOrchestrator.execute(EngineExecutionOrchestrator.java:198)\n\tat org.junit.platform.launcher.core.EngineExecutionOrchestrator.execute(EngineExecutionOrchestrator.java:169)\n\tat org.junit.platform.launcher.core.EngineExecutionOrchestrator.execute(EngineExecutionOrchestrator.java:93)\n\tat org.junit.platform.launcher.core.EngineExecutionOrchestrator.lambda$execute$0(EngineExecutionOrchestrator.java:58)\n\tat org.junit.platform.launcher.core.EngineExecutionOrchestrator.withInterceptedStreams(EngineExecutionOrchestrator.java:141)\n\tat org.junit.platform.launcher.core.EngineExecutionOrchestrator.execute(EngineExecutionOrchestrator.java:57)\n\tat org.junit.platform.launcher.core.DefaultLauncher.execute(DefaultLauncher.java:103)\n\tat org.junit.platform.launcher.core.DefaultLauncher.execute(DefaultLauncher.java:85)\n\tat org.junit.platform.launcher.core.DelegatingLauncher.execute(DelegatingLauncher.java:47)\n\tat org.gradle.api.internal.tasks.testing.junitplatform.JUnitPlatformTestClassProcessor$CollectAllTestClassesExecutor.processAllTestClasses(JUnitPlatformTestClassProcessor.java:119)\n\tat org.gradle.api.internal.tasks.testing.junitplatform.JUnitPlatformTestClassProcessor$CollectAllTestClassesExecutor.access$000(JUnitPlatformTestClassProcessor.java:94)\n\tat org.gradle.api.internal.tasks.testing.junitplatform.JUnitPlatformTestClassProcessor.stop(JUnitPlatformTestClassProcessor.java:89)\n\tat org.gradle.api.internal.tasks.testing.SuiteTestClassProcessor.stop(SuiteTestClassProcessor.java:62)\n\tat java.base/jdk.internal.reflect.NativeMethodAccessorImpl.invoke0(Native Method)\n\tat java.base/jdk.internal.reflect.NativeMethodAccessorImpl.invoke(NativeMethodAccessorImpl.java:77)\n\tat java.base/jdk.internal.reflect.DelegatingMethodAccessorImpl.invoke(DelegatingMethodAccessorImpl.java:43)\n\tat java.base/java.lang.reflect.Method.invoke(Method.java:569)\n\tat org.gradle.internal.dispatch.ReflectionDispatch.dispatch(ReflectionDispatch.java:36)\n\tat org.gradle.internal.dispatch.ReflectionDispatch.dispatch(ReflectionDispatch.java:24)\n\tat org.gradle.internal.dispatch.ContextClassLoaderDispatch.dispatch(ContextClassLoaderDispatch.java:33)\n\tat org.gradle.internal.dispatch.ProxyDispatchAdapter$DispatchingInvocationHandler.invoke(ProxyDispatchAdapter.java:94)\n\tat jdk.proxy1/jdk.proxy1.$Proxy2.stop(Unknown Source)\n\tat org.gradle.api.internal.tasks.testing.worker.TestWorker$3.run(TestWorker.java:193)\n\tat org.gradle.api.internal.tasks.testing.worker.TestWorker.executeAndMaintainThreadName(TestWorker.java:129)\n\tat org.gradle.api.internal.tasks.testing.worker.TestWorker.execute(TestWorker.java:100)\n\tat org.gradle.api.internal.tasks.testing.worker.TestWorker.execute(TestWorker.java:60)\n\tat org.gradle.process.internal.worker.child.ActionExecutionWorker.execute(ActionExecutionWorker.java:56)\n\tat org.gradle.process.internal.worker.child.SystemApplicationClassLoaderWorker.call(SystemApplicationClassLoaderWorker.java:113)\n\tat org.gradle.process.internal.worker.child.SystemApplicationClassLoaderWorker.call(SystemApplicationClassLoaderWorker.java:65)\n\tat worker.org.gradle.process.internal.worker.GradleWorkerMain.run(GradleWorkerMain.java:69)\n\tat worker.org.gradle.process.internal.worker.GradleWorkerMain.main(GradleWorkerMain.java:74)\nCaused by: org.openqa.selenium.ElementClickInterceptedException: element click intercepted: Element <span class=\"switcher_tab-label__Ubdnl\">...</span> is not clickable at point (11, 321). Other element would receive the click: <div class=\"product-slider-content_desktop_embla__slide__PKRv9 product-slider-content_desktop_clickable__mKkka\" role=\"button\" tabindex=\"0\">...</div>\n  (Session info: chrome=144.0.7559.132)\nBuild info: version: '4.39.0', revision: '126f156aee'\nSystem info: os.name: 'Linux', os.arch: 'amd64', os.version: '6.14.0-1017-azure', java.version: '17.0.18'\nDriver info: org.openqa.selenium.chrome.ChromeDriver\nCommand: [b5abe0ff8863c4c7b46c9b56edaa85ad, clickElement {id=f.24DB0733E3104FA36E673325019C8080.d.3E66386492290ACA877AC126891AAB24.e.154}]\nCapabilities {acceptInsecureCerts: true, browserName: chrome, browserVersion: 144.0.7559.132, chrome: {chromedriverVersion: 144.0.7559.133 (7da823b1d59..., userDataDir: /tmp/org.chromium.Chromium....}, fedcm:accounts: true, goog:chromeOptions: {debuggerAddress: localhost:32839}, goog:processID: 2572, networkConnectionEnabled: false, pageLoadStrategy: eager, platformName: linux, proxy: Proxy(), se:cdp: ws://localhost:32839/devtoo..., se:cdpVersion: 144.0.7559.132, setWindowRect: true, strictFileInteractability: false, timeouts: {implicit: 0, pageLoad: 300000, script: 30000}, unhandledPromptBehavior: accept, webauthn:extension:credBlob: true, webauthn:extension:largeBlob: true, webauthn:extension:minPinLength: true, webauthn:extension:prf: true, webauthn:virtualAuthenticators: true}\nElement: [[ChromeDriver: chrome on linux (b5abe0ff8863c4c7b46c9b56edaa85ad)] -> css selector: [class*='switcher_tab-label']]\nSession ID: b5abe0ff8863c4c7b46c9b56edaa85ad\n\tat java.base/jdk.internal.reflect.NativeConstructorAccessorImpl.newInstance0(Native Method)\n\tat java.base/jdk.internal.reflect.NativeConstructorAccessorImpl.newInstance(NativeConstructorAccessorImpl.java:77)\n\tat java.base/jdk.internal.reflect.DelegatingConstructorAccessorImpl.newInstance(DelegatingConstructorAccessorImpl.java:45)\n\tat java.base/java.lang.reflect.Constructor.newInstanceWithCaller(Constructor.java:500)\n\tat java.base/java.lang.reflect.Constructor.newInstance(Constructor.java:481)\n\tat org.openqa.selenium.remote.ErrorCodec.decode(ErrorCodec.java:167)\n\tat org.openqa.selenium.remote.codec.w3c.W3CHttpResponseCodec.decode(W3CHttpResponseCodec.java:142)\n\tat org.openqa.selenium.remote.codec.w3c.W3CHttpResponseCodec.decode(W3CHttpResponseCodec.java:49)\n\tat org.openqa.selenium.remote.HttpCommandExecutor.execute(HttpCommandExecutor.java:215)\n\tat org.openqa.selenium.remote.service.DriverCommandExecutor.invokeExecute(DriverCommandExecutor.java:216)\n\tat org.openqa.selenium.remote.service.DriverCommandExecutor.execute(DriverCommandExecutor.java:174)\n\tat org.openqa.selenium.remote.RemoteWebDriver.execute(RemoteWebDriver.java:561)\n\tat org.openqa.selenium.remote.RemoteWebElement.execute(RemoteWebElement.java:223)\n\tat org.openqa.selenium.remote.RemoteWebElement.click(RemoteWebElement.java:76)\n\tat com.codeborne.selenide.commands.Click.defaultClick(Click.java:105)\n\tat com.codeborne.selenide.commands.Click.doClick(Click.java:83)\n\tat com.codeborne.selenide.commands.Click.click(Click.java:59)\n\tat com.codeborne.selenide.commands.Click.execute(Click.java:39)\n\tat com.codeborne.selenide.FluentCommand.execute(FluentCommand.java:27)\n\tat com.codeborne.selenide.FluentCommand.execute(FluentCommand.java:19)\n\tat com.codeborne.selenide.commands.Commands.execute(Commands.java:161)\n\tat com.codeborne.selenide.impl.SelenideElementProxy.dispatchAndRetry(SelenideElementProxy.java:137)\n\t... 93 more\n","steps":[],"attachments":[{"uid":"4daf799ff4928cce","name":"Screenshot","source":"4daf799ff4928cce.png","type":"image/png","size":1266874},{"uid":"6761a1e4b12c7158","name":"Page source","source":"6761a1e4b12c7158.html","type":"text/html","size":2900798}],"parameters":[],"stepsCount":0,"shouldDisplayMessage":true,"attachmentsCount":2,"hasContent":true,"attachmentStep":false}],"attachments":[],"parameters":[{"name":"mediumSizeText","value":"Средняя"}],"stepsCount":2,"shouldDisplayMessage":false,"attachmentsCount":2,"hasContent":true,"attachmentStep":false}],"attachments":[],"parameters":[],"stepsCount":17,"shouldDisplayMessage":false,"attachmentsCount":2,"hasContent":true,"attachmentStep":false},"afterStages":[],"labels":[{"name":"junit.platform.uniqueid","value":"[engine:junit-jupiter]/[class:tests_ui.AddToCartTest]/[method:addPizzaToCartTest()]"},{"name":"host","value":"runnervmjduv7"},{"name":"thread","value":"2490@runnervmjduv7.Test worker(1)"},{"name":"framework","value":"junit-platform"},{"name":"language","value":"java"},{"name":"package","value":"tests_ui.AddToCartTest"},{"name":"testClass","value":"tests_ui.AddToCartTest"},{"name":"testMethod","value":"addPizzaToCartTest"},{"name":"suite","value":"tests_ui.AddToCartTest"},{"name":"resultFormat","value":"allure2"}],"parameters":[],"links":[],"hidden":false,"retry":false,"extra":{"severity":"normal","retries":[],"categories":[{"name":"Product defects","matchedStatuses":[],"flaky":false}],"history":{"statistic":{"failed":6,"broken":1,"skipped":0,"passed":0,"unknown":0,"total":7},"items":[{"uid":"a5c2616293ae4926","reportUrl":"https://GermanMalykh.github.io/pizzafabrika-test-improved/8/#testresult/a5c2616293ae4926","status":"failed","statusDetails":"Element not found {[class*='switcher_tab-label'].findBy(text \"Большая\")}\nExpected: visible\nScreenshot: file:/home/runner/work/pizzafabrika-test-improved/pizzafabrika-test-improved/build/reports/tests/1771172994081.0.png\nPage source: file:/home/runner/work/pizzafabrika-test-improved/pizzafabrika-test-improved/build/reports/tests/1771172994081.0.html\nTimeout: 4 s.\nCaused by: NoSuchElementException: Cannot locate an element [class*='switcher_tab-label'].findBy(text \"Большая\")","time":{"start":1771172979668,"stop":1771172995963,"duration":16295}},{"uid":"97bf1546e8b6a405","reportUrl":"https://GermanMalykh.github.io/pizzafabrika-test-improved/7/#testresult/97bf1546e8b6a405","status":"failed","statusDetails":"Invalid element state [[class*='switcher_tab-label'].findBy(text \"Средняя\")]: element click intercepted: Element <span class=\"switcher_tab-label__Ubdnl\">...</span> is not clickable at point (11, 321). Other element would receive the click: <div class=\"product-slider-content_desktop_embla__slide__PKRv9 product-slider-content_desktop_clickable__mKkka\" role=\"button\" tabindex=\"0\">...</div>\nScreenshot: file:/home/runner/work/pizzafabrika-test-improved/pizzafabrika-test-improved/build/reports/tests/1771172769742.0.png\nPage source: file:/home/runner/work/pizzafabrika-test-improved/pizzafabrika-test-improved/build/reports/tests/1771172769742.0.html\nTimeout: 4 s.\nCaused by: ElementClickInterceptedException: element click intercepted: Element <span class=\"switcher_tab-label__Ubdnl\">...</span> is not clickable at point (11, 321). Other element would receive the click: <div class=\"product-slider-content_desktop_embla__slide__PKRv9 product-slider-content_desktop_clickable__mKkka\" role=\"button\" tabindex=\"0\">...</div>","time":{"start":1771172747296,"stop":1771172771203,"duration":23907}},{"uid":"765423378aa12f84","reportUrl":"https://GermanMalykh.github.io/pizzafabrika-test-improved/6/#testresult/765423378aa12f84","status":"failed","statusDetails":"Invalid element state [[class*='switcher_tab-label'].findBy(text \"Средняя\")]: element click intercepted: Element <span class=\"switcher_tab-label__Ubdnl\">...</span> is not clickable at point (11, 321). Other element would receive the click: <div class=\"product-slider-content_desktop_embla__slide__PKRv9 product-slider-content_desktop_clickable__mKkka\" role=\"button\" tabindex=\"0\">...</div>\nScreenshot: file:/home/runner/work/pizzafabrika-test-improved/pizzafabrika-test-improved/build/reports/tests/1771172766300.0.png\nPage source: file:/home/runner/work/pizzafabrika-test-improved/pizzafabrika-test-improved/build/reports/tests/1771172766300.0.html\nTimeout: 4 s.\nCaused by: ElementClickInterceptedException: element click intercepted: Element <span class=\"switcher_tab-label__Ubdnl\">...</span> is not clickable at point (11, 321). Other element would receive the click: <div class=\"product-slider-content_desktop_embla__slide__PKRv9 product-slider-content_desktop_clickable__mKkka\" role=\"button\" tabindex=\"0\">...</div>","time":{"start":1771172746303,"stop":1771172767701,"duration":21398}},{"uid":"947fd9bf0456c8f5","reportUrl":"https://GermanMalykh.github.io/pizzafabrika-test-improved/5/#testresult/947fd9bf0456c8f5","status":"failed","statusDetails":"Invalid element state [[class*='switcher_tab-label'].findBy(text \"Средняя\")]: element click intercepted: Element <span class=\"switcher_tab-label__Ubdnl\">...</span> is not clickable at point (11, 321). Other element would receive the click: <div class=\"product-slider-content_desktop_embla__slide__PKRv9 product-slider-content_desktop_clickable__mKkka\" role=\"button\" tabindex=\"0\">...</div>\nScreenshot: file:/home/runner/work/pizzafabrika-test-improved/pizzafabrika-test-improved/build/reports/tests/1771171379800.0.png\nPage source: file:/home/runner/work/pizzafabrika-test-improved/pizzafabrika-test-improved/build/reports/tests/1771171379800.0.html\nTimeout: 4 s.\nCaused by: ElementClickInterceptedException: element click intercepted: Element <span class=\"switcher_tab-label__Ubdnl\">...</span> is not clickable at point (11, 321). Other element would receive the click: <div class=\"product-slider-content_desktop_embla__slide__PKRv9 product-slider-content_desktop_clickable__mKkka\" role=\"button\" tabindex=\"0\">...</div>","time":{"start":1771171358293,"stop":1771171381409,"duration":23116}},{"uid":"1daecbeb2a36e99b","reportUrl":"https://GermanMalykh.github.io/pizzafabrika-test-improved/4/#testresult/1daecbeb2a36e99b","status":"failed","statusDetails":"Element not found {[class*='switcher_tab-label'].findBy(text \"Большая\")}\nExpected: visible\nScreenshot: file:/home/runner/work/pizzafabrika-test-improved/pizzafabrika-test-improved/build/reports/tests/1771171077750.0.png\nPage source: file:/home/runner/work/pizzafabrika-test-improved/pizzafabrika-test-improved/build/reports/tests/1771171077750.0.html\nTimeout: 4 s.\nCaused by: NoSuchElementException: Cannot locate an element [class*='switcher_tab-label'].findBy(text \"Большая\")","time":{"start":1771171057993,"stop":1771171079353,"duration":21360}},{"uid":"17df64c965c7ad5b","reportUrl":"https://GermanMalykh.github.io/pizzafabrika-test-improved/3/#testresult/17df64c965c7ad5b","status":"broken","statusDetails":"Could not start a new session. Response code 500. Message: session not created: DevToolsActivePort file doesn't exist \nHost info: host: 'runnervmjduv7', ip: '10.1.0.114'\nBuild info: version: '4.39.0', revision: '126f156aee'\nSystem info: os.name: 'Linux', os.arch: 'amd64', os.version: '6.14.0-1017-azure', java.version: '17.0.18'\nDriver info: org.openqa.selenium.chrome.ChromeDriver\nCommand: [null, newSession {capabilities=[Capabilities {acceptInsecureCerts: true, browserName: chrome, goog:chromeOptions: {args: [--headless=new, --proxy-bypass-list=<-loopb..., --disable-dev-shm-usage, --disable-search-engine-cho..., --unsafely-disable-devtools..., --disable-smooth-scrolling, --no-sandbox, --disable-gpu, --disable-background-networ..., --enable-features=NetworkSe..., --disable-background-timer-..., --disable-backgrounding-occ..., --disable-breakpad, --disable-client-side-phish..., --disable-component-extensi..., --disable-default-apps, --disable-features=TranslateUI, --disable-hang-monitor, --disable-ipc-flooding-prot..., --disable-popup-blocking, --disable-prompt-on-repost, --disable-renderer-backgrou..., --disable-sync, --force-color-profile=srgb, --metrics-recording-only, --no-first-run, --password-store=basic, --use-mock-keychain, --hide-scrollbars, --mute-audio, --window-size=1920,1080], binary: /usr/bin/google-chrome, excludeSwitches: [enable-automation, load-extension], extensions: [], prefs: {autofill.credit_card_enabled: false, autofill.profile_enabled: false, credentials_enable_service: false, download.default_directory: /home/runner/work/pizzafabr..., plugins.always_open_pdf_externally: true, profile.default_content_setting_values.automatic_downloads: 1, profile.password_manager_enabled: false, profile.password_manager_leak_detection: false, safebrowsing.enabled: true}}, pageLoadStrategy: eager, unhandledPromptBehavior: accept}]}]\nselenide.url: https://pizzafabrika.ru/vologda\nselenide.baseUrl: https://pizzafabrika.ru","time":{"start":1771168740981,"stop":1771168802510,"duration":61529}}]},"tags":[]},"source":"452397c862674d9.json","parameterValues":[]}