{"uid":"e578777e9591a4cd","name":"Добавление товара в корзину","fullName":"tests_ui.AddToCartTest.addPizzaToCartTest","historyId":"c3c41951f0e9eb904ffa8f5a15681fb1","time":{"start":1771192924627,"stop":1771192947466,"duration":22839},"description":"","status":"failed","statusMessage":"Invalid element state [[class*='switcher_tab-label'].findBy(text \"Средняя\")]: element click intercepted: Element <span class=\"switcher_tab-label__Ubdnl\">...</span> is not clickable at point (11, 321). Other element would receive the click: <div class=\"product-slider-content_desktop_embla__slide__PKRv9 product-slider-content_desktop_clickable__mKkka\" role=\"button\" tabindex=\"0\">...</div>\nScreenshot: file:/home/runner/work/pizzafabrika-test-improved/pizzafabrika-test-improved/build/reports/tests/1771192945932.0.png\nPage source: file:/home/runner/work/pizzafabrika-test-improved/pizzafabrika-test-improved/build/reports/tests/1771192945932.0.html\nTimeout: 4 s.\nCaused by: ElementClickInterceptedException: element click intercepted: Element <span class=\"switcher_tab-label__Ubdnl\">...</span> is not clickable at point (11, 321). Other element would receive the click: <div class=\"product-slider-content_desktop_embla__slide__PKRv9 product-slider-content_desktop_clickable__mKkka\" role=\"button\" tabindex=\"0\">...</div>","statusTrace":"Invalid element state [[class*='switcher_tab-label'].findBy(text \"Средняя\")]: element click intercepted: Element <span class=\"switcher_tab-label__Ubdnl\">...</span> is not clickable at point (11, 321). Other element would receive the click: <div class=\"product-slider-content_desktop_embla__slide__PKRv9 product-slider-content_desktop_clickable__mKkka\" role=\"button\" tabindex=\"0\">...</div>\nScreenshot: file:/home/runner/work/pizzafabrika-test-improved/pizzafabrika-test-improved/build/reports/tests/1771192945932.0.png\nPage source: file:/home/runner/work/pizzafabrika-test-improved/pizzafabrika-test-improved/build/reports/tests/1771192945932.0.html\nTimeout: 4 s.\nCaused by: ElementClickInterceptedException: element click intercepted: Element <span class=\"switcher_tab-label__Ubdnl\">...</span> is not clickable at point (11, 321). Other element would receive the click: <div class=\"product-slider-content_desktop_embla__slide__PKRv9 product-slider-content_desktop_clickable__mKkka\" role=\"button\" tabindex=\"0\">...</div>\n\tat com.codeborne.selenide.impl.ExceptionWrapper.wrap(ExceptionWrapper.java:19)\n\tat com.codeborne.selenide.impl.SelenideElementProxy.dispatchAndRetry(SelenideElementProxy.java:171)\n\tat com.codeborne.selenide.impl.SelenideElementProxy.invoke(SelenideElementProxy.java:89)\n\tat jdk.proxy3/jdk.proxy3.$Proxy14.click(Unknown Source)\n\tat ui_pages.CatalogPage.selectMediumPizza(CatalogPage.java:62)\n\tat tests_ui.AddToCartTest.addPizzaToCartTest(AddToCartTest.java:24)\n\tat java.base/java.lang.reflect.Method.invoke(Method.java:569)\n\tat java.base/java.util.ArrayList.forEach(ArrayList.java:1511)\n\tat java.base/java.util.ArrayList.forEach(ArrayList.java:1511)\nCaused by: org.openqa.selenium.ElementClickInterceptedException: element click intercepted: Element <span class=\"switcher_tab-label__Ubdnl\">...</span> is not clickable at point (11, 321). Other element would receive the click: <div class=\"product-slider-content_desktop_embla__slide__PKRv9 product-slider-content_desktop_clickable__mKkka\" role=\"button\" tabindex=\"0\">...</div>\n  (Session info: chrome=144.0.7559.132)\nBuild info: version: '4.39.0', revision: '126f156aee'\nSystem info: os.name: 'Linux', os.arch: 'amd64', os.version: '6.14.0-1017-azure', java.version: '17.0.18'\nDriver info: org.openqa.selenium.chrome.ChromeDriver\nCommand: [5a4c8b214525563ee5f737ed16a1467f, clickElement {id=f.7BFB1C3B1DB1E8CB5C19ED9CE3D0C4D4.d.31395300EBEEC52C9D95AD6F7FB45398.e.143}]\nCapabilities {acceptInsecureCerts: true, browserName: chrome, browserVersion: 144.0.7559.132, chrome: {chromedriverVersion: 144.0.7559.133 (7da823b1d59..., userDataDir: /tmp/org.chromium.Chromium....}, fedcm:accounts: true, goog:chromeOptions: {debuggerAddress: localhost:43987}, goog:processID: 2471, networkConnectionEnabled: false, pageLoadStrategy: eager, platformName: linux, proxy: Proxy(), se:cdp: ws://localhost:43987/devtoo..., se:cdpVersion: 144.0.7559.132, setWindowRect: true, strictFileInteractability: false, timeouts: {implicit: 0, pageLoad: 300000, script: 30000}, unhandledPromptBehavior: accept, webauthn:extension:credBlob: true, webauthn:extension:largeBlob: true, webauthn:extension:minPinLength: true, webauthn:extension:prf: true, webauthn:virtualAuthenticators: true}\nElement: [[ChromeDriver: chrome on linux (5a4c8b214525563ee5f737ed16a1467f)] -> css selector: [class*='switcher_tab-label']]\nSession ID: 5a4c8b214525563ee5f737ed16a1467f\n\tat java.base/jdk.internal.reflect.NativeConstructorAccessorImpl.newInstance0(Native Method)\n\tat java.base/jdk.internal.reflect.NativeConstructorAccessorImpl.newInstance(NativeConstructorAccessorImpl.java:77)\n\tat java.base/jdk.internal.reflect.DelegatingConstructorAccessorImpl.newInstance(DelegatingConstructorAccessorImpl.java:45)\n\tat java.base/java.lang.reflect.Constructor.newInstanceWithCaller(Constructor.java:500)\n\tat java.base/java.lang.reflect.Constructor.newInstance(Constructor.java:481)\n\tat org.openqa.selenium.remote.ErrorCodec.decode(ErrorCodec.java:167)\n\tat org.openqa.selenium.remote.codec.w3c.W3CHttpResponseCodec.decode(W3CHttpResponseCodec.java:142)\n\tat org.openqa.selenium.remote.codec.w3c.W3CHttpResponseCodec.decode(W3CHttpResponseCodec.java:49)\n\tat org.openqa.selenium.remote.HttpCommandExecutor.execute(HttpCommandExecutor.java:215)\n\tat org.openqa.selenium.remote.service.DriverCommandExecutor.invokeExecute(DriverCommandExecutor.java:216)\n\tat org.openqa.selenium.remote.service.DriverCommandExecutor.execute(DriverCommandExecutor.java:174)\n\tat org.openqa.selenium.remote.RemoteWebDriver.execute(RemoteWebDriver.java:561)\n\tat org.openqa.selenium.remote.RemoteWebElement.execute(RemoteWebElement.java:223)\n\tat org.openqa.selenium.remote.RemoteWebElement.click(RemoteWebElement.java:76)\n\tat com.codeborne.selenide.commands.Click.defaultClick(Click.java:105)\n\tat com.codeborne.selenide.commands.Click.doClick(Click.java:83)\n\tat com.codeborne.selenide.commands.Click.click(Click.java:59)\n\tat com.codeborne.selenide.appium.commands.AppiumClick.click(AppiumClick.java:54)\n\tat com.codeborne.selenide.commands.Click.execute(Click.java:39)\n\tat com.codeborne.selenide.appium.commands.AppiumClick.execute(AppiumClick.java:29)\n\tat com.codeborne.selenide.FluentCommand.execute(FluentCommand.java:27)\n\tat com.codeborne.selenide.FluentCommand.execute(FluentCommand.java:19)\n\tat com.codeborne.selenide.commands.Commands.execute(Commands.java:161)\n\tat com.codeborne.selenide.impl.SelenideElementProxy.dispatchAndRetry(SelenideElementProxy.java:137)\n\t... 7 more\n","flaky":false,"newFailed":false,"newBroken":false,"newPassed":false,"retriesCount":0,"retriesStatusChange":false,"beforeStages":[{"name":"setup","time":{"start":1771192924409,"stop":1771192924427,"duration":18},"status":"passed","steps":[],"attachments":[],"parameters":[],"stepsCount":0,"shouldDisplayMessage":false,"attachmentsCount":0,"hasContent":false,"attachmentStep":false}],"testStage":{"description":"","status":"failed","statusMessage":"Invalid element state [[class*='switcher_tab-label'].findBy(text \"Средняя\")]: element click intercepted: Element <span class=\"switcher_tab-label__Ubdnl\">...</span> is not clickable at point (11, 321). Other element would receive the click: <div class=\"product-slider-content_desktop_embla__slide__PKRv9 product-slider-content_desktop_clickable__mKkka\" role=\"button\" tabindex=\"0\">...</div>\nScreenshot: file:/home/runner/work/pizzafabrika-test-improved/pizzafabrika-test-improved/build/reports/tests/1771192945932.0.png\nPage source: file:/home/runner/work/pizzafabrika-test-improved/pizzafabrika-test-improved/build/reports/tests/1771192945932.0.html\nTimeout: 4 s.\nCaused by: ElementClickInterceptedException: element click intercepted: Element <span class=\"switcher_tab-label__Ubdnl\">...</span> is not clickable at point (11, 321). Other element would receive the click: <div class=\"product-slider-content_desktop_embla__slide__PKRv9 product-slider-content_desktop_clickable__mKkka\" role=\"button\" tabindex=\"0\">...</div>","statusTrace":"Invalid element state [[class*='switcher_tab-label'].findBy(text \"Средняя\")]: element click intercepted: Element <span class=\"switcher_tab-label__Ubdnl\">...</span> is not clickable at point (11, 321). Other element would receive the click: <div class=\"product-slider-content_desktop_embla__slide__PKRv9 product-slider-content_desktop_clickable__mKkka\" role=\"button\" tabindex=\"0\">...</div>\nScreenshot: file:/home/runner/work/pizzafabrika-test-improved/pizzafabrika-test-improved/build/reports/tests/1771192945932.0.png\nPage source: file:/home/runner/work/pizzafabrika-test-improved/pizzafabrika-test-improved/build/reports/tests/1771192945932.0.html\nTimeout: 4 s.\nCaused by: ElementClickInterceptedException: element click intercepted: Element <span class=\"switcher_tab-label__Ubdnl\">...</span> is not clickable at point (11, 321). Other element would receive the click: <div class=\"product-slider-content_desktop_embla__slide__PKRv9 product-slider-content_desktop_clickable__mKkka\" role=\"button\" tabindex=\"0\">...</div>\n\tat com.codeborne.selenide.impl.ExceptionWrapper.wrap(ExceptionWrapper.java:19)\n\tat com.codeborne.selenide.impl.SelenideElementProxy.dispatchAndRetry(SelenideElementProxy.java:171)\n\tat com.codeborne.selenide.impl.SelenideElementProxy.invoke(SelenideElementProxy.java:89)\n\tat jdk.proxy3/jdk.proxy3.$Proxy14.click(Unknown Source)\n\tat ui_pages.CatalogPage.selectMediumPizza(CatalogPage.java:62)\n\tat tests_ui.AddToCartTest.addPizzaToCartTest(AddToCartTest.java:24)\n\tat java.base/java.lang.reflect.Method.invoke(Method.java:569)\n\tat java.base/java.util.ArrayList.forEach(ArrayList.java:1511)\n\tat java.base/java.util.ArrayList.forEach(ArrayList.java:1511)\nCaused by: org.openqa.selenium.ElementClickInterceptedException: element click intercepted: Element <span class=\"switcher_tab-label__Ubdnl\">...</span> is not clickable at point (11, 321). Other element would receive the click: <div class=\"product-slider-content_desktop_embla__slide__PKRv9 product-slider-content_desktop_clickable__mKkka\" role=\"button\" tabindex=\"0\">...</div>\n  (Session info: chrome=144.0.7559.132)\nBuild info: version: '4.39.0', revision: '126f156aee'\nSystem info: os.name: 'Linux', os.arch: 'amd64', os.version: '6.14.0-1017-azure', java.version: '17.0.18'\nDriver info: org.openqa.selenium.chrome.ChromeDriver\nCommand: [5a4c8b214525563ee5f737ed16a1467f, clickElement {id=f.7BFB1C3B1DB1E8CB5C19ED9CE3D0C4D4.d.31395300EBEEC52C9D95AD6F7FB45398.e.143}]\nCapabilities {acceptInsecureCerts: true, browserName: chrome, browserVersion: 144.0.7559.132, chrome: {chromedriverVersion: 144.0.7559.133 (7da823b1d59..., userDataDir: /tmp/org.chromium.Chromium....}, fedcm:accounts: true, goog:chromeOptions: {debuggerAddress: localhost:43987}, goog:processID: 2471, networkConnectionEnabled: false, pageLoadStrategy: eager, platformName: linux, proxy: Proxy(), se:cdp: ws://localhost:43987/devtoo..., se:cdpVersion: 144.0.7559.132, setWindowRect: true, strictFileInteractability: false, timeouts: {implicit: 0, pageLoad: 300000, script: 30000}, unhandledPromptBehavior: accept, webauthn:extension:credBlob: true, webauthn:extension:largeBlob: true, webauthn:extension:minPinLength: true, webauthn:extension:prf: true, webauthn:virtualAuthenticators: true}\nElement: [[ChromeDriver: chrome on linux (5a4c8b214525563ee5f737ed16a1467f)] -> css selector: [class*='switcher_tab-label']]\nSession ID: 5a4c8b214525563ee5f737ed16a1467f\n\tat java.base/jdk.internal.reflect.NativeConstructorAccessorImpl.newInstance0(Native Method)\n\tat java.base/jdk.internal.reflect.NativeConstructorAccessorImpl.newInstance(NativeConstructorAccessorImpl.java:77)\n\tat java.base/jdk.internal.reflect.DelegatingConstructorAccessorImpl.newInstance(DelegatingConstructorAccessorImpl.java:45)\n\tat java.base/java.lang.reflect.Constructor.newInstanceWithCaller(Constructor.java:500)\n\tat java.base/java.lang.reflect.Constructor.newInstance(Constructor.java:481)\n\tat org.openqa.selenium.remote.ErrorCodec.decode(ErrorCodec.java:167)\n\tat org.openqa.selenium.remote.codec.w3c.W3CHttpResponseCodec.decode(W3CHttpResponseCodec.java:142)\n\tat org.openqa.selenium.remote.codec.w3c.W3CHttpResponseCodec.decode(W3CHttpResponseCodec.java:49)\n\tat org.openqa.selenium.remote.HttpCommandExecutor.execute(HttpCommandExecutor.java:215)\n\tat org.openqa.selenium.remote.service.DriverCommandExecutor.invokeExecute(DriverCommandExecutor.java:216)\n\tat org.openqa.selenium.remote.service.DriverCommandExecutor.execute(DriverCommandExecutor.java:174)\n\tat org.openqa.selenium.remote.RemoteWebDriver.execute(RemoteWebDriver.java:561)\n\tat org.openqa.selenium.remote.RemoteWebElement.execute(RemoteWebElement.java:223)\n\tat org.openqa.selenium.remote.RemoteWebElement.click(RemoteWebElement.java:76)\n\tat com.codeborne.selenide.commands.Click.defaultClick(Click.java:105)\n\tat com.codeborne.selenide.commands.Click.doClick(Click.java:83)\n\tat com.codeborne.selenide.commands.Click.click(Click.java:59)\n\tat com.codeborne.selenide.appium.commands.AppiumClick.click(AppiumClick.java:54)\n\tat com.codeborne.selenide.commands.Click.execute(Click.java:39)\n\tat com.codeborne.selenide.appium.commands.AppiumClick.execute(AppiumClick.java:29)\n\tat com.codeborne.selenide.FluentCommand.execute(FluentCommand.java:27)\n\tat com.codeborne.selenide.FluentCommand.execute(FluentCommand.java:19)\n\tat com.codeborne.selenide.commands.Commands.execute(Commands.java:161)\n\tat com.codeborne.selenide.impl.SelenideElementProxy.dispatchAndRetry(SelenideElementProxy.java:137)\n\t... 7 more\n","steps":[{"name":"$(\"open\") https://pizzafabrika.ru/vologda","time":{"start":1771192924636,"stop":1771192934272,"duration":9636},"status":"passed","steps":[{"name":"$(\"webdriver\") create()","time":{"start":1771192924643,"stop":1771192932490,"duration":7847},"status":"passed","steps":[],"attachments":[],"parameters":[],"stepsCount":0,"shouldDisplayMessage":false,"attachmentsCount":0,"hasContent":false,"attachmentStep":false}],"attachments":[],"parameters":[],"stepsCount":1,"shouldDisplayMessage":false,"attachmentsCount":0,"hasContent":true,"attachmentStep":false},{"name":"Ищем раздел меню \"Пицца\"","time":{"start":1771192934316,"stop":1771192935912,"duration":1596},"status":"passed","steps":[{"name":"$(\"[data-testid='pizza']\") click()","time":{"start":1771192934317,"stop":1771192935912,"duration":1595},"status":"passed","steps":[],"attachments":[],"parameters":[],"stepsCount":0,"shouldDisplayMessage":false,"attachmentsCount":0,"hasContent":false,"attachmentStep":false}],"attachments":[],"parameters":[],"stepsCount":1,"shouldDisplayMessage":false,"attachmentsCount":0,"hasContent":true,"attachmentStep":false},{"name":"Прокручиваем список и выбираем нужный товар \"Мясное плато\"","time":{"start":1771192935916,"stop":1771192938247,"duration":2331},"status":"passed","steps":[{"name":"$(\"#pizza article[role='button'].findBy(text \"Мясное плато\")\") scroll into view(ScrollIntoViewOptions[behavior=instant, block=center, inline=nearest])","time":{"start":1771192935936,"stop":1771192937522,"duration":1586},"status":"passed","steps":[],"attachments":[],"parameters":[],"stepsCount":0,"shouldDisplayMessage":false,"attachmentsCount":0,"hasContent":false,"attachmentStep":false},{"name":"$(\"#pizza article[role='button'].findBy(text \"Мясное плато\")\") should be(visible)","time":{"start":1771192937525,"stop":1771192937823,"duration":298},"status":"passed","steps":[],"attachments":[],"parameters":[],"stepsCount":0,"shouldDisplayMessage":false,"attachmentsCount":0,"hasContent":false,"attachmentStep":false},{"name":"$(\"#pizza article[role='button'].findBy(text \"Мясное плато\")\") click()","time":{"start":1771192937824,"stop":1771192938247,"duration":423},"status":"passed","steps":[],"attachments":[],"parameters":[],"stepsCount":0,"shouldDisplayMessage":false,"attachmentsCount":0,"hasContent":false,"attachmentStep":false}],"attachments":[],"parameters":[{"name":"pizzaName","value":"Мясное плато"}],"stepsCount":3,"shouldDisplayMessage":false,"attachmentsCount":0,"hasContent":true,"attachmentStep":false},{"name":"Кликаем на кнопку размера пиццы \"Большая\"","time":{"start":1771192938248,"stop":1771192938948,"duration":700},"status":"passed","steps":[{"name":"$(\"[class*='switcher_tab-label'].findBy(text \"Большая\")\") should be(visible)","time":{"start":1771192938248,"stop":1771192938652,"duration":404},"status":"passed","steps":[],"attachments":[],"parameters":[],"stepsCount":0,"shouldDisplayMessage":false,"attachmentsCount":0,"hasContent":false,"attachmentStep":false},{"name":"$(\"[class*='switcher_tab-label'].findBy(text \"Большая\")\") click()","time":{"start":1771192938652,"stop":1771192938948,"duration":296},"status":"passed","steps":[],"attachments":[],"parameters":[],"stepsCount":0,"shouldDisplayMessage":false,"attachmentsCount":0,"hasContent":false,"attachmentStep":false}],"attachments":[],"parameters":[{"name":"largeSizeText","value":"Большая"}],"stepsCount":2,"shouldDisplayMessage":false,"attachmentsCount":0,"hasContent":true,"attachmentStep":false},{"name":"Получаем цену пиццы","time":{"start":1771192938948,"stop":1771192940778,"duration":1830},"status":"passed","steps":[{"name":"$(\"button.findBy(text \"В корзину\")/[class*='currency_nowrap'] span\") should not be(animated)","time":{"start":1771192938949,"stop":1771192939936,"duration":987},"status":"passed","steps":[],"attachments":[],"parameters":[],"stepsCount":0,"shouldDisplayMessage":false,"attachmentsCount":0,"hasContent":false,"attachmentStep":false},{"name":"$(\"button.findBy(text \"В корзину\")/[class*='currency_nowrap'] span\") get text()","time":{"start":1771192939936,"stop":1771192940778,"duration":842},"status":"passed","steps":[],"attachments":[],"parameters":[],"stepsCount":0,"shouldDisplayMessage":false,"attachmentsCount":0,"hasContent":false,"attachmentStep":false}],"attachments":[],"parameters":[],"stepsCount":2,"shouldDisplayMessage":false,"attachmentsCount":0,"hasContent":true,"attachmentStep":false},{"name":"Кликаем на кнопку размера пиццы \"Средняя\"","time":{"start":1771192940778,"stop":1771192947452,"duration":6674},"status":"failed","statusMessage":"Invalid element state [[class*='switcher_tab-label'].findBy(text \"Средняя\")]: element click intercepted: Element <span class=\"switcher_tab-label__Ubdnl\">...</span> is not clickable at point (11, 321). Other element would receive the click: <div class=\"product-slider-content_desktop_embla__slide__PKRv9 product-slider-content_desktop_clickable__mKkka\" role=\"button\" tabindex=\"0\">...</div>\nScreenshot: file:/home/runner/work/pizzafabrika-test-improved/pizzafabrika-test-improved/build/reports/tests/1771192945932.0.png\nPage source: file:/home/runner/work/pizzafabrika-test-improved/pizzafabrika-test-improved/build/reports/tests/1771192945932.0.html\nTimeout: 4 s.\nCaused by: ElementClickInterceptedException: element click intercepted: Element <span class=\"switcher_tab-label__Ubdnl\">...</span> is not clickable at point (11, 321). Other element would receive the click: <div class=\"product-slider-content_desktop_embla__slide__PKRv9 product-slider-content_desktop_clickable__mKkka\" role=\"button\" tabindex=\"0\">...</div>","statusTrace":"Invalid element state [[class*='switcher_tab-label'].findBy(text \"Средняя\")]: element click intercepted: Element <span class=\"switcher_tab-label__Ubdnl\">...</span> is not clickable at point (11, 321). Other element would receive the click: <div class=\"product-slider-content_desktop_embla__slide__PKRv9 product-slider-content_desktop_clickable__mKkka\" role=\"button\" tabindex=\"0\">...</div>\nScreenshot: file:/home/runner/work/pizzafabrika-test-improved/pizzafabrika-test-improved/build/reports/tests/1771192945932.0.png\nPage source: file:/home/runner/work/pizzafabrika-test-improved/pizzafabrika-test-improved/build/reports/tests/1771192945932.0.html\nTimeout: 4 s.\nCaused by: ElementClickInterceptedException: element click intercepted: Element <span class=\"switcher_tab-label__Ubdnl\">...</span> is not clickable at point (11, 321). Other element would receive the click: <div class=\"product-slider-content_desktop_embla__slide__PKRv9 product-slider-content_desktop_clickable__mKkka\" role=\"button\" tabindex=\"0\">...</div>\n\tat com.codeborne.selenide.impl.ExceptionWrapper.wrap(ExceptionWrapper.java:19)\n\tat com.codeborne.selenide.impl.SelenideElementProxy.dispatchAndRetry(SelenideElementProxy.java:171)\n\tat com.codeborne.selenide.impl.SelenideElementProxy.invoke(SelenideElementProxy.java:89)\n\tat jdk.proxy3/jdk.proxy3.$Proxy14.click(Unknown Source)\n\tat ui_pages.CatalogPage.selectMediumPizza(CatalogPage.java:62)\n\tat tests_ui.AddToCartTest.addPizzaToCartTest(AddToCartTest.java:24)\n\tat java.base/jdk.internal.reflect.NativeMethodAccessorImpl.invoke0(Native Method)\n\tat java.base/jdk.internal.reflect.NativeMethodAccessorImpl.invoke(NativeMethodAccessorImpl.java:77)\n\tat java.base/jdk.internal.reflect.DelegatingMethodAccessorImpl.invoke(DelegatingMethodAccessorImpl.java:43)\n\tat java.base/java.lang.reflect.Method.invoke(Method.java:569)\n\tat org.junit.platform.commons.util.ReflectionUtils.invokeMethod(ReflectionUtils.java:728)\n\tat org.junit.jupiter.engine.execution.MethodInvocation.proceed(MethodInvocation.java:60)\n\tat org.junit.jupiter.engine.execution.InvocationInterceptorChain$ValidatingInvocation.proceed(InvocationInterceptorChain.java:131)\n\tat org.junit.jupiter.api.extension.InvocationInterceptor.interceptTestMethod(InvocationInterceptor.java:119)\n\tat org.junit.jupiter.engine.execution.InterceptingExecutableInvoker$ReflectiveInterceptorCall.lambda$ofVoidMethod$0(InterceptingExecutableInvoker.java:103)\n\tat org.junit.jupiter.engine.execution.InterceptingExecutableInvoker.lambda$invoke$0(InterceptingExecutableInvoker.java:93)\n\tat org.junit.jupiter.engine.execution.InvocationInterceptorChain$InterceptedInvocation.proceed(InvocationInterceptorChain.java:106)\n\tat org.junit.jupiter.engine.extension.TimeoutExtension.intercept(TimeoutExtension.java:156)\n\tat org.junit.jupiter.engine.extension.TimeoutExtension.interceptTestableMethod(TimeoutExtension.java:147)\n\tat org.junit.jupiter.engine.extension.TimeoutExtension.interceptTestMethod(TimeoutExtension.java:86)\n\tat org.junit.jupiter.engine.execution.InterceptingExecutableInvoker$ReflectiveInterceptorCall.lambda$ofVoidMethod$0(InterceptingExecutableInvoker.java:103)\n\tat org.junit.jupiter.engine.execution.InterceptingExecutableInvoker.lambda$invoke$0(InterceptingExecutableInvoker.java:93)\n\tat org.junit.jupiter.engine.execution.InvocationInterceptorChain$InterceptedInvocation.proceed(InvocationInterceptorChain.java:106)\n\tat org.junit.jupiter.engine.execution.InvocationInterceptorChain.proceed(InvocationInterceptorChain.java:64)\n\tat org.junit.jupiter.engine.execution.InvocationInterceptorChain.chainAndInvoke(InvocationInterceptorChain.java:45)\n\tat org.junit.jupiter.engine.execution.InvocationInterceptorChain.invoke(InvocationInterceptorChain.java:37)\n\tat org.junit.jupiter.engine.execution.InterceptingExecutableInvoker.invoke(InterceptingExecutableInvoker.java:92)\n\tat org.junit.jupiter.engine.execution.InterceptingExecutableInvoker.invoke(InterceptingExecutableInvoker.java:86)\n\tat org.junit.jupiter.engine.descriptor.TestMethodTestDescriptor.lambda$invokeTestMethod$7(TestMethodTestDescriptor.java:218)\n\tat org.junit.platform.engine.support.hierarchical.ThrowableCollector.execute(ThrowableCollector.java:73)\n\tat org.junit.jupiter.engine.descriptor.TestMethodTestDescriptor.invokeTestMethod(TestMethodTestDescriptor.java:214)\n\tat org.junit.jupiter.engine.descriptor.TestMethodTestDescriptor.execute(TestMethodTestDescriptor.java:139)\n\tat org.junit.jupiter.engine.descriptor.TestMethodTestDescriptor.execute(TestMethodTestDescriptor.java:69)\n\tat org.junit.platform.engine.support.hierarchical.NodeTestTask.lambda$executeRecursively$6(NodeTestTask.java:151)\n\tat org.junit.platform.engine.support.hierarchical.ThrowableCollector.execute(ThrowableCollector.java:73)\n\tat org.junit.platform.engine.support.hierarchical.NodeTestTask.lambda$executeRecursively$8(NodeTestTask.java:141)\n\tat org.junit.platform.engine.support.hierarchical.Node.around(Node.java:137)\n\tat org.junit.platform.engine.support.hierarchical.NodeTestTask.lambda$executeRecursively$9(NodeTestTask.java:139)\n\tat org.junit.platform.engine.support.hierarchical.ThrowableCollector.execute(ThrowableCollector.java:73)\n\tat org.junit.platform.engine.support.hierarchical.NodeTestTask.executeRecursively(NodeTestTask.java:138)\n\tat org.junit.platform.engine.support.hierarchical.NodeTestTask.execute(NodeTestTask.java:95)\n\tat java.base/java.util.ArrayList.forEach(ArrayList.java:1511)\n\tat org.junit.platform.engine.support.hierarchical.SameThreadHierarchicalTestExecutorService.invokeAll(SameThreadHierarchicalTestExecutorService.java:41)\n\tat org.junit.platform.engine.support.hierarchical.NodeTestTask.lambda$executeRecursively$6(NodeTestTask.java:155)\n\tat org.junit.platform.engine.support.hierarchical.ThrowableCollector.execute(ThrowableCollector.java:73)\n\tat org.junit.platform.engine.support.hierarchical.NodeTestTask.lambda$executeRecursively$8(NodeTestTask.java:141)\n\tat org.junit.platform.engine.support.hierarchical.Node.around(Node.java:137)\n\tat org.junit.platform.engine.support.hierarchical.NodeTestTask.lambda$executeRecursively$9(NodeTestTask.java:139)\n\tat org.junit.platform.engine.support.hierarchical.ThrowableCollector.execute(ThrowableCollector.java:73)\n\tat org.junit.platform.engine.support.hierarchical.NodeTestTask.executeRecursively(NodeTestTask.java:138)\n\tat org.junit.platform.engine.support.hierarchical.NodeTestTask.execute(NodeTestTask.java:95)\n\tat java.base/java.util.ArrayList.forEach(ArrayList.java:1511)\n\tat org.junit.platform.engine.support.hierarchical.SameThreadHierarchicalTestExecutorService.invokeAll(SameThreadHierarchicalTestExecutorService.java:41)\n\tat org.junit.platform.engine.support.hierarchical.NodeTestTask.lambda$executeRecursively$6(NodeTestTask.java:155)\n\tat org.junit.platform.engine.support.hierarchical.ThrowableCollector.execute(ThrowableCollector.java:73)\n\tat org.junit.platform.engine.support.hierarchical.NodeTestTask.lambda$executeRecursively$8(NodeTestTask.java:141)\n\tat org.junit.platform.engine.support.hierarchical.Node.around(Node.java:137)\n\tat org.junit.platform.engine.support.hierarchical.NodeTestTask.lambda$executeRecursively$9(NodeTestTask.java:139)\n\tat org.junit.platform.engine.support.hierarchical.ThrowableCollector.execute(ThrowableCollector.java:73)\n\tat org.junit.platform.engine.support.hierarchical.NodeTestTask.executeRecursively(NodeTestTask.java:138)\n\tat org.junit.platform.engine.support.hierarchical.NodeTestTask.execute(NodeTestTask.java:95)\n\tat org.junit.platform.engine.support.hierarchical.SameThreadHierarchicalTestExecutorService.submit(SameThreadHierarchicalTestExecutorService.java:35)\n\tat org.junit.platform.engine.support.hierarchical.HierarchicalTestExecutor.execute(HierarchicalTestExecutor.java:57)\n\tat org.junit.platform.engine.support.hierarchical.HierarchicalTestEngine.execute(HierarchicalTestEngine.java:54)\n\tat org.junit.platform.launcher.core.EngineExecutionOrchestrator.execute(EngineExecutionOrchestrator.java:198)\n\tat org.junit.platform.launcher.core.EngineExecutionOrchestrator.execute(EngineExecutionOrchestrator.java:169)\n\tat org.junit.platform.launcher.core.EngineExecutionOrchestrator.execute(EngineExecutionOrchestrator.java:93)\n\tat org.junit.platform.launcher.core.EngineExecutionOrchestrator.lambda$execute$0(EngineExecutionOrchestrator.java:58)\n\tat org.junit.platform.launcher.core.EngineExecutionOrchestrator.withInterceptedStreams(EngineExecutionOrchestrator.java:141)\n\tat org.junit.platform.launcher.core.EngineExecutionOrchestrator.execute(EngineExecutionOrchestrator.java:57)\n\tat org.junit.platform.launcher.core.DefaultLauncher.execute(DefaultLauncher.java:103)\n\tat org.junit.platform.launcher.core.DefaultLauncher.execute(DefaultLauncher.java:85)\n\tat org.junit.platform.launcher.core.DelegatingLauncher.execute(DelegatingLauncher.java:47)\n\tat org.gradle.api.internal.tasks.testing.junitplatform.JUnitPlatformTestClassProcessor$CollectAllTestClassesExecutor.processAllTestClasses(JUnitPlatformTestClassProcessor.java:124)\n\tat org.gradle.api.internal.tasks.testing.junitplatform.JUnitPlatformTestClassProcessor$CollectAllTestClassesExecutor.access$000(JUnitPlatformTestClassProcessor.java:99)\n\tat org.gradle.api.internal.tasks.testing.junitplatform.JUnitPlatformTestClassProcessor.stop(JUnitPlatformTestClassProcessor.java:94)\n\tat org.gradle.api.internal.tasks.testing.SuiteTestClassProcessor.stop(SuiteTestClassProcessor.java:63)\n\tat java.base/jdk.internal.reflect.NativeMethodAccessorImpl.invoke0(Native Method)\n\tat java.base/jdk.internal.reflect.NativeMethodAccessorImpl.invoke(NativeMethodAccessorImpl.java:77)\n\tat java.base/jdk.internal.reflect.DelegatingMethodAccessorImpl.invoke(DelegatingMethodAccessorImpl.java:43)\n\tat java.base/java.lang.reflect.Method.invoke(Method.java:569)\n\tat org.gradle.internal.dispatch.ReflectionDispatch.dispatch(ReflectionDispatch.java:36)\n\tat org.gradle.internal.dispatch.ReflectionDispatch.dispatch(ReflectionDispatch.java:24)\n\tat org.gradle.internal.dispatch.ContextClassLoaderDispatch.dispatch(ContextClassLoaderDispatch.java:33)\n\tat org.gradle.internal.dispatch.ProxyDispatchAdapter$DispatchingInvocationHandler.invoke(ProxyDispatchAdapter.java:92)\n\tat jdk.proxy1/jdk.proxy1.$Proxy4.stop(Unknown Source)\n\tat org.gradle.api.internal.tasks.testing.worker.TestWorker$3.run(TestWorker.java:200)\n\tat org.gradle.api.internal.tasks.testing.worker.TestWorker.executeAndMaintainThreadName(TestWorker.java:132)\n\tat org.gradle.api.internal.tasks.testing.worker.TestWorker.execute(TestWorker.java:103)\n\tat org.gradle.api.internal.tasks.testing.worker.TestWorker.execute(TestWorker.java:63)\n\tat org.gradle.process.internal.worker.child.ActionExecutionWorker.execute(ActionExecutionWorker.java:56)\n\tat org.gradle.process.internal.worker.child.SystemApplicationClassLoaderWorker.call(SystemApplicationClassLoaderWorker.java:121)\n\tat org.gradle.process.internal.worker.child.SystemApplicationClassLoaderWorker.call(SystemApplicationClassLoaderWorker.java:71)\n\tat worker.org.gradle.process.internal.worker.GradleWorkerMain.run(GradleWorkerMain.java:69)\n\tat worker.org.gradle.process.internal.worker.GradleWorkerMain.main(GradleWorkerMain.java:74)\nCaused by: org.openqa.selenium.ElementClickInterceptedException: element click intercepted: Element <span class=\"switcher_tab-label__Ubdnl\">...</span> is not clickable at point (11, 321). Other element would receive the click: <div class=\"product-slider-content_desktop_embla__slide__PKRv9 product-slider-content_desktop_clickable__mKkka\" role=\"button\" tabindex=\"0\">...</div>\n  (Session info: chrome=144.0.7559.132)\nBuild info: version: '4.39.0', revision: '126f156aee'\nSystem info: os.name: 'Linux', os.arch: 'amd64', os.version: '6.14.0-1017-azure', java.version: '17.0.18'\nDriver info: org.openqa.selenium.chrome.ChromeDriver\nCommand: [5a4c8b214525563ee5f737ed16a1467f, clickElement {id=f.7BFB1C3B1DB1E8CB5C19ED9CE3D0C4D4.d.31395300EBEEC52C9D95AD6F7FB45398.e.143}]\nCapabilities {acceptInsecureCerts: true, browserName: chrome, browserVersion: 144.0.7559.132, chrome: {chromedriverVersion: 144.0.7559.133 (7da823b1d59..., userDataDir: /tmp/org.chromium.Chromium....}, fedcm:accounts: true, goog:chromeOptions: {debuggerAddress: localhost:43987}, goog:processID: 2471, networkConnectionEnabled: false, pageLoadStrategy: eager, platformName: linux, proxy: Proxy(), se:cdp: ws://localhost:43987/devtoo..., se:cdpVersion: 144.0.7559.132, setWindowRect: true, strictFileInteractability: false, timeouts: {implicit: 0, pageLoad: 300000, script: 30000}, unhandledPromptBehavior: accept, webauthn:extension:credBlob: true, webauthn:extension:largeBlob: true, webauthn:extension:minPinLength: true, webauthn:extension:prf: true, webauthn:virtualAuthenticators: true}\nElement: [[ChromeDriver: chrome on linux (5a4c8b214525563ee5f737ed16a1467f)] -> css selector: [class*='switcher_tab-label']]\nSession ID: 5a4c8b214525563ee5f737ed16a1467f\n\tat java.base/jdk.internal.reflect.NativeConstructorAccessorImpl.newInstance0(Native Method)\n\tat java.base/jdk.internal.reflect.NativeConstructorAccessorImpl.newInstance(NativeConstructorAccessorImpl.java:77)\n\tat java.base/jdk.internal.reflect.DelegatingConstructorAccessorImpl.newInstance(DelegatingConstructorAccessorImpl.java:45)\n\tat java.base/java.lang.reflect.Constructor.newInstanceWithCaller(Constructor.java:500)\n\tat java.base/java.lang.reflect.Constructor.newInstance(Constructor.java:481)\n\tat org.openqa.selenium.remote.ErrorCodec.decode(ErrorCodec.java:167)\n\tat org.openqa.selenium.remote.codec.w3c.W3CHttpResponseCodec.decode(W3CHttpResponseCodec.java:142)\n\tat org.openqa.selenium.remote.codec.w3c.W3CHttpResponseCodec.decode(W3CHttpResponseCodec.java:49)\n\tat org.openqa.selenium.remote.HttpCommandExecutor.execute(HttpCommandExecutor.java:215)\n\tat org.openqa.selenium.remote.service.DriverCommandExecutor.invokeExecute(DriverCommandExecutor.java:216)\n\tat org.openqa.selenium.remote.service.DriverCommandExecutor.execute(DriverCommandExecutor.java:174)\n\tat org.openqa.selenium.remote.RemoteWebDriver.execute(RemoteWebDriver.java:561)\n\tat org.openqa.selenium.remote.RemoteWebElement.execute(RemoteWebElement.java:223)\n\tat org.openqa.selenium.remote.RemoteWebElement.click(RemoteWebElement.java:76)\n\tat com.codeborne.selenide.commands.Click.defaultClick(Click.java:105)\n\tat com.codeborne.selenide.commands.Click.doClick(Click.java:83)\n\tat com.codeborne.selenide.commands.Click.click(Click.java:59)\n\tat com.codeborne.selenide.appium.commands.AppiumClick.click(AppiumClick.java:54)\n\tat com.codeborne.selenide.commands.Click.execute(Click.java:39)\n\tat com.codeborne.selenide.appium.commands.AppiumClick.execute(AppiumClick.java:29)\n\tat com.codeborne.selenide.FluentCommand.execute(FluentCommand.java:27)\n\tat com.codeborne.selenide.FluentCommand.execute(FluentCommand.java:19)\n\tat com.codeborne.selenide.commands.Commands.execute(Commands.java:161)\n\tat com.codeborne.selenide.impl.SelenideElementProxy.dispatchAndRetry(SelenideElementProxy.java:137)\n\t... 93 more\n","steps":[{"name":"$(\"[class*='switcher_tab-label'].findBy(text \"Средняя\")\") should be(visible)","time":{"start":1771192940779,"stop":1771192940825,"duration":46},"status":"passed","steps":[],"attachments":[],"parameters":[],"stepsCount":0,"shouldDisplayMessage":false,"attachmentsCount":0,"hasContent":false,"attachmentStep":false},{"name":"$(\"[class*='switcher_tab-label'].findBy(text \"Средняя\")\") click()","time":{"start":1771192940825,"stop":1771192947451,"duration":6626},"status":"failed","statusMessage":"Invalid element state [[class*='switcher_tab-label'].findBy(text \"Средняя\")]: element click intercepted: Element <span class=\"switcher_tab-label__Ubdnl\">...</span> is not clickable at point (11, 321). Other element would receive the click: <div class=\"product-slider-content_desktop_embla__slide__PKRv9 product-slider-content_desktop_clickable__mKkka\" role=\"button\" tabindex=\"0\">...</div>\nScreenshot: file:/home/runner/work/pizzafabrika-test-improved/pizzafabrika-test-improved/build/reports/tests/1771192945932.0.png\nPage source: file:/home/runner/work/pizzafabrika-test-improved/pizzafabrika-test-improved/build/reports/tests/1771192945932.0.html\nTimeout: 4 s.\nCaused by: ElementClickInterceptedException: element click intercepted: Element <span class=\"switcher_tab-label__Ubdnl\">...</span> is not clickable at point (11, 321). Other element would receive the click: <div class=\"product-slider-content_desktop_embla__slide__PKRv9 product-slider-content_desktop_clickable__mKkka\" role=\"button\" tabindex=\"0\">...</div>","statusTrace":"Invalid element state [[class*='switcher_tab-label'].findBy(text \"Средняя\")]: element click intercepted: Element <span class=\"switcher_tab-label__Ubdnl\">...</span> is not clickable at point (11, 321). Other element would receive the click: <div class=\"product-slider-content_desktop_embla__slide__PKRv9 product-slider-content_desktop_clickable__mKkka\" role=\"button\" tabindex=\"0\">...</div>\nScreenshot: file:/home/runner/work/pizzafabrika-test-improved/pizzafabrika-test-improved/build/reports/tests/1771192945932.0.png\nPage source: file:/home/runner/work/pizzafabrika-test-improved/pizzafabrika-test-improved/build/reports/tests/1771192945932.0.html\nTimeout: 4 s.\nCaused by: ElementClickInterceptedException: element click intercepted: Element <span class=\"switcher_tab-label__Ubdnl\">...</span> is not clickable at point (11, 321). Other element would receive the click: <div class=\"product-slider-content_desktop_embla__slide__PKRv9 product-slider-content_desktop_clickable__mKkka\" role=\"button\" tabindex=\"0\">...</div>\n\tat com.codeborne.selenide.impl.ExceptionWrapper.wrap(ExceptionWrapper.java:19)\n\tat com.codeborne.selenide.impl.SelenideElementProxy.dispatchAndRetry(SelenideElementProxy.java:171)\n\tat com.codeborne.selenide.impl.SelenideElementProxy.invoke(SelenideElementProxy.java:89)\n\tat jdk.proxy3/jdk.proxy3.$Proxy14.click(Unknown Source)\n\tat ui_pages.CatalogPage.selectMediumPizza(CatalogPage.java:62)\n\tat tests_ui.AddToCartTest.addPizzaToCartTest(AddToCartTest.java:24)\n\tat java.base/jdk.internal.reflect.NativeMethodAccessorImpl.invoke0(Native Method)\n\tat java.base/jdk.internal.reflect.NativeMethodAccessorImpl.invoke(NativeMethodAccessorImpl.java:77)\n\tat java.base/jdk.internal.reflect.DelegatingMethodAccessorImpl.invoke(DelegatingMethodAccessorImpl.java:43)\n\tat java.base/java.lang.reflect.Method.invoke(Method.java:569)\n\tat org.junit.platform.commons.util.ReflectionUtils.invokeMethod(ReflectionUtils.java:728)\n\tat org.junit.jupiter.engine.execution.MethodInvocation.proceed(MethodInvocation.java:60)\n\tat org.junit.jupiter.engine.execution.InvocationInterceptorChain$ValidatingInvocation.proceed(InvocationInterceptorChain.java:131)\n\tat org.junit.jupiter.api.extension.InvocationInterceptor.interceptTestMethod(InvocationInterceptor.java:119)\n\tat org.junit.jupiter.engine.execution.InterceptingExecutableInvoker$ReflectiveInterceptorCall.lambda$ofVoidMethod$0(InterceptingExecutableInvoker.java:103)\n\tat org.junit.jupiter.engine.execution.InterceptingExecutableInvoker.lambda$invoke$0(InterceptingExecutableInvoker.java:93)\n\tat org.junit.jupiter.engine.execution.InvocationInterceptorChain$InterceptedInvocation.proceed(InvocationInterceptorChain.java:106)\n\tat org.junit.jupiter.engine.extension.TimeoutExtension.intercept(TimeoutExtension.java:156)\n\tat org.junit.jupiter.engine.extension.TimeoutExtension.interceptTestableMethod(TimeoutExtension.java:147)\n\tat org.junit.jupiter.engine.extension.TimeoutExtension.interceptTestMethod(TimeoutExtension.java:86)\n\tat org.junit.jupiter.engine.execution.InterceptingExecutableInvoker$ReflectiveInterceptorCall.lambda$ofVoidMethod$0(InterceptingExecutableInvoker.java:103)\n\tat org.junit.jupiter.engine.execution.InterceptingExecutableInvoker.lambda$invoke$0(InterceptingExecutableInvoker.java:93)\n\tat org.junit.jupiter.engine.execution.InvocationInterceptorChain$InterceptedInvocation.proceed(InvocationInterceptorChain.java:106)\n\tat org.junit.jupiter.engine.execution.InvocationInterceptorChain.proceed(InvocationInterceptorChain.java:64)\n\tat org.junit.jupiter.engine.execution.InvocationInterceptorChain.chainAndInvoke(InvocationInterceptorChain.java:45)\n\tat org.junit.jupiter.engine.execution.InvocationInterceptorChain.invoke(InvocationInterceptorChain.java:37)\n\tat org.junit.jupiter.engine.execution.InterceptingExecutableInvoker.invoke(InterceptingExecutableInvoker.java:92)\n\tat org.junit.jupiter.engine.execution.InterceptingExecutableInvoker.invoke(InterceptingExecutableInvoker.java:86)\n\tat org.junit.jupiter.engine.descriptor.TestMethodTestDescriptor.lambda$invokeTestMethod$7(TestMethodTestDescriptor.java:218)\n\tat org.junit.platform.engine.support.hierarchical.ThrowableCollector.execute(ThrowableCollector.java:73)\n\tat org.junit.jupiter.engine.descriptor.TestMethodTestDescriptor.invokeTestMethod(TestMethodTestDescriptor.java:214)\n\tat org.junit.jupiter.engine.descriptor.TestMethodTestDescriptor.execute(TestMethodTestDescriptor.java:139)\n\tat org.junit.jupiter.engine.descriptor.TestMethodTestDescriptor.execute(TestMethodTestDescriptor.java:69)\n\tat org.junit.platform.engine.support.hierarchical.NodeTestTask.lambda$executeRecursively$6(NodeTestTask.java:151)\n\tat org.junit.platform.engine.support.hierarchical.ThrowableCollector.execute(ThrowableCollector.java:73)\n\tat org.junit.platform.engine.support.hierarchical.NodeTestTask.lambda$executeRecursively$8(NodeTestTask.java:141)\n\tat org.junit.platform.engine.support.hierarchical.Node.around(Node.java:137)\n\tat org.junit.platform.engine.support.hierarchical.NodeTestTask.lambda$executeRecursively$9(NodeTestTask.java:139)\n\tat org.junit.platform.engine.support.hierarchical.ThrowableCollector.execute(ThrowableCollector.java:73)\n\tat org.junit.platform.engine.support.hierarchical.NodeTestTask.executeRecursively(NodeTestTask.java:138)\n\tat org.junit.platform.engine.support.hierarchical.NodeTestTask.execute(NodeTestTask.java:95)\n\tat java.base/java.util.ArrayList.forEach(ArrayList.java:1511)\n\tat org.junit.platform.engine.support.hierarchical.SameThreadHierarchicalTestExecutorService.invokeAll(SameThreadHierarchicalTestExecutorService.java:41)\n\tat org.junit.platform.engine.support.hierarchical.NodeTestTask.lambda$executeRecursively$6(NodeTestTask.java:155)\n\tat org.junit.platform.engine.support.hierarchical.ThrowableCollector.execute(ThrowableCollector.java:73)\n\tat org.junit.platform.engine.support.hierarchical.NodeTestTask.lambda$executeRecursively$8(NodeTestTask.java:141)\n\tat org.junit.platform.engine.support.hierarchical.Node.around(Node.java:137)\n\tat org.junit.platform.engine.support.hierarchical.NodeTestTask.lambda$executeRecursively$9(NodeTestTask.java:139)\n\tat org.junit.platform.engine.support.hierarchical.ThrowableCollector.execute(ThrowableCollector.java:73)\n\tat org.junit.platform.engine.support.hierarchical.NodeTestTask.executeRecursively(NodeTestTask.java:138)\n\tat org.junit.platform.engine.support.hierarchical.NodeTestTask.execute(NodeTestTask.java:95)\n\tat java.base/java.util.ArrayList.forEach(ArrayList.java:1511)\n\tat org.junit.platform.engine.support.hierarchical.SameThreadHierarchicalTestExecutorService.invokeAll(SameThreadHierarchicalTestExecutorService.java:41)\n\tat org.junit.platform.engine.support.hierarchical.NodeTestTask.lambda$executeRecursively$6(NodeTestTask.java:155)\n\tat org.junit.platform.engine.support.hierarchical.ThrowableCollector.execute(ThrowableCollector.java:73)\n\tat org.junit.platform.engine.support.hierarchical.NodeTestTask.lambda$executeRecursively$8(NodeTestTask.java:141)\n\tat org.junit.platform.engine.support.hierarchical.Node.around(Node.java:137)\n\tat org.junit.platform.engine.support.hierarchical.NodeTestTask.lambda$executeRecursively$9(NodeTestTask.java:139)\n\tat org.junit.platform.engine.support.hierarchical.ThrowableCollector.execute(ThrowableCollector.java:73)\n\tat org.junit.platform.engine.support.hierarchical.NodeTestTask.executeRecursively(NodeTestTask.java:138)\n\tat org.junit.platform.engine.support.hierarchical.NodeTestTask.execute(NodeTestTask.java:95)\n\tat org.junit.platform.engine.support.hierarchical.SameThreadHierarchicalTestExecutorService.submit(SameThreadHierarchicalTestExecutorService.java:35)\n\tat org.junit.platform.engine.support.hierarchical.HierarchicalTestExecutor.execute(HierarchicalTestExecutor.java:57)\n\tat org.junit.platform.engine.support.hierarchical.HierarchicalTestEngine.execute(HierarchicalTestEngine.java:54)\n\tat org.junit.platform.launcher.core.EngineExecutionOrchestrator.execute(EngineExecutionOrchestrator.java:198)\n\tat org.junit.platform.launcher.core.EngineExecutionOrchestrator.execute(EngineExecutionOrchestrator.java:169)\n\tat org.junit.platform.launcher.core.EngineExecutionOrchestrator.execute(EngineExecutionOrchestrator.java:93)\n\tat org.junit.platform.launcher.core.EngineExecutionOrchestrator.lambda$execute$0(EngineExecutionOrchestrator.java:58)\n\tat org.junit.platform.launcher.core.EngineExecutionOrchestrator.withInterceptedStreams(EngineExecutionOrchestrator.java:141)\n\tat org.junit.platform.launcher.core.EngineExecutionOrchestrator.execute(EngineExecutionOrchestrator.java:57)\n\tat org.junit.platform.launcher.core.DefaultLauncher.execute(DefaultLauncher.java:103)\n\tat org.junit.platform.launcher.core.DefaultLauncher.execute(DefaultLauncher.java:85)\n\tat org.junit.platform.launcher.core.DelegatingLauncher.execute(DelegatingLauncher.java:47)\n\tat org.gradle.api.internal.tasks.testing.junitplatform.JUnitPlatformTestClassProcessor$CollectAllTestClassesExecutor.processAllTestClasses(JUnitPlatformTestClassProcessor.java:124)\n\tat org.gradle.api.internal.tasks.testing.junitplatform.JUnitPlatformTestClassProcessor$CollectAllTestClassesExecutor.access$000(JUnitPlatformTestClassProcessor.java:99)\n\tat org.gradle.api.internal.tasks.testing.junitplatform.JUnitPlatformTestClassProcessor.stop(JUnitPlatformTestClassProcessor.java:94)\n\tat org.gradle.api.internal.tasks.testing.SuiteTestClassProcessor.stop(SuiteTestClassProcessor.java:63)\n\tat java.base/jdk.internal.reflect.NativeMethodAccessorImpl.invoke0(Native Method)\n\tat java.base/jdk.internal.reflect.NativeMethodAccessorImpl.invoke(NativeMethodAccessorImpl.java:77)\n\tat java.base/jdk.internal.reflect.DelegatingMethodAccessorImpl.invoke(DelegatingMethodAccessorImpl.java:43)\n\tat java.base/java.lang.reflect.Method.invoke(Method.java:569)\n\tat org.gradle.internal.dispatch.ReflectionDispatch.dispatch(ReflectionDispatch.java:36)\n\tat org.gradle.internal.dispatch.ReflectionDispatch.dispatch(ReflectionDispatch.java:24)\n\tat org.gradle.internal.dispatch.ContextClassLoaderDispatch.dispatch(ContextClassLoaderDispatch.java:33)\n\tat org.gradle.internal.dispatch.ProxyDispatchAdapter$DispatchingInvocationHandler.invoke(ProxyDispatchAdapter.java:92)\n\tat jdk.proxy1/jdk.proxy1.$Proxy4.stop(Unknown Source)\n\tat org.gradle.api.internal.tasks.testing.worker.TestWorker$3.run(TestWorker.java:200)\n\tat org.gradle.api.internal.tasks.testing.worker.TestWorker.executeAndMaintainThreadName(TestWorker.java:132)\n\tat org.gradle.api.internal.tasks.testing.worker.TestWorker.execute(TestWorker.java:103)\n\tat org.gradle.api.internal.tasks.testing.worker.TestWorker.execute(TestWorker.java:63)\n\tat org.gradle.process.internal.worker.child.ActionExecutionWorker.execute(ActionExecutionWorker.java:56)\n\tat org.gradle.process.internal.worker.child.SystemApplicationClassLoaderWorker.call(SystemApplicationClassLoaderWorker.java:121)\n\tat org.gradle.process.internal.worker.child.SystemApplicationClassLoaderWorker.call(SystemApplicationClassLoaderWorker.java:71)\n\tat worker.org.gradle.process.internal.worker.GradleWorkerMain.run(GradleWorkerMain.java:69)\n\tat worker.org.gradle.process.internal.worker.GradleWorkerMain.main(GradleWorkerMain.java:74)\nCaused by: org.openqa.selenium.ElementClickInterceptedException: element click intercepted: Element <span class=\"switcher_tab-label__Ubdnl\">...</span> is not clickable at point (11, 321). Other element would receive the click: <div class=\"product-slider-content_desktop_embla__slide__PKRv9 product-slider-content_desktop_clickable__mKkka\" role=\"button\" tabindex=\"0\">...</div>\n  (Session info: chrome=144.0.7559.132)\nBuild info: version: '4.39.0', revision: '126f156aee'\nSystem info: os.name: 'Linux', os.arch: 'amd64', os.version: '6.14.0-1017-azure', java.version: '17.0.18'\nDriver info: org.openqa.selenium.chrome.ChromeDriver\nCommand: [5a4c8b214525563ee5f737ed16a1467f, clickElement {id=f.7BFB1C3B1DB1E8CB5C19ED9CE3D0C4D4.d.31395300EBEEC52C9D95AD6F7FB45398.e.143}]\nCapabilities {acceptInsecureCerts: true, browserName: chrome, browserVersion: 144.0.7559.132, chrome: {chromedriverVersion: 144.0.7559.133 (7da823b1d59..., userDataDir: /tmp/org.chromium.Chromium....}, fedcm:accounts: true, goog:chromeOptions: {debuggerAddress: localhost:43987}, goog:processID: 2471, networkConnectionEnabled: false, pageLoadStrategy: eager, platformName: linux, proxy: Proxy(), se:cdp: ws://localhost:43987/devtoo..., se:cdpVersion: 144.0.7559.132, setWindowRect: true, strictFileInteractability: false, timeouts: {implicit: 0, pageLoad: 300000, script: 30000}, unhandledPromptBehavior: accept, webauthn:extension:credBlob: true, webauthn:extension:largeBlob: true, webauthn:extension:minPinLength: true, webauthn:extension:prf: true, webauthn:virtualAuthenticators: true}\nElement: [[ChromeDriver: chrome on linux (5a4c8b214525563ee5f737ed16a1467f)] -> css selector: [class*='switcher_tab-label']]\nSession ID: 5a4c8b214525563ee5f737ed16a1467f\n\tat java.base/jdk.internal.reflect.NativeConstructorAccessorImpl.newInstance0(Native Method)\n\tat java.base/jdk.internal.reflect.NativeConstructorAccessorImpl.newInstance(NativeConstructorAccessorImpl.java:77)\n\tat java.base/jdk.internal.reflect.DelegatingConstructorAccessorImpl.newInstance(DelegatingConstructorAccessorImpl.java:45)\n\tat java.base/java.lang.reflect.Constructor.newInstanceWithCaller(Constructor.java:500)\n\tat java.base/java.lang.reflect.Constructor.newInstance(Constructor.java:481)\n\tat org.openqa.selenium.remote.ErrorCodec.decode(ErrorCodec.java:167)\n\tat org.openqa.selenium.remote.codec.w3c.W3CHttpResponseCodec.decode(W3CHttpResponseCodec.java:142)\n\tat org.openqa.selenium.remote.codec.w3c.W3CHttpResponseCodec.decode(W3CHttpResponseCodec.java:49)\n\tat org.openqa.selenium.remote.HttpCommandExecutor.execute(HttpCommandExecutor.java:215)\n\tat org.openqa.selenium.remote.service.DriverCommandExecutor.invokeExecute(DriverCommandExecutor.java:216)\n\tat org.openqa.selenium.remote.service.DriverCommandExecutor.execute(DriverCommandExecutor.java:174)\n\tat org.openqa.selenium.remote.RemoteWebDriver.execute(RemoteWebDriver.java:561)\n\tat org.openqa.selenium.remote.RemoteWebElement.execute(RemoteWebElement.java:223)\n\tat org.openqa.selenium.remote.RemoteWebElement.click(RemoteWebElement.java:76)\n\tat com.codeborne.selenide.commands.Click.defaultClick(Click.java:105)\n\tat com.codeborne.selenide.commands.Click.doClick(Click.java:83)\n\tat com.codeborne.selenide.commands.Click.click(Click.java:59)\n\tat com.codeborne.selenide.appium.commands.AppiumClick.click(AppiumClick.java:54)\n\tat com.codeborne.selenide.commands.Click.execute(Click.java:39)\n\tat com.codeborne.selenide.appium.commands.AppiumClick.execute(AppiumClick.java:29)\n\tat com.codeborne.selenide.FluentCommand.execute(FluentCommand.java:27)\n\tat com.codeborne.selenide.FluentCommand.execute(FluentCommand.java:19)\n\tat com.codeborne.selenide.commands.Commands.execute(Commands.java:161)\n\tat com.codeborne.selenide.impl.SelenideElementProxy.dispatchAndRetry(SelenideElementProxy.java:137)\n\t... 93 more\n","steps":[],"attachments":[{"uid":"492f1440198b8e31","name":"Screenshot","source":"492f1440198b8e31.png","type":"image/png","size":1266874},{"uid":"ee02f1a558bc1ca1","name":"Page source","source":"ee02f1a558bc1ca1.html","type":"text/html","size":2964501}],"parameters":[],"stepsCount":0,"shouldDisplayMessage":true,"attachmentsCount":2,"hasContent":true,"attachmentStep":false}],"attachments":[],"parameters":[{"name":"mediumSizeText","value":"Средняя"}],"stepsCount":2,"shouldDisplayMessage":false,"attachmentsCount":2,"hasContent":true,"attachmentStep":false}],"attachments":[],"parameters":[],"stepsCount":17,"shouldDisplayMessage":false,"attachmentsCount":2,"hasContent":true,"attachmentStep":false},"afterStages":[],"labels":[{"name":"junit.platform.uniqueid","value":"[engine:junit-jupiter]/[class:tests_ui.AddToCartTest]/[method:addPizzaToCartTest()]"},{"name":"host","value":"runnervmjduv7"},{"name":"thread","value":"2389@runnervmjduv7.Test worker(1)"},{"name":"framework","value":"junit-platform"},{"name":"language","value":"java"},{"name":"package","value":"tests_ui.AddToCartTest"},{"name":"testClass","value":"tests_ui.AddToCartTest"},{"name":"testMethod","value":"addPizzaToCartTest"},{"name":"suite","value":"tests_ui.AddToCartTest"},{"name":"resultFormat","value":"allure2"}],"parameters":[],"links":[],"hidden":false,"retry":false,"extra":{"severity":"normal","retries":[],"categories":[{"name":"Product defects","matchedStatuses":[],"flaky":false}],"history":{"statistic":{"failed":14,"broken":1,"skipped":0,"passed":0,"unknown":0,"total":15},"items":[{"uid":"ff530ca5d03417bc","reportUrl":"https://GermanMalykh.github.io/pizzafabrika-test-improved/17/#testresult/ff530ca5d03417bc","status":"failed","statusDetails":"Element not found {[class*='switcher_tab-label'].findBy(text \"Большая\")}\nExpected: visible\nScreenshot: file:/home/runner/work/pizzafabrika-test-improved/pizzafabrika-test-improved/build/reports/tests/1771192739719.0.png\nPage source: file:/home/runner/work/pizzafabrika-test-improved/pizzafabrika-test-improved/build/reports/tests/1771192739719.0.html\nTimeout: 4 s.\nCaused by: NoSuchElementException: Cannot locate an element [class*='switcher_tab-label'].findBy(text \"Большая\")","time":{"start":1771192729818,"stop":1771192741260,"duration":11442}},{"uid":"6d014bd2ef0f2524","reportUrl":"https://GermanMalykh.github.io/pizzafabrika-test-improved/16/#testresult/6d014bd2ef0f2524","status":"failed","statusDetails":"Element not found {[class*='switcher_tab-label'].findBy(text \"Большая\")}\nExpected: visible\nScreenshot: file:/home/runner/work/pizzafabrika-test-improved/pizzafabrika-test-improved/build/reports/tests/1771192150559.0.png\nPage source: file:/home/runner/work/pizzafabrika-test-improved/pizzafabrika-test-improved/build/reports/tests/1771192150559.0.html\nTimeout: 4 s.\nCaused by: NoSuchElementException: Cannot locate an element [class*='switcher_tab-label'].findBy(text \"Большая\")","time":{"start":1771192137750,"stop":1771192151970,"duration":14220}},{"uid":"65d8f7add1a7ab1a","reportUrl":"https://GermanMalykh.github.io/pizzafabrika-test-improved/15/#testresult/65d8f7add1a7ab1a","status":"failed","statusDetails":"Invalid element state [[class*='switcher_tab-label'].findBy(text \"Средняя\")]: element click intercepted: Element <span class=\"switcher_tab-label__Ubdnl\">...</span> is not clickable at point (11, 321). Other element would receive the click: <div class=\"product-slider-content_desktop_embla__slide__PKRv9 product-slider-content_desktop_clickable__mKkka\" role=\"button\" tabindex=\"0\">...</div>\nScreenshot: file:/home/runner/work/pizzafabrika-test-improved/pizzafabrika-test-improved/build/reports/tests/1771191813333.0.png\nPage source: file:/home/runner/work/pizzafabrika-test-improved/pizzafabrika-test-improved/build/reports/tests/1771191813333.0.html\nTimeout: 4 s.\nCaused by: ElementClickInterceptedException: element click intercepted: Element <span class=\"switcher_tab-label__Ubdnl\">...</span> is not clickable at point (11, 321). Other element would receive the click: <div class=\"product-slider-content_desktop_embla__slide__PKRv9 product-slider-content_desktop_clickable__mKkka\" role=\"button\" tabindex=\"0\">...</div>","time":{"start":1771191783524,"stop":1771191815083,"duration":31559}},{"uid":"eb6ca04630bdbd9f","reportUrl":"https://GermanMalykh.github.io/pizzafabrika-test-improved/14/#testresult/eb6ca04630bdbd9f","status":"failed","statusDetails":"Element not found {[class*='switcher_tab-label'].findBy(text \"Большая\")}\nExpected: visible\nScreenshot: file:/home/runner/work/pizzafabrika-test-improved/pizzafabrika-test-improved/build/reports/tests/1771191110623.0.png\nPage source: file:/home/runner/work/pizzafabrika-test-improved/pizzafabrika-test-improved/build/reports/tests/1771191110623.0.html\nTimeout: 4 s.\nCaused by: NoSuchElementException: Cannot locate an element [class*='switcher_tab-label'].findBy(text \"Большая\")","time":{"start":1771191091274,"stop":1771191112152,"duration":20878}},{"uid":"2a3901965925c7e3","reportUrl":"https://GermanMalykh.github.io/pizzafabrika-test-improved/13/#testresult/2a3901965925c7e3","status":"failed","statusDetails":"Element not found {[class*='switcher_tab-label'].findBy(text \"Большая\")}\nExpected: visible\nScreenshot: file:/home/runner/work/pizzafabrika-test-improved/pizzafabrika-test-improved/build/reports/tests/1771190817255.0.png\nPage source: file:/home/runner/work/pizzafabrika-test-improved/pizzafabrika-test-improved/build/reports/tests/1771190817255.0.html\nTimeout: 4 s.\nCaused by: NoSuchElementException: Cannot locate an element [class*='switcher_tab-label'].findBy(text \"Большая\")","time":{"start":1771190801309,"stop":1771190818827,"duration":17518}},{"uid":"7a0c2ed86740f867","reportUrl":"https://GermanMalykh.github.io/pizzafabrika-test-improved/12/#testresult/7a0c2ed86740f867","status":"failed","statusDetails":"Element not found {[class*='switcher_tab-label'].findBy(text \"Большая\")}\nExpected: visible\nScreenshot: file:/home/runner/work/pizzafabrika-test-improved/pizzafabrika-test-improved/build/reports/tests/1771190479839.0.png\nPage source: file:/home/runner/work/pizzafabrika-test-improved/pizzafabrika-test-improved/build/reports/tests/1771190479839.0.html\nTimeout: 4 s.\nCaused by: NoSuchElementException: Cannot locate an element [class*='switcher_tab-label'].findBy(text \"Большая\")","time":{"start":1771190458779,"stop":1771190481411,"duration":22632}},{"uid":"8f6434dc26a7eac","reportUrl":"https://GermanMalykh.github.io/pizzafabrika-test-improved/11/#testresult/8f6434dc26a7eac","status":"failed","statusDetails":"Element not found {[class*='switcher_tab-label'].findBy(text \"Большая\")}\nExpected: visible\nScreenshot: file:/home/runner/work/pizzafabrika-test-improved/pizzafabrika-test-improved/build/reports/tests/1771180246516.0.png\nPage source: file:/home/runner/work/pizzafabrika-test-improved/pizzafabrika-test-improved/build/reports/tests/1771180246516.0.html\nTimeout: 4 s.\nCaused by: NoSuchElementException: Cannot locate an element [class*='switcher_tab-label'].findBy(text \"Большая\")","time":{"start":1771180231155,"stop":1771180248332,"duration":17177}},{"uid":"452397c862674d9","reportUrl":"https://GermanMalykh.github.io/pizzafabrika-test-improved/9/#testresult/452397c862674d9","status":"failed","statusDetails":"Invalid element state [[class*='switcher_tab-label'].findBy(text \"Средняя\")]: element click intercepted: Element <span class=\"switcher_tab-label__Ubdnl\">...</span> is not clickable at point (11, 321). Other element would receive the click: <div class=\"product-slider-content_desktop_embla__slide__PKRv9 product-slider-content_desktop_clickable__mKkka\" role=\"button\" tabindex=\"0\">...</div>\nScreenshot: file:/home/runner/work/pizzafabrika-test-improved/pizzafabrika-test-improved/build/reports/tests/1771173579571.0.png\nPage source: file:/home/runner/work/pizzafabrika-test-improved/pizzafabrika-test-improved/build/reports/tests/1771173579571.0.html\nTimeout: 4 s.\nCaused by: ElementClickInterceptedException: element click intercepted: Element <span class=\"switcher_tab-label__Ubdnl\">...</span> is not clickable at point (11, 321). Other element would receive the click: <div class=\"product-slider-content_desktop_embla__slide__PKRv9 product-slider-content_desktop_clickable__mKkka\" role=\"button\" tabindex=\"0\">...</div>","time":{"start":1771173549141,"stop":1771173581244,"duration":32103}},{"uid":"a5c2616293ae4926","reportUrl":"https://GermanMalykh.github.io/pizzafabrika-test-improved/8/#testresult/a5c2616293ae4926","status":"failed","statusDetails":"Element not found {[class*='switcher_tab-label'].findBy(text \"Большая\")}\nExpected: visible\nScreenshot: file:/home/runner/work/pizzafabrika-test-improved/pizzafabrika-test-improved/build/reports/tests/1771172994081.0.png\nPage source: file:/home/runner/work/pizzafabrika-test-improved/pizzafabrika-test-improved/build/reports/tests/1771172994081.0.html\nTimeout: 4 s.\nCaused by: NoSuchElementException: Cannot locate an element [class*='switcher_tab-label'].findBy(text \"Большая\")","time":{"start":1771172979668,"stop":1771172995963,"duration":16295}},{"uid":"97bf1546e8b6a405","reportUrl":"https://GermanMalykh.github.io/pizzafabrika-test-improved/7/#testresult/97bf1546e8b6a405","status":"failed","statusDetails":"Invalid element state [[class*='switcher_tab-label'].findBy(text \"Средняя\")]: element click intercepted: Element <span class=\"switcher_tab-label__Ubdnl\">...</span> is not clickable at point (11, 321). Other element would receive the click: <div class=\"product-slider-content_desktop_embla__slide__PKRv9 product-slider-content_desktop_clickable__mKkka\" role=\"button\" tabindex=\"0\">...</div>\nScreenshot: file:/home/runner/work/pizzafabrika-test-improved/pizzafabrika-test-improved/build/reports/tests/1771172769742.0.png\nPage source: file:/home/runner/work/pizzafabrika-test-improved/pizzafabrika-test-improved/build/reports/tests/1771172769742.0.html\nTimeout: 4 s.\nCaused by: ElementClickInterceptedException: element click intercepted: Element <span class=\"switcher_tab-label__Ubdnl\">...</span> is not clickable at point (11, 321). Other element would receive the click: <div class=\"product-slider-content_desktop_embla__slide__PKRv9 product-slider-content_desktop_clickable__mKkka\" role=\"button\" tabindex=\"0\">...</div>","time":{"start":1771172747296,"stop":1771172771203,"duration":23907}},{"uid":"765423378aa12f84","reportUrl":"https://GermanMalykh.github.io/pizzafabrika-test-improved/6/#testresult/765423378aa12f84","status":"failed","statusDetails":"Invalid element state [[class*='switcher_tab-label'].findBy(text \"Средняя\")]: element click intercepted: Element <span class=\"switcher_tab-label__Ubdnl\">...</span> is not clickable at point (11, 321). Other element would receive the click: <div class=\"product-slider-content_desktop_embla__slide__PKRv9 product-slider-content_desktop_clickable__mKkka\" role=\"button\" tabindex=\"0\">...</div>\nScreenshot: file:/home/runner/work/pizzafabrika-test-improved/pizzafabrika-test-improved/build/reports/tests/1771172766300.0.png\nPage source: file:/home/runner/work/pizzafabrika-test-improved/pizzafabrika-test-improved/build/reports/tests/1771172766300.0.html\nTimeout: 4 s.\nCaused by: ElementClickInterceptedException: element click intercepted: Element <span class=\"switcher_tab-label__Ubdnl\">...</span> is not clickable at point (11, 321). Other element would receive the click: <div class=\"product-slider-content_desktop_embla__slide__PKRv9 product-slider-content_desktop_clickable__mKkka\" role=\"button\" tabindex=\"0\">...</div>","time":{"start":1771172746303,"stop":1771172767701,"duration":21398}},{"uid":"947fd9bf0456c8f5","reportUrl":"https://GermanMalykh.github.io/pizzafabrika-test-improved/5/#testresult/947fd9bf0456c8f5","status":"failed","statusDetails":"Invalid element state [[class*='switcher_tab-label'].findBy(text \"Средняя\")]: element click intercepted: Element <span class=\"switcher_tab-label__Ubdnl\">...</span> is not clickable at point (11, 321). Other element would receive the click: <div class=\"product-slider-content_desktop_embla__slide__PKRv9 product-slider-content_desktop_clickable__mKkka\" role=\"button\" tabindex=\"0\">...</div>\nScreenshot: file:/home/runner/work/pizzafabrika-test-improved/pizzafabrika-test-improved/build/reports/tests/1771171379800.0.png\nPage source: file:/home/runner/work/pizzafabrika-test-improved/pizzafabrika-test-improved/build/reports/tests/1771171379800.0.html\nTimeout: 4 s.\nCaused by: ElementClickInterceptedException: element click intercepted: Element <span class=\"switcher_tab-label__Ubdnl\">...</span> is not clickable at point (11, 321). Other element would receive the click: <div class=\"product-slider-content_desktop_embla__slide__PKRv9 product-slider-content_desktop_clickable__mKkka\" role=\"button\" tabindex=\"0\">...</div>","time":{"start":1771171358293,"stop":1771171381409,"duration":23116}},{"uid":"1daecbeb2a36e99b","reportUrl":"https://GermanMalykh.github.io/pizzafabrika-test-improved/4/#testresult/1daecbeb2a36e99b","status":"failed","statusDetails":"Element not found {[class*='switcher_tab-label'].findBy(text \"Большая\")}\nExpected: visible\nScreenshot: file:/home/runner/work/pizzafabrika-test-improved/pizzafabrika-test-improved/build/reports/tests/1771171077750.0.png\nPage source: file:/home/runner/work/pizzafabrika-test-improved/pizzafabrika-test-improved/build/reports/tests/1771171077750.0.html\nTimeout: 4 s.\nCaused by: NoSuchElementException: Cannot locate an element [class*='switcher_tab-label'].findBy(text \"Большая\")","time":{"start":1771171057993,"stop":1771171079353,"duration":21360}},{"uid":"17df64c965c7ad5b","reportUrl":"https://GermanMalykh.github.io/pizzafabrika-test-improved/3/#testresult/17df64c965c7ad5b","status":"broken","statusDetails":"Could not start a new session. Response code 500. Message: session not created: DevToolsActivePort file doesn't exist \nHost info: host: 'runnervmjduv7', ip: '10.1.0.114'\nBuild info: version: '4.39.0', revision: '126f156aee'\nSystem info: os.name: 'Linux', os.arch: 'amd64', os.version: '6.14.0-1017-azure', java.version: '17.0.18'\nDriver info: org.openqa.selenium.chrome.ChromeDriver\nCommand: [null, newSession {capabilities=[Capabilities {acceptInsecureCerts: true, browserName: chrome, goog:chromeOptions: {args: [--headless=new, --proxy-bypass-list=<-loopb..., --disable-dev-shm-usage, --disable-search-engine-cho..., --unsafely-disable-devtools..., --disable-smooth-scrolling, --no-sandbox, --disable-gpu, --disable-background-networ..., --enable-features=NetworkSe..., --disable-background-timer-..., --disable-backgrounding-occ..., --disable-breakpad, --disable-client-side-phish..., --disable-component-extensi..., --disable-default-apps, --disable-features=TranslateUI, --disable-hang-monitor, --disable-ipc-flooding-prot..., --disable-popup-blocking, --disable-prompt-on-repost, --disable-renderer-backgrou..., --disable-sync, --force-color-profile=srgb, --metrics-recording-only, --no-first-run, --password-store=basic, --use-mock-keychain, --hide-scrollbars, --mute-audio, --window-size=1920,1080], binary: /usr/bin/google-chrome, excludeSwitches: [enable-automation, load-extension], extensions: [], prefs: {autofill.credit_card_enabled: false, autofill.profile_enabled: false, credentials_enable_service: false, download.default_directory: /home/runner/work/pizzafabr..., plugins.always_open_pdf_externally: true, profile.default_content_setting_values.automatic_downloads: 1, profile.password_manager_enabled: false, profile.password_manager_leak_detection: false, safebrowsing.enabled: true}}, pageLoadStrategy: eager, unhandledPromptBehavior: accept}]}]\nselenide.url: https://pizzafabrika.ru/vologda\nselenide.baseUrl: https://pizzafabrika.ru","time":{"start":1771168740981,"stop":1771168802510,"duration":61529}}]},"tags":[]},"source":"e578777e9591a4cd.json","parameterValues":[]}