{"uid":"7a0c2ed86740f867","name":"Добавление товара в корзину","fullName":"tests_ui.AddToCartTest.addPizzaToCartTest","historyId":"c3c41951f0e9eb904ffa8f5a15681fb1","time":{"start":1771190458779,"stop":1771190481411,"duration":22632},"description":"","status":"failed","statusMessage":"Element not found {[class*='switcher_tab-label'].findBy(text \"Большая\")}\nExpected: visible\nScreenshot: file:/home/runner/work/pizzafabrika-test-improved/pizzafabrika-test-improved/build/reports/tests/1771190479839.0.png\nPage source: file:/home/runner/work/pizzafabrika-test-improved/pizzafabrika-test-improved/build/reports/tests/1771190479839.0.html\nTimeout: 4 s.\nCaused by: NoSuchElementException: Cannot locate an element [class*='switcher_tab-label'].findBy(text \"Большая\")","statusTrace":"Element not found {[class*='switcher_tab-label'].findBy(text \"Большая\")}\nExpected: visible\nScreenshot: file:/home/runner/work/pizzafabrika-test-improved/pizzafabrika-test-improved/build/reports/tests/1771190479839.0.png\nPage source: file:/home/runner/work/pizzafabrika-test-improved/pizzafabrika-test-improved/build/reports/tests/1771190479839.0.html\nTimeout: 4 s.\nCaused by: NoSuchElementException: Cannot locate an element [class*='switcher_tab-label'].findBy(text \"Большая\")\n\tat com.codeborne.selenide.impl.WebElementSource.createElementNotFoundError(WebElementSource.java:89)\n\tat com.codeborne.selenide.impl.WebElementSource.handleError(WebElementSource.java:140)\n\tat com.codeborne.selenide.impl.WebElementSource.checkConditionAndReturnElement(WebElementSource.java:123)\n\tat com.codeborne.selenide.impl.WebElementSource.checkCondition(WebElementSource.java:99)\n\tat com.codeborne.selenide.commands.Should.execute(Should.java:24)\n\tat com.codeborne.selenide.FluentCommand.execute(FluentCommand.java:27)\n\tat com.codeborne.selenide.FluentCommand.execute(FluentCommand.java:19)\n\tat com.codeborne.selenide.commands.Commands.execute(Commands.java:161)\n\tat com.codeborne.selenide.impl.SelenideElementProxy.dispatchAndRetry(SelenideElementProxy.java:137)\n\tat com.codeborne.selenide.impl.SelenideElementProxy.invoke(SelenideElementProxy.java:89)\n\tat jdk.proxy3/jdk.proxy3.$Proxy14.shouldBe(Unknown Source)\n\tat ui_pages.CatalogPage.selectLargePizza(CatalogPage.java:48)\n\tat tests_ui.AddToCartTest.addPizzaToCartTest(AddToCartTest.java:20)\n\tat java.base/java.lang.reflect.Method.invoke(Method.java:569)\n\tat java.base/java.util.ArrayList.forEach(ArrayList.java:1511)\n\tat java.base/java.util.ArrayList.forEach(ArrayList.java:1511)\nCaused by: org.openqa.selenium.NoSuchElementException: Cannot locate an element [class*='switcher_tab-label'].findBy(text \"Большая\")\nFor documentation on this error, please visit: https://www.selenium.dev/documentation/webdriver/troubleshooting/errors#nosuchelementexception\nBuild info: version: '4.39.0', revision: '126f156aee'\nSystem info: os.name: 'Linux', os.arch: 'amd64', os.version: '6.14.0-1017-azure', java.version: '17.0.18'\nDriver info: driver.version: unknown\n\tat com.codeborne.selenide.impl.CollectionElementByCondition.getWebElement(CollectionElementByCondition.java:46)\n\tat com.codeborne.selenide.impl.WebElementSource.checkConditionAndReturnElement(WebElementSource.java:112)\n\t... 13 more\n","flaky":false,"newFailed":false,"newBroken":false,"newPassed":false,"retriesCount":0,"retriesStatusChange":false,"beforeStages":[{"name":"setup","time":{"start":1771190458527,"stop":1771190458547,"duration":20},"status":"passed","steps":[],"attachments":[],"parameters":[],"stepsCount":0,"shouldDisplayMessage":false,"attachmentsCount":0,"hasContent":false,"attachmentStep":false}],"testStage":{"description":"","status":"failed","statusMessage":"Element not found {[class*='switcher_tab-label'].findBy(text \"Большая\")}\nExpected: visible\nScreenshot: file:/home/runner/work/pizzafabrika-test-improved/pizzafabrika-test-improved/build/reports/tests/1771190479839.0.png\nPage source: file:/home/runner/work/pizzafabrika-test-improved/pizzafabrika-test-improved/build/reports/tests/1771190479839.0.html\nTimeout: 4 s.\nCaused by: NoSuchElementException: Cannot locate an element [class*='switcher_tab-label'].findBy(text \"Большая\")","statusTrace":"Element not found {[class*='switcher_tab-label'].findBy(text \"Большая\")}\nExpected: visible\nScreenshot: file:/home/runner/work/pizzafabrika-test-improved/pizzafabrika-test-improved/build/reports/tests/1771190479839.0.png\nPage source: file:/home/runner/work/pizzafabrika-test-improved/pizzafabrika-test-improved/build/reports/tests/1771190479839.0.html\nTimeout: 4 s.\nCaused by: NoSuchElementException: Cannot locate an element [class*='switcher_tab-label'].findBy(text \"Большая\")\n\tat com.codeborne.selenide.impl.WebElementSource.createElementNotFoundError(WebElementSource.java:89)\n\tat com.codeborne.selenide.impl.WebElementSource.handleError(WebElementSource.java:140)\n\tat com.codeborne.selenide.impl.WebElementSource.checkConditionAndReturnElement(WebElementSource.java:123)\n\tat com.codeborne.selenide.impl.WebElementSource.checkCondition(WebElementSource.java:99)\n\tat com.codeborne.selenide.commands.Should.execute(Should.java:24)\n\tat com.codeborne.selenide.FluentCommand.execute(FluentCommand.java:27)\n\tat com.codeborne.selenide.FluentCommand.execute(FluentCommand.java:19)\n\tat com.codeborne.selenide.commands.Commands.execute(Commands.java:161)\n\tat com.codeborne.selenide.impl.SelenideElementProxy.dispatchAndRetry(SelenideElementProxy.java:137)\n\tat com.codeborne.selenide.impl.SelenideElementProxy.invoke(SelenideElementProxy.java:89)\n\tat jdk.proxy3/jdk.proxy3.$Proxy14.shouldBe(Unknown Source)\n\tat ui_pages.CatalogPage.selectLargePizza(CatalogPage.java:48)\n\tat tests_ui.AddToCartTest.addPizzaToCartTest(AddToCartTest.java:20)\n\tat java.base/java.lang.reflect.Method.invoke(Method.java:569)\n\tat java.base/java.util.ArrayList.forEach(ArrayList.java:1511)\n\tat java.base/java.util.ArrayList.forEach(ArrayList.java:1511)\nCaused by: org.openqa.selenium.NoSuchElementException: Cannot locate an element [class*='switcher_tab-label'].findBy(text \"Большая\")\nFor documentation on this error, please visit: https://www.selenium.dev/documentation/webdriver/troubleshooting/errors#nosuchelementexception\nBuild info: version: '4.39.0', revision: '126f156aee'\nSystem info: os.name: 'Linux', os.arch: 'amd64', os.version: '6.14.0-1017-azure', java.version: '17.0.18'\nDriver info: driver.version: unknown\n\tat com.codeborne.selenide.impl.CollectionElementByCondition.getWebElement(CollectionElementByCondition.java:46)\n\tat com.codeborne.selenide.impl.WebElementSource.checkConditionAndReturnElement(WebElementSource.java:112)\n\t... 13 more\n","steps":[{"name":"$(\"open\") https://pizzafabrika.ru/vologda","time":{"start":1771190458787,"stop":1771190474372,"duration":15585},"status":"passed","steps":[{"name":"$(\"webdriver\") create()","time":{"start":1771190458795,"stop":1771190471078,"duration":12283},"status":"passed","steps":[],"attachments":[],"parameters":[],"stepsCount":0,"shouldDisplayMessage":false,"attachmentsCount":0,"hasContent":false,"attachmentStep":false}],"attachments":[],"parameters":[],"stepsCount":1,"shouldDisplayMessage":false,"attachmentsCount":0,"hasContent":true,"attachmentStep":false},{"name":"Ищем раздел меню \"Пицца\"","time":{"start":1771190474393,"stop":1771190474740,"duration":347},"status":"passed","steps":[{"name":"$(\"[data-testid='pizza']\") click()","time":{"start":1771190474395,"stop":1771190474740,"duration":345},"status":"passed","steps":[],"attachments":[],"parameters":[],"stepsCount":0,"shouldDisplayMessage":false,"attachmentsCount":0,"hasContent":false,"attachmentStep":false}],"attachments":[],"parameters":[],"stepsCount":1,"shouldDisplayMessage":false,"attachmentsCount":0,"hasContent":true,"attachmentStep":false},{"name":"Прокручиваем список и выбираем нужный товар \"Мясное плато\"","time":{"start":1771190474744,"stop":1771190475739,"duration":995},"status":"passed","steps":[{"name":"$(\"#pizza article[role='button'].findBy(text \"Мясное плато\")\") scroll into view(ScrollIntoViewOptions[behavior=instant, block=center, inline=nearest])","time":{"start":1771190474761,"stop":1771190475079,"duration":318},"status":"passed","steps":[],"attachments":[],"parameters":[],"stepsCount":0,"shouldDisplayMessage":false,"attachmentsCount":0,"hasContent":false,"attachmentStep":false},{"name":"$(\"#pizza article[role='button'].findBy(text \"Мясное плато\")\") should be(visible)","time":{"start":1771190475081,"stop":1771190475438,"duration":357},"status":"passed","steps":[],"attachments":[],"parameters":[],"stepsCount":0,"shouldDisplayMessage":false,"attachmentsCount":0,"hasContent":false,"attachmentStep":false},{"name":"$(\"#pizza article[role='button'].findBy(text \"Мясное плато\")\") click()","time":{"start":1771190475438,"stop":1771190475739,"duration":301},"status":"passed","steps":[],"attachments":[],"parameters":[],"stepsCount":0,"shouldDisplayMessage":false,"attachmentsCount":0,"hasContent":false,"attachmentStep":false}],"attachments":[],"parameters":[{"name":"pizzaName","value":"Мясное плато"}],"stepsCount":3,"shouldDisplayMessage":false,"attachmentsCount":0,"hasContent":true,"attachmentStep":false},{"name":"Кликаем на кнопку размера пиццы \"Большая\"","time":{"start":1771190475740,"stop":1771190481394,"duration":5654},"status":"failed","statusMessage":"Element not found {[class*='switcher_tab-label'].findBy(text \"Большая\")}\nExpected: visible\nScreenshot: file:/home/runner/work/pizzafabrika-test-improved/pizzafabrika-test-improved/build/reports/tests/1771190479839.0.png\nPage source: file:/home/runner/work/pizzafabrika-test-improved/pizzafabrika-test-improved/build/reports/tests/1771190479839.0.html\nTimeout: 4 s.\nCaused by: NoSuchElementException: Cannot locate an element [class*='switcher_tab-label'].findBy(text \"Большая\")","statusTrace":"Element not found {[class*='switcher_tab-label'].findBy(text \"Большая\")}\nExpected: visible\nScreenshot: file:/home/runner/work/pizzafabrika-test-improved/pizzafabrika-test-improved/build/reports/tests/1771190479839.0.png\nPage source: file:/home/runner/work/pizzafabrika-test-improved/pizzafabrika-test-improved/build/reports/tests/1771190479839.0.html\nTimeout: 4 s.\nCaused by: NoSuchElementException: Cannot locate an element [class*='switcher_tab-label'].findBy(text \"Большая\")\n\tat com.codeborne.selenide.impl.WebElementSource.createElementNotFoundError(WebElementSource.java:89)\n\tat com.codeborne.selenide.impl.WebElementSource.handleError(WebElementSource.java:140)\n\tat com.codeborne.selenide.impl.WebElementSource.checkConditionAndReturnElement(WebElementSource.java:123)\n\tat com.codeborne.selenide.impl.WebElementSource.checkCondition(WebElementSource.java:99)\n\tat com.codeborne.selenide.commands.Should.execute(Should.java:24)\n\tat com.codeborne.selenide.FluentCommand.execute(FluentCommand.java:27)\n\tat com.codeborne.selenide.FluentCommand.execute(FluentCommand.java:19)\n\tat com.codeborne.selenide.commands.Commands.execute(Commands.java:161)\n\tat com.codeborne.selenide.impl.SelenideElementProxy.dispatchAndRetry(SelenideElementProxy.java:137)\n\tat com.codeborne.selenide.impl.SelenideElementProxy.invoke(SelenideElementProxy.java:89)\n\tat jdk.proxy3/jdk.proxy3.$Proxy14.shouldBe(Unknown Source)\n\tat ui_pages.CatalogPage.selectLargePizza(CatalogPage.java:48)\n\tat tests_ui.AddToCartTest.addPizzaToCartTest(AddToCartTest.java:20)\n\tat java.base/jdk.internal.reflect.NativeMethodAccessorImpl.invoke0(Native Method)\n\tat java.base/jdk.internal.reflect.NativeMethodAccessorImpl.invoke(NativeMethodAccessorImpl.java:77)\n\tat java.base/jdk.internal.reflect.DelegatingMethodAccessorImpl.invoke(DelegatingMethodAccessorImpl.java:43)\n\tat java.base/java.lang.reflect.Method.invoke(Method.java:569)\n\tat org.junit.platform.commons.util.ReflectionUtils.invokeMethod(ReflectionUtils.java:728)\n\tat org.junit.jupiter.engine.execution.MethodInvocation.proceed(MethodInvocation.java:60)\n\tat org.junit.jupiter.engine.execution.InvocationInterceptorChain$ValidatingInvocation.proceed(InvocationInterceptorChain.java:131)\n\tat org.junit.jupiter.api.extension.InvocationInterceptor.interceptTestMethod(InvocationInterceptor.java:119)\n\tat org.junit.jupiter.engine.execution.InterceptingExecutableInvoker$ReflectiveInterceptorCall.lambda$ofVoidMethod$0(InterceptingExecutableInvoker.java:103)\n\tat org.junit.jupiter.engine.execution.InterceptingExecutableInvoker.lambda$invoke$0(InterceptingExecutableInvoker.java:93)\n\tat org.junit.jupiter.engine.execution.InvocationInterceptorChain$InterceptedInvocation.proceed(InvocationInterceptorChain.java:106)\n\tat org.junit.jupiter.engine.extension.TimeoutExtension.intercept(TimeoutExtension.java:156)\n\tat org.junit.jupiter.engine.extension.TimeoutExtension.interceptTestableMethod(TimeoutExtension.java:147)\n\tat org.junit.jupiter.engine.extension.TimeoutExtension.interceptTestMethod(TimeoutExtension.java:86)\n\tat org.junit.jupiter.engine.execution.InterceptingExecutableInvoker$ReflectiveInterceptorCall.lambda$ofVoidMethod$0(InterceptingExecutableInvoker.java:103)\n\tat org.junit.jupiter.engine.execution.InterceptingExecutableInvoker.lambda$invoke$0(InterceptingExecutableInvoker.java:93)\n\tat org.junit.jupiter.engine.execution.InvocationInterceptorChain$InterceptedInvocation.proceed(InvocationInterceptorChain.java:106)\n\tat org.junit.jupiter.engine.execution.InvocationInterceptorChain.proceed(InvocationInterceptorChain.java:64)\n\tat org.junit.jupiter.engine.execution.InvocationInterceptorChain.chainAndInvoke(InvocationInterceptorChain.java:45)\n\tat org.junit.jupiter.engine.execution.InvocationInterceptorChain.invoke(InvocationInterceptorChain.java:37)\n\tat org.junit.jupiter.engine.execution.InterceptingExecutableInvoker.invoke(InterceptingExecutableInvoker.java:92)\n\tat org.junit.jupiter.engine.execution.InterceptingExecutableInvoker.invoke(InterceptingExecutableInvoker.java:86)\n\tat org.junit.jupiter.engine.descriptor.TestMethodTestDescriptor.lambda$invokeTestMethod$7(TestMethodTestDescriptor.java:218)\n\tat org.junit.platform.engine.support.hierarchical.ThrowableCollector.execute(ThrowableCollector.java:73)\n\tat org.junit.jupiter.engine.descriptor.TestMethodTestDescriptor.invokeTestMethod(TestMethodTestDescriptor.java:214)\n\tat org.junit.jupiter.engine.descriptor.TestMethodTestDescriptor.execute(TestMethodTestDescriptor.java:139)\n\tat org.junit.jupiter.engine.descriptor.TestMethodTestDescriptor.execute(TestMethodTestDescriptor.java:69)\n\tat org.junit.platform.engine.support.hierarchical.NodeTestTask.lambda$executeRecursively$6(NodeTestTask.java:151)\n\tat org.junit.platform.engine.support.hierarchical.ThrowableCollector.execute(ThrowableCollector.java:73)\n\tat org.junit.platform.engine.support.hierarchical.NodeTestTask.lambda$executeRecursively$8(NodeTestTask.java:141)\n\tat org.junit.platform.engine.support.hierarchical.Node.around(Node.java:137)\n\tat org.junit.platform.engine.support.hierarchical.NodeTestTask.lambda$executeRecursively$9(NodeTestTask.java:139)\n\tat org.junit.platform.engine.support.hierarchical.ThrowableCollector.execute(ThrowableCollector.java:73)\n\tat org.junit.platform.engine.support.hierarchical.NodeTestTask.executeRecursively(NodeTestTask.java:138)\n\tat org.junit.platform.engine.support.hierarchical.NodeTestTask.execute(NodeTestTask.java:95)\n\tat java.base/java.util.ArrayList.forEach(ArrayList.java:1511)\n\tat org.junit.platform.engine.support.hierarchical.SameThreadHierarchicalTestExecutorService.invokeAll(SameThreadHierarchicalTestExecutorService.java:41)\n\tat org.junit.platform.engine.support.hierarchical.NodeTestTask.lambda$executeRecursively$6(NodeTestTask.java:155)\n\tat org.junit.platform.engine.support.hierarchical.ThrowableCollector.execute(ThrowableCollector.java:73)\n\tat org.junit.platform.engine.support.hierarchical.NodeTestTask.lambda$executeRecursively$8(NodeTestTask.java:141)\n\tat org.junit.platform.engine.support.hierarchical.Node.around(Node.java:137)\n\tat org.junit.platform.engine.support.hierarchical.NodeTestTask.lambda$executeRecursively$9(NodeTestTask.java:139)\n\tat org.junit.platform.engine.support.hierarchical.ThrowableCollector.execute(ThrowableCollector.java:73)\n\tat org.junit.platform.engine.support.hierarchical.NodeTestTask.executeRecursively(NodeTestTask.java:138)\n\tat org.junit.platform.engine.support.hierarchical.NodeTestTask.execute(NodeTestTask.java:95)\n\tat java.base/java.util.ArrayList.forEach(ArrayList.java:1511)\n\tat org.junit.platform.engine.support.hierarchical.SameThreadHierarchicalTestExecutorService.invokeAll(SameThreadHierarchicalTestExecutorService.java:41)\n\tat org.junit.platform.engine.support.hierarchical.NodeTestTask.lambda$executeRecursively$6(NodeTestTask.java:155)\n\tat org.junit.platform.engine.support.hierarchical.ThrowableCollector.execute(ThrowableCollector.java:73)\n\tat org.junit.platform.engine.support.hierarchical.NodeTestTask.lambda$executeRecursively$8(NodeTestTask.java:141)\n\tat org.junit.platform.engine.support.hierarchical.Node.around(Node.java:137)\n\tat org.junit.platform.engine.support.hierarchical.NodeTestTask.lambda$executeRecursively$9(NodeTestTask.java:139)\n\tat org.junit.platform.engine.support.hierarchical.ThrowableCollector.execute(ThrowableCollector.java:73)\n\tat org.junit.platform.engine.support.hierarchical.NodeTestTask.executeRecursively(NodeTestTask.java:138)\n\tat org.junit.platform.engine.support.hierarchical.NodeTestTask.execute(NodeTestTask.java:95)\n\tat org.junit.platform.engine.support.hierarchical.SameThreadHierarchicalTestExecutorService.submit(SameThreadHierarchicalTestExecutorService.java:35)\n\tat org.junit.platform.engine.support.hierarchical.HierarchicalTestExecutor.execute(HierarchicalTestExecutor.java:57)\n\tat org.junit.platform.engine.support.hierarchical.HierarchicalTestEngine.execute(HierarchicalTestEngine.java:54)\n\tat org.junit.platform.launcher.core.EngineExecutionOrchestrator.execute(EngineExecutionOrchestrator.java:198)\n\tat org.junit.platform.launcher.core.EngineExecutionOrchestrator.execute(EngineExecutionOrchestrator.java:169)\n\tat org.junit.platform.launcher.core.EngineExecutionOrchestrator.execute(EngineExecutionOrchestrator.java:93)\n\tat org.junit.platform.launcher.core.EngineExecutionOrchestrator.lambda$execute$0(EngineExecutionOrchestrator.java:58)\n\tat org.junit.platform.launcher.core.EngineExecutionOrchestrator.withInterceptedStreams(EngineExecutionOrchestrator.java:141)\n\tat org.junit.platform.launcher.core.EngineExecutionOrchestrator.execute(EngineExecutionOrchestrator.java:57)\n\tat org.junit.platform.launcher.core.DefaultLauncher.execute(DefaultLauncher.java:103)\n\tat org.junit.platform.launcher.core.DefaultLauncher.execute(DefaultLauncher.java:85)\n\tat org.junit.platform.launcher.core.DelegatingLauncher.execute(DelegatingLauncher.java:47)\n\tat org.gradle.api.internal.tasks.testing.junitplatform.JUnitPlatformTestClassProcessor$CollectAllTestClassesExecutor.processAllTestClasses(JUnitPlatformTestClassProcessor.java:124)\n\tat org.gradle.api.internal.tasks.testing.junitplatform.JUnitPlatformTestClassProcessor$CollectAllTestClassesExecutor.access$000(JUnitPlatformTestClassProcessor.java:99)\n\tat org.gradle.api.internal.tasks.testing.junitplatform.JUnitPlatformTestClassProcessor.stop(JUnitPlatformTestClassProcessor.java:94)\n\tat org.gradle.api.internal.tasks.testing.SuiteTestClassProcessor.stop(SuiteTestClassProcessor.java:63)\n\tat java.base/jdk.internal.reflect.NativeMethodAccessorImpl.invoke0(Native Method)\n\tat java.base/jdk.internal.reflect.NativeMethodAccessorImpl.invoke(NativeMethodAccessorImpl.java:77)\n\tat java.base/jdk.internal.reflect.DelegatingMethodAccessorImpl.invoke(DelegatingMethodAccessorImpl.java:43)\n\tat java.base/java.lang.reflect.Method.invoke(Method.java:569)\n\tat org.gradle.internal.dispatch.ReflectionDispatch.dispatch(ReflectionDispatch.java:36)\n\tat org.gradle.internal.dispatch.ReflectionDispatch.dispatch(ReflectionDispatch.java:24)\n\tat org.gradle.internal.dispatch.ContextClassLoaderDispatch.dispatch(ContextClassLoaderDispatch.java:33)\n\tat org.gradle.internal.dispatch.ProxyDispatchAdapter$DispatchingInvocationHandler.invoke(ProxyDispatchAdapter.java:92)\n\tat jdk.proxy1/jdk.proxy1.$Proxy4.stop(Unknown Source)\n\tat org.gradle.api.internal.tasks.testing.worker.TestWorker$3.run(TestWorker.java:200)\n\tat org.gradle.api.internal.tasks.testing.worker.TestWorker.executeAndMaintainThreadName(TestWorker.java:132)\n\tat org.gradle.api.internal.tasks.testing.worker.TestWorker.execute(TestWorker.java:103)\n\tat org.gradle.api.internal.tasks.testing.worker.TestWorker.execute(TestWorker.java:63)\n\tat org.gradle.process.internal.worker.child.ActionExecutionWorker.execute(ActionExecutionWorker.java:56)\n\tat org.gradle.process.internal.worker.child.SystemApplicationClassLoaderWorker.call(SystemApplicationClassLoaderWorker.java:121)\n\tat org.gradle.process.internal.worker.child.SystemApplicationClassLoaderWorker.call(SystemApplicationClassLoaderWorker.java:71)\n\tat worker.org.gradle.process.internal.worker.GradleWorkerMain.run(GradleWorkerMain.java:69)\n\tat worker.org.gradle.process.internal.worker.GradleWorkerMain.main(GradleWorkerMain.java:74)\nCaused by: org.openqa.selenium.NoSuchElementException: Cannot locate an element [class*='switcher_tab-label'].findBy(text \"Большая\")\nFor documentation on this error, please visit: https://www.selenium.dev/documentation/webdriver/troubleshooting/errors#nosuchelementexception\nBuild info: version: '4.39.0', revision: '126f156aee'\nSystem info: os.name: 'Linux', os.arch: 'amd64', os.version: '6.14.0-1017-azure', java.version: '17.0.18'\nDriver info: driver.version: unknown\n\tat com.codeborne.selenide.impl.CollectionElementByCondition.getWebElement(CollectionElementByCondition.java:46)\n\tat com.codeborne.selenide.impl.WebElementSource.checkConditionAndReturnElement(WebElementSource.java:112)\n\t... 99 more\n","steps":[{"name":"$(\"[class*='switcher_tab-label'].findBy(text \"Большая\")\") should be(visible)","time":{"start":1771190475740,"stop":1771190481393,"duration":5653},"status":"failed","statusMessage":"Element not found {[class*='switcher_tab-label'].findBy(text \"Большая\")}\nExpected: visible\nScreenshot: file:/home/runner/work/pizzafabrika-test-improved/pizzafabrika-test-improved/build/reports/tests/1771190479839.0.png\nPage source: file:/home/runner/work/pizzafabrika-test-improved/pizzafabrika-test-improved/build/reports/tests/1771190479839.0.html\nTimeout: 4 s.\nCaused by: NoSuchElementException: Cannot locate an element [class*='switcher_tab-label'].findBy(text \"Большая\")","statusTrace":"Element not found {[class*='switcher_tab-label'].findBy(text \"Большая\")}\nExpected: visible\nScreenshot: file:/home/runner/work/pizzafabrika-test-improved/pizzafabrika-test-improved/build/reports/tests/1771190479839.0.png\nPage source: file:/home/runner/work/pizzafabrika-test-improved/pizzafabrika-test-improved/build/reports/tests/1771190479839.0.html\nTimeout: 4 s.\nCaused by: NoSuchElementException: Cannot locate an element [class*='switcher_tab-label'].findBy(text \"Большая\")\n\tat com.codeborne.selenide.impl.WebElementSource.createElementNotFoundError(WebElementSource.java:89)\n\tat com.codeborne.selenide.impl.WebElementSource.handleError(WebElementSource.java:140)\n\tat com.codeborne.selenide.impl.WebElementSource.checkConditionAndReturnElement(WebElementSource.java:123)\n\tat com.codeborne.selenide.impl.WebElementSource.checkCondition(WebElementSource.java:99)\n\tat com.codeborne.selenide.commands.Should.execute(Should.java:24)\n\tat com.codeborne.selenide.FluentCommand.execute(FluentCommand.java:27)\n\tat com.codeborne.selenide.FluentCommand.execute(FluentCommand.java:19)\n\tat com.codeborne.selenide.commands.Commands.execute(Commands.java:161)\n\tat com.codeborne.selenide.impl.SelenideElementProxy.dispatchAndRetry(SelenideElementProxy.java:137)\n\tat com.codeborne.selenide.impl.SelenideElementProxy.invoke(SelenideElementProxy.java:89)\n\tat jdk.proxy3/jdk.proxy3.$Proxy14.shouldBe(Unknown Source)\n\tat ui_pages.CatalogPage.selectLargePizza(CatalogPage.java:48)\n\tat tests_ui.AddToCartTest.addPizzaToCartTest(AddToCartTest.java:20)\n\tat java.base/jdk.internal.reflect.NativeMethodAccessorImpl.invoke0(Native Method)\n\tat java.base/jdk.internal.reflect.NativeMethodAccessorImpl.invoke(NativeMethodAccessorImpl.java:77)\n\tat java.base/jdk.internal.reflect.DelegatingMethodAccessorImpl.invoke(DelegatingMethodAccessorImpl.java:43)\n\tat java.base/java.lang.reflect.Method.invoke(Method.java:569)\n\tat org.junit.platform.commons.util.ReflectionUtils.invokeMethod(ReflectionUtils.java:728)\n\tat org.junit.jupiter.engine.execution.MethodInvocation.proceed(MethodInvocation.java:60)\n\tat org.junit.jupiter.engine.execution.InvocationInterceptorChain$ValidatingInvocation.proceed(InvocationInterceptorChain.java:131)\n\tat org.junit.jupiter.api.extension.InvocationInterceptor.interceptTestMethod(InvocationInterceptor.java:119)\n\tat org.junit.jupiter.engine.execution.InterceptingExecutableInvoker$ReflectiveInterceptorCall.lambda$ofVoidMethod$0(InterceptingExecutableInvoker.java:103)\n\tat org.junit.jupiter.engine.execution.InterceptingExecutableInvoker.lambda$invoke$0(InterceptingExecutableInvoker.java:93)\n\tat org.junit.jupiter.engine.execution.InvocationInterceptorChain$InterceptedInvocation.proceed(InvocationInterceptorChain.java:106)\n\tat org.junit.jupiter.engine.extension.TimeoutExtension.intercept(TimeoutExtension.java:156)\n\tat org.junit.jupiter.engine.extension.TimeoutExtension.interceptTestableMethod(TimeoutExtension.java:147)\n\tat org.junit.jupiter.engine.extension.TimeoutExtension.interceptTestMethod(TimeoutExtension.java:86)\n\tat org.junit.jupiter.engine.execution.InterceptingExecutableInvoker$ReflectiveInterceptorCall.lambda$ofVoidMethod$0(InterceptingExecutableInvoker.java:103)\n\tat org.junit.jupiter.engine.execution.InterceptingExecutableInvoker.lambda$invoke$0(InterceptingExecutableInvoker.java:93)\n\tat org.junit.jupiter.engine.execution.InvocationInterceptorChain$InterceptedInvocation.proceed(InvocationInterceptorChain.java:106)\n\tat org.junit.jupiter.engine.execution.InvocationInterceptorChain.proceed(InvocationInterceptorChain.java:64)\n\tat org.junit.jupiter.engine.execution.InvocationInterceptorChain.chainAndInvoke(InvocationInterceptorChain.java:45)\n\tat org.junit.jupiter.engine.execution.InvocationInterceptorChain.invoke(InvocationInterceptorChain.java:37)\n\tat org.junit.jupiter.engine.execution.InterceptingExecutableInvoker.invoke(InterceptingExecutableInvoker.java:92)\n\tat org.junit.jupiter.engine.execution.InterceptingExecutableInvoker.invoke(InterceptingExecutableInvoker.java:86)\n\tat org.junit.jupiter.engine.descriptor.TestMethodTestDescriptor.lambda$invokeTestMethod$7(TestMethodTestDescriptor.java:218)\n\tat org.junit.platform.engine.support.hierarchical.ThrowableCollector.execute(ThrowableCollector.java:73)\n\tat org.junit.jupiter.engine.descriptor.TestMethodTestDescriptor.invokeTestMethod(TestMethodTestDescriptor.java:214)\n\tat org.junit.jupiter.engine.descriptor.TestMethodTestDescriptor.execute(TestMethodTestDescriptor.java:139)\n\tat org.junit.jupiter.engine.descriptor.TestMethodTestDescriptor.execute(TestMethodTestDescriptor.java:69)\n\tat org.junit.platform.engine.support.hierarchical.NodeTestTask.lambda$executeRecursively$6(NodeTestTask.java:151)\n\tat org.junit.platform.engine.support.hierarchical.ThrowableCollector.execute(ThrowableCollector.java:73)\n\tat org.junit.platform.engine.support.hierarchical.NodeTestTask.lambda$executeRecursively$8(NodeTestTask.java:141)\n\tat org.junit.platform.engine.support.hierarchical.Node.around(Node.java:137)\n\tat org.junit.platform.engine.support.hierarchical.NodeTestTask.lambda$executeRecursively$9(NodeTestTask.java:139)\n\tat org.junit.platform.engine.support.hierarchical.ThrowableCollector.execute(ThrowableCollector.java:73)\n\tat org.junit.platform.engine.support.hierarchical.NodeTestTask.executeRecursively(NodeTestTask.java:138)\n\tat org.junit.platform.engine.support.hierarchical.NodeTestTask.execute(NodeTestTask.java:95)\n\tat java.base/java.util.ArrayList.forEach(ArrayList.java:1511)\n\tat org.junit.platform.engine.support.hierarchical.SameThreadHierarchicalTestExecutorService.invokeAll(SameThreadHierarchicalTestExecutorService.java:41)\n\tat org.junit.platform.engine.support.hierarchical.NodeTestTask.lambda$executeRecursively$6(NodeTestTask.java:155)\n\tat org.junit.platform.engine.support.hierarchical.ThrowableCollector.execute(ThrowableCollector.java:73)\n\tat org.junit.platform.engine.support.hierarchical.NodeTestTask.lambda$executeRecursively$8(NodeTestTask.java:141)\n\tat org.junit.platform.engine.support.hierarchical.Node.around(Node.java:137)\n\tat org.junit.platform.engine.support.hierarchical.NodeTestTask.lambda$executeRecursively$9(NodeTestTask.java:139)\n\tat org.junit.platform.engine.support.hierarchical.ThrowableCollector.execute(ThrowableCollector.java:73)\n\tat org.junit.platform.engine.support.hierarchical.NodeTestTask.executeRecursively(NodeTestTask.java:138)\n\tat org.junit.platform.engine.support.hierarchical.NodeTestTask.execute(NodeTestTask.java:95)\n\tat java.base/java.util.ArrayList.forEach(ArrayList.java:1511)\n\tat org.junit.platform.engine.support.hierarchical.SameThreadHierarchicalTestExecutorService.invokeAll(SameThreadHierarchicalTestExecutorService.java:41)\n\tat org.junit.platform.engine.support.hierarchical.NodeTestTask.lambda$executeRecursively$6(NodeTestTask.java:155)\n\tat org.junit.platform.engine.support.hierarchical.ThrowableCollector.execute(ThrowableCollector.java:73)\n\tat org.junit.platform.engine.support.hierarchical.NodeTestTask.lambda$executeRecursively$8(NodeTestTask.java:141)\n\tat org.junit.platform.engine.support.hierarchical.Node.around(Node.java:137)\n\tat org.junit.platform.engine.support.hierarchical.NodeTestTask.lambda$executeRecursively$9(NodeTestTask.java:139)\n\tat org.junit.platform.engine.support.hierarchical.ThrowableCollector.execute(ThrowableCollector.java:73)\n\tat org.junit.platform.engine.support.hierarchical.NodeTestTask.executeRecursively(NodeTestTask.java:138)\n\tat org.junit.platform.engine.support.hierarchical.NodeTestTask.execute(NodeTestTask.java:95)\n\tat org.junit.platform.engine.support.hierarchical.SameThreadHierarchicalTestExecutorService.submit(SameThreadHierarchicalTestExecutorService.java:35)\n\tat org.junit.platform.engine.support.hierarchical.HierarchicalTestExecutor.execute(HierarchicalTestExecutor.java:57)\n\tat org.junit.platform.engine.support.hierarchical.HierarchicalTestEngine.execute(HierarchicalTestEngine.java:54)\n\tat org.junit.platform.launcher.core.EngineExecutionOrchestrator.execute(EngineExecutionOrchestrator.java:198)\n\tat org.junit.platform.launcher.core.EngineExecutionOrchestrator.execute(EngineExecutionOrchestrator.java:169)\n\tat org.junit.platform.launcher.core.EngineExecutionOrchestrator.execute(EngineExecutionOrchestrator.java:93)\n\tat org.junit.platform.launcher.core.EngineExecutionOrchestrator.lambda$execute$0(EngineExecutionOrchestrator.java:58)\n\tat org.junit.platform.launcher.core.EngineExecutionOrchestrator.withInterceptedStreams(EngineExecutionOrchestrator.java:141)\n\tat org.junit.platform.launcher.core.EngineExecutionOrchestrator.execute(EngineExecutionOrchestrator.java:57)\n\tat org.junit.platform.launcher.core.DefaultLauncher.execute(DefaultLauncher.java:103)\n\tat org.junit.platform.launcher.core.DefaultLauncher.execute(DefaultLauncher.java:85)\n\tat org.junit.platform.launcher.core.DelegatingLauncher.execute(DelegatingLauncher.java:47)\n\tat org.gradle.api.internal.tasks.testing.junitplatform.JUnitPlatformTestClassProcessor$CollectAllTestClassesExecutor.processAllTestClasses(JUnitPlatformTestClassProcessor.java:124)\n\tat org.gradle.api.internal.tasks.testing.junitplatform.JUnitPlatformTestClassProcessor$CollectAllTestClassesExecutor.access$000(JUnitPlatformTestClassProcessor.java:99)\n\tat org.gradle.api.internal.tasks.testing.junitplatform.JUnitPlatformTestClassProcessor.stop(JUnitPlatformTestClassProcessor.java:94)\n\tat org.gradle.api.internal.tasks.testing.SuiteTestClassProcessor.stop(SuiteTestClassProcessor.java:63)\n\tat java.base/jdk.internal.reflect.NativeMethodAccessorImpl.invoke0(Native Method)\n\tat java.base/jdk.internal.reflect.NativeMethodAccessorImpl.invoke(NativeMethodAccessorImpl.java:77)\n\tat java.base/jdk.internal.reflect.DelegatingMethodAccessorImpl.invoke(DelegatingMethodAccessorImpl.java:43)\n\tat java.base/java.lang.reflect.Method.invoke(Method.java:569)\n\tat org.gradle.internal.dispatch.ReflectionDispatch.dispatch(ReflectionDispatch.java:36)\n\tat org.gradle.internal.dispatch.ReflectionDispatch.dispatch(ReflectionDispatch.java:24)\n\tat org.gradle.internal.dispatch.ContextClassLoaderDispatch.dispatch(ContextClassLoaderDispatch.java:33)\n\tat org.gradle.internal.dispatch.ProxyDispatchAdapter$DispatchingInvocationHandler.invoke(ProxyDispatchAdapter.java:92)\n\tat jdk.proxy1/jdk.proxy1.$Proxy4.stop(Unknown Source)\n\tat org.gradle.api.internal.tasks.testing.worker.TestWorker$3.run(TestWorker.java:200)\n\tat org.gradle.api.internal.tasks.testing.worker.TestWorker.executeAndMaintainThreadName(TestWorker.java:132)\n\tat org.gradle.api.internal.tasks.testing.worker.TestWorker.execute(TestWorker.java:103)\n\tat org.gradle.api.internal.tasks.testing.worker.TestWorker.execute(TestWorker.java:63)\n\tat org.gradle.process.internal.worker.child.ActionExecutionWorker.execute(ActionExecutionWorker.java:56)\n\tat org.gradle.process.internal.worker.child.SystemApplicationClassLoaderWorker.call(SystemApplicationClassLoaderWorker.java:121)\n\tat org.gradle.process.internal.worker.child.SystemApplicationClassLoaderWorker.call(SystemApplicationClassLoaderWorker.java:71)\n\tat worker.org.gradle.process.internal.worker.GradleWorkerMain.run(GradleWorkerMain.java:69)\n\tat worker.org.gradle.process.internal.worker.GradleWorkerMain.main(GradleWorkerMain.java:74)\nCaused by: org.openqa.selenium.NoSuchElementException: Cannot locate an element [class*='switcher_tab-label'].findBy(text \"Большая\")\nFor documentation on this error, please visit: https://www.selenium.dev/documentation/webdriver/troubleshooting/errors#nosuchelementexception\nBuild info: version: '4.39.0', revision: '126f156aee'\nSystem info: os.name: 'Linux', os.arch: 'amd64', os.version: '6.14.0-1017-azure', java.version: '17.0.18'\nDriver info: driver.version: unknown\n\tat com.codeborne.selenide.impl.CollectionElementByCondition.getWebElement(CollectionElementByCondition.java:46)\n\tat com.codeborne.selenide.impl.WebElementSource.checkConditionAndReturnElement(WebElementSource.java:112)\n\t... 99 more\n","steps":[],"attachments":[{"uid":"5715b7427ca17b47","name":"Screenshot","source":"5715b7427ca17b47.png","type":"image/png","size":1113398},{"uid":"fafb27c4ea914068","name":"Page source","source":"fafb27c4ea914068.html","type":"text/html","size":2642839}],"parameters":[],"stepsCount":0,"shouldDisplayMessage":true,"attachmentsCount":2,"hasContent":true,"attachmentStep":false}],"attachments":[],"parameters":[{"name":"largeSizeText","value":"Большая"}],"stepsCount":1,"shouldDisplayMessage":false,"attachmentsCount":2,"hasContent":true,"attachmentStep":false}],"attachments":[],"parameters":[],"stepsCount":10,"shouldDisplayMessage":false,"attachmentsCount":2,"hasContent":true,"attachmentStep":false},"afterStages":[],"labels":[{"name":"junit.platform.uniqueid","value":"[engine:junit-jupiter]/[class:tests_ui.AddToCartTest]/[method:addPizzaToCartTest()]"},{"name":"host","value":"runnervmjduv7"},{"name":"thread","value":"2465@runnervmjduv7.Test worker(1)"},{"name":"framework","value":"junit-platform"},{"name":"language","value":"java"},{"name":"package","value":"tests_ui.AddToCartTest"},{"name":"testClass","value":"tests_ui.AddToCartTest"},{"name":"testMethod","value":"addPizzaToCartTest"},{"name":"suite","value":"tests_ui.AddToCartTest"},{"name":"resultFormat","value":"allure2"}],"parameters":[],"links":[],"hidden":false,"retry":false,"extra":{"severity":"normal","retries":[],"categories":[{"name":"Product defects","matchedStatuses":[],"flaky":false}],"history":{"statistic":{"failed":8,"broken":1,"skipped":0,"passed":0,"unknown":0,"total":9},"items":[{"uid":"8f6434dc26a7eac","reportUrl":"https://GermanMalykh.github.io/pizzafabrika-test-improved/11/#testresult/8f6434dc26a7eac","status":"failed","statusDetails":"Element not found {[class*='switcher_tab-label'].findBy(text \"Большая\")}\nExpected: visible\nScreenshot: file:/home/runner/work/pizzafabrika-test-improved/pizzafabrika-test-improved/build/reports/tests/1771180246516.0.png\nPage source: file:/home/runner/work/pizzafabrika-test-improved/pizzafabrika-test-improved/build/reports/tests/1771180246516.0.html\nTimeout: 4 s.\nCaused by: NoSuchElementException: Cannot locate an element [class*='switcher_tab-label'].findBy(text \"Большая\")","time":{"start":1771180231155,"stop":1771180248332,"duration":17177}},{"uid":"452397c862674d9","reportUrl":"https://GermanMalykh.github.io/pizzafabrika-test-improved/9/#testresult/452397c862674d9","status":"failed","statusDetails":"Invalid element state [[class*='switcher_tab-label'].findBy(text \"Средняя\")]: element click intercepted: Element <span class=\"switcher_tab-label__Ubdnl\">...</span> is not clickable at point (11, 321). Other element would receive the click: <div class=\"product-slider-content_desktop_embla__slide__PKRv9 product-slider-content_desktop_clickable__mKkka\" role=\"button\" tabindex=\"0\">...</div>\nScreenshot: file:/home/runner/work/pizzafabrika-test-improved/pizzafabrika-test-improved/build/reports/tests/1771173579571.0.png\nPage source: file:/home/runner/work/pizzafabrika-test-improved/pizzafabrika-test-improved/build/reports/tests/1771173579571.0.html\nTimeout: 4 s.\nCaused by: ElementClickInterceptedException: element click intercepted: Element <span class=\"switcher_tab-label__Ubdnl\">...</span> is not clickable at point (11, 321). Other element would receive the click: <div class=\"product-slider-content_desktop_embla__slide__PKRv9 product-slider-content_desktop_clickable__mKkka\" role=\"button\" tabindex=\"0\">...</div>","time":{"start":1771173549141,"stop":1771173581244,"duration":32103}},{"uid":"a5c2616293ae4926","reportUrl":"https://GermanMalykh.github.io/pizzafabrika-test-improved/8/#testresult/a5c2616293ae4926","status":"failed","statusDetails":"Element not found {[class*='switcher_tab-label'].findBy(text \"Большая\")}\nExpected: visible\nScreenshot: file:/home/runner/work/pizzafabrika-test-improved/pizzafabrika-test-improved/build/reports/tests/1771172994081.0.png\nPage source: file:/home/runner/work/pizzafabrika-test-improved/pizzafabrika-test-improved/build/reports/tests/1771172994081.0.html\nTimeout: 4 s.\nCaused by: NoSuchElementException: Cannot locate an element [class*='switcher_tab-label'].findBy(text \"Большая\")","time":{"start":1771172979668,"stop":1771172995963,"duration":16295}},{"uid":"97bf1546e8b6a405","reportUrl":"https://GermanMalykh.github.io/pizzafabrika-test-improved/7/#testresult/97bf1546e8b6a405","status":"failed","statusDetails":"Invalid element state [[class*='switcher_tab-label'].findBy(text \"Средняя\")]: element click intercepted: Element <span class=\"switcher_tab-label__Ubdnl\">...</span> is not clickable at point (11, 321). Other element would receive the click: <div class=\"product-slider-content_desktop_embla__slide__PKRv9 product-slider-content_desktop_clickable__mKkka\" role=\"button\" tabindex=\"0\">...</div>\nScreenshot: file:/home/runner/work/pizzafabrika-test-improved/pizzafabrika-test-improved/build/reports/tests/1771172769742.0.png\nPage source: file:/home/runner/work/pizzafabrika-test-improved/pizzafabrika-test-improved/build/reports/tests/1771172769742.0.html\nTimeout: 4 s.\nCaused by: ElementClickInterceptedException: element click intercepted: Element <span class=\"switcher_tab-label__Ubdnl\">...</span> is not clickable at point (11, 321). Other element would receive the click: <div class=\"product-slider-content_desktop_embla__slide__PKRv9 product-slider-content_desktop_clickable__mKkka\" role=\"button\" tabindex=\"0\">...</div>","time":{"start":1771172747296,"stop":1771172771203,"duration":23907}},{"uid":"765423378aa12f84","reportUrl":"https://GermanMalykh.github.io/pizzafabrika-test-improved/6/#testresult/765423378aa12f84","status":"failed","statusDetails":"Invalid element state [[class*='switcher_tab-label'].findBy(text \"Средняя\")]: element click intercepted: Element <span class=\"switcher_tab-label__Ubdnl\">...</span> is not clickable at point (11, 321). Other element would receive the click: <div class=\"product-slider-content_desktop_embla__slide__PKRv9 product-slider-content_desktop_clickable__mKkka\" role=\"button\" tabindex=\"0\">...</div>\nScreenshot: file:/home/runner/work/pizzafabrika-test-improved/pizzafabrika-test-improved/build/reports/tests/1771172766300.0.png\nPage source: file:/home/runner/work/pizzafabrika-test-improved/pizzafabrika-test-improved/build/reports/tests/1771172766300.0.html\nTimeout: 4 s.\nCaused by: ElementClickInterceptedException: element click intercepted: Element <span class=\"switcher_tab-label__Ubdnl\">...</span> is not clickable at point (11, 321). Other element would receive the click: <div class=\"product-slider-content_desktop_embla__slide__PKRv9 product-slider-content_desktop_clickable__mKkka\" role=\"button\" tabindex=\"0\">...</div>","time":{"start":1771172746303,"stop":1771172767701,"duration":21398}},{"uid":"947fd9bf0456c8f5","reportUrl":"https://GermanMalykh.github.io/pizzafabrika-test-improved/5/#testresult/947fd9bf0456c8f5","status":"failed","statusDetails":"Invalid element state [[class*='switcher_tab-label'].findBy(text \"Средняя\")]: element click intercepted: Element <span class=\"switcher_tab-label__Ubdnl\">...</span> is not clickable at point (11, 321). Other element would receive the click: <div class=\"product-slider-content_desktop_embla__slide__PKRv9 product-slider-content_desktop_clickable__mKkka\" role=\"button\" tabindex=\"0\">...</div>\nScreenshot: file:/home/runner/work/pizzafabrika-test-improved/pizzafabrika-test-improved/build/reports/tests/1771171379800.0.png\nPage source: file:/home/runner/work/pizzafabrika-test-improved/pizzafabrika-test-improved/build/reports/tests/1771171379800.0.html\nTimeout: 4 s.\nCaused by: ElementClickInterceptedException: element click intercepted: Element <span class=\"switcher_tab-label__Ubdnl\">...</span> is not clickable at point (11, 321). Other element would receive the click: <div class=\"product-slider-content_desktop_embla__slide__PKRv9 product-slider-content_desktop_clickable__mKkka\" role=\"button\" tabindex=\"0\">...</div>","time":{"start":1771171358293,"stop":1771171381409,"duration":23116}},{"uid":"1daecbeb2a36e99b","reportUrl":"https://GermanMalykh.github.io/pizzafabrika-test-improved/4/#testresult/1daecbeb2a36e99b","status":"failed","statusDetails":"Element not found {[class*='switcher_tab-label'].findBy(text \"Большая\")}\nExpected: visible\nScreenshot: file:/home/runner/work/pizzafabrika-test-improved/pizzafabrika-test-improved/build/reports/tests/1771171077750.0.png\nPage source: file:/home/runner/work/pizzafabrika-test-improved/pizzafabrika-test-improved/build/reports/tests/1771171077750.0.html\nTimeout: 4 s.\nCaused by: NoSuchElementException: Cannot locate an element [class*='switcher_tab-label'].findBy(text \"Большая\")","time":{"start":1771171057993,"stop":1771171079353,"duration":21360}},{"uid":"17df64c965c7ad5b","reportUrl":"https://GermanMalykh.github.io/pizzafabrika-test-improved/3/#testresult/17df64c965c7ad5b","status":"broken","statusDetails":"Could not start a new session. Response code 500. Message: session not created: DevToolsActivePort file doesn't exist \nHost info: host: 'runnervmjduv7', ip: '10.1.0.114'\nBuild info: version: '4.39.0', revision: '126f156aee'\nSystem info: os.name: 'Linux', os.arch: 'amd64', os.version: '6.14.0-1017-azure', java.version: '17.0.18'\nDriver info: org.openqa.selenium.chrome.ChromeDriver\nCommand: [null, newSession {capabilities=[Capabilities {acceptInsecureCerts: true, browserName: chrome, goog:chromeOptions: {args: [--headless=new, --proxy-bypass-list=<-loopb..., --disable-dev-shm-usage, --disable-search-engine-cho..., --unsafely-disable-devtools..., --disable-smooth-scrolling, --no-sandbox, --disable-gpu, --disable-background-networ..., --enable-features=NetworkSe..., --disable-background-timer-..., --disable-backgrounding-occ..., --disable-breakpad, --disable-client-side-phish..., --disable-component-extensi..., --disable-default-apps, --disable-features=TranslateUI, --disable-hang-monitor, --disable-ipc-flooding-prot..., --disable-popup-blocking, --disable-prompt-on-repost, --disable-renderer-backgrou..., --disable-sync, --force-color-profile=srgb, --metrics-recording-only, --no-first-run, --password-store=basic, --use-mock-keychain, --hide-scrollbars, --mute-audio, --window-size=1920,1080], binary: /usr/bin/google-chrome, excludeSwitches: [enable-automation, load-extension], extensions: [], prefs: {autofill.credit_card_enabled: false, autofill.profile_enabled: false, credentials_enable_service: false, download.default_directory: /home/runner/work/pizzafabr..., plugins.always_open_pdf_externally: true, profile.default_content_setting_values.automatic_downloads: 1, profile.password_manager_enabled: false, profile.password_manager_leak_detection: false, safebrowsing.enabled: true}}, pageLoadStrategy: eager, unhandledPromptBehavior: accept}]}]\nselenide.url: https://pizzafabrika.ru/vologda\nselenide.baseUrl: https://pizzafabrika.ru","time":{"start":1771168740981,"stop":1771168802510,"duration":61529}}]},"tags":[]},"source":"7a0c2ed86740f867.json","parameterValues":[]}